<?xml version="1.0" encoding="UTF-8" ?>
<testsuite tests="1" failures="0" name="MenuCliTest" time="6.428" errors="1" skipped="0">
  <properties>
[...]
</properties>
  <testcase classname="MenuCliTest" name="testDeleteMenuCommandLine" time="6.428">
    <error message="Could not find a valid Docker environment. Please see logs and check configuration" type="java.lang.IllegalStateException">java.lang.IllegalStateException: Could not find a valid Docker environment. Please see logs and check configuration
	at org.testcontainers.dockerclient.DockerClientProviderStrategy.lambda$getFirstValidStrategy$4(DockerClientProviderStrategy.java:156)
	at java.base/java.util.Optional.orElseThrow(Optional.java:408)
	at org.testcontainers.dockerclient.DockerClientProviderStrategy.getFirstValidStrategy(DockerClientProviderStrategy.java:148)
	at org.testcontainers.DockerClientFactory.getOrInitializeStrategy(DockerClientFactory.java:146)
	at org.testcontainers.DockerClientFactory.client(DockerClientFactory.java:188)
	at org.testcontainers.DockerClientFactory$1.getDockerClient(DockerClientFactory.java:101)
	at com.github.dockerjava.api.DockerClientDelegate.authConfig(DockerClientDelegate.java:107)
	at org.testcontainers.containers.GenericContainer.start(GenericContainer.java:316)
	at org.testcontainers.containers.GenericContainer.starting(GenericContainer.java:1066)
	at org.testcontainers.containers.FailureDetectingExternalResource$1.evaluate(FailureDetectingExternalResource.java:29)
	at org.junit.rules.RunRules.evaluate(RunRules.java:20)
	at org.junit.runners.ParentRunner.runLeaf(ParentRunner.java:325)
	at org.junit.runners.BlockJUnit4ClassRunner.runChild(BlockJUnit4ClassRunner.java:78)
	at org.junit.runners.BlockJUnit4ClassRunner.runChild(BlockJUnit4ClassRunner.java:57)
	at org.junit.runners.ParentRunner$3.run(ParentRunner.java:290)
	at org.junit.runners.ParentRunner$1.schedule(ParentRunner.java:71)
	at org.junit.runners.ParentRunner.runChildren(ParentRunner.java:288)
	at org.junit.runners.ParentRunner.access$000(ParentRunner.java:58)
	at org.junit.runners.ParentRunner$2.evaluate(ParentRunner.java:268)
	at org.junit.runners.ParentRunner.run(ParentRunner.java:363)
	at org.apache.maven.surefire.junit4.JUnit4Provider.execute(JUnit4Provider.java:252)
	at org.apache.maven.surefire.junit4.JUnit4Provider.executeTestSet(JUnit4Provider.java:141)
	at org.apache.maven.surefire.junit4.JUnit4Provider.invoke(JUnit4Provider.java:112)
	at java.base/jdk.internal.reflect.NativeMethodAccessorImpl.invoke0(Native Method)
	at java.base/jdk.internal.reflect.NativeMethodAccessorImpl.invoke(NativeMethodAccessorImpl.java:62)
	at java.base/jdk.internal.reflect.DelegatingMethodAccessorImpl.invoke(DelegatingMethodAccessorImpl.java:43)
	at java.base/java.lang.reflect.Method.invoke(Method.java:566)
	at org.apache.maven.surefire.util.ReflectionUtils.invokeMethodWithArray(ReflectionUtils.java:189)
	at org.apache.maven.surefire.booter.ProviderFactory$ProviderProxy.invoke(ProviderFactory.java:165)
	at org.apache.maven.surefire.booter.ProviderFactory.invokeProvider(ProviderFactory.java:85)
	at org.apache.maven.surefire.booter.ForkedBooter.runSuitesInProcess(ForkedBooter.java:115)
	at org.apache.maven.surefire.booter.ForkedBooter.main(ForkedBooter.java:75)
</error>
    <system-out>20:18:47.189 [main] DEBUG o.t.u.TestcontainersConfiguration - Testcontainers configuration overrides will be loaded from file:/home/axelle/.testcontainers.properties
20:18:47.290 [main] WARN  o.t.u.TestcontainersConfiguration - Attempted to read Testcontainers configuration file at file:/home/axelle/.testcontainers.properties but the file was not found. Exception message: FileNotFoundException: /home/axelle/.testcontainers.properties (No such file or directory)
20:18:47.459 [main] DEBUG o.t.d.RootlessDockerClientProviderStrategy - $XDG_RUNTIME_DIR is set but &apos;/run/user/1000/docker.sock&apos; does not exist.
20:18:47.473 [main] DEBUG o.t.d.RootlessDockerClientProviderStrategy - &apos;/home/axelle/.docker/run&apos; does not exist.
20:18:47.864 [main] DEBUG o.t.d.RootlessDockerClientProviderStrategy - &apos;/run/user/1000/docker.sock&apos; does not exist.
20:18:47.867 [main] DEBUG o.t.d.DockerClientProviderStrategy - Trying out strategy: UnixSocketClientProviderStrategy
20:18:48.488 [ducttape-0] DEBUG o.t.d.DockerClientProviderStrategy - Pinging docker daemon...
20:18:48.584 [ducttape-0] DEBUG o.t.s.c.g.d.c.command.AbstrDockerCmd - Cmd: 
20:18:48.664 [ducttape-0] DEBUG c.g.d.z.s.o.a.h.c.h.i.c.InternalHttpClient - ex-00000001: preparing request execution
20:18:48.678 [ducttape-0] DEBUG c.g.d.z.s.o.a.h.c.h.p.RequestAddCookies - Cookie spec selected: strict
20:18:48.708 [ducttape-0] DEBUG c.g.d.z.s.o.a.h.c.h.p.RequestAuthCache - Auth cache not set in the context
20:18:48.710 [ducttape-0] DEBUG c.g.d.z.s.o.a.h.c.h.i.c.ProtocolExec - ex-00000001: target auth state: UNCHALLENGED
20:18:48.711 [ducttape-0] DEBUG c.g.d.z.s.o.a.h.c.h.i.c.ProtocolExec - ex-00000001: proxy auth state: UNCHALLENGED
20:18:48.713 [ducttape-0] DEBUG c.g.d.z.s.o.a.h.c.h.i.c.ConnectExec - ex-00000001: acquiring connection with route {}-&gt;unix://localhost:2375
20:18:48.714 [ducttape-0] DEBUG c.g.d.z.s.o.a.h.c.h.i.c.InternalHttpClient - ex-00000001: acquiring endpoint (3 MINUTES)
20:18:48.726 [ducttape-0] DEBUG c.g.d.z.s.o.a.h.c.h.i.i.PoolingHttpClientConnectionManager - ex-00000001: endpoint lease request (3 MINUTES) [route: {}-&gt;unix://localhost:2375][total available: 0; route allocated: 0 of 2147483647; total allocated: 0 of 2147483647]
20:18:48.732 [ducttape-0] DEBUG c.g.d.z.s.o.a.h.c.h.i.i.PoolingHttpClientConnectionManager - ex-00000001: endpoint leased [route: {}-&gt;unix://localhost:2375][total available: 0; route allocated: 1 of 2147483647; total allocated: 1 of 2147483647]
20:18:48.784 [ducttape-0] DEBUG c.g.d.z.s.o.a.h.c.h.i.i.PoolingHttpClientConnectionManager - ex-00000001: acquired ep-00000000
20:18:48.785 [ducttape-0] DEBUG c.g.d.z.s.o.a.h.c.h.i.c.InternalHttpClient - ex-00000001: acquired endpoint ep-00000000
20:18:48.785 [ducttape-0] DEBUG c.g.d.z.s.o.a.h.c.h.i.c.ConnectExec - ex-00000001: opening connection {}-&gt;unix://localhost:2375
20:18:48.788 [ducttape-0] DEBUG c.g.d.z.s.o.a.h.c.h.i.c.InternalHttpClient - ep-00000000: connecting endpoint (3 MINUTES)
20:18:48.798 [ducttape-0] DEBUG c.g.d.z.s.o.a.h.c.h.i.i.PoolingHttpClientConnectionManager - ep-00000000: connecting endpoint to unix://localhost:2375 (3 MINUTES)
20:18:49.005 [ducttape-0] DEBUG c.g.d.z.s.o.a.h.c.h.i.i.DefaultManagedHttpClientConnection - http-outgoing-0: close connection IMMEDIATE
20:18:49.015 [ducttape-0] DEBUG c.g.d.z.s.o.a.h.c.h.i.c.InternalHttpClient - ep-00000000: endpoint closed
20:18:49.016 [ducttape-0] DEBUG c.g.d.z.s.o.a.h.c.h.i.c.InternalHttpClient - ep-00000000: discarding endpoint
20:18:49.018 [ducttape-0] DEBUG c.g.d.z.s.o.a.h.c.h.i.i.PoolingHttpClientConnectionManager - ep-00000000: releasing endpoint
20:18:49.020 [ducttape-0] DEBUG c.g.d.z.s.o.a.h.c.h.i.i.PoolingHttpClientConnectionManager - ep-00000000: connection is not kept alive
20:18:49.021 [ducttape-0] DEBUG c.g.d.z.s.o.a.h.c.h.i.i.PoolingHttpClientConnectionManager - ep-00000000: connection released [route: {}-&gt;unix://localhost:2375][total available: 0; route allocated: 0 of 2147483647; total allocated: 0 of 2147483647]
20:18:49.055 [ducttape-0] DEBUG c.g.d.z.s.o.a.h.c.h.i.c.HttpRequestRetryExec - ex-00000001: com.sun.jna.LastErrorException: [13] Permission denied
java.io.IOException: com.sun.jna.LastErrorException: [13] Permission denied
	at com.github.dockerjava.transport.DomainSocket.&lt;init&gt;(DomainSocket.java:63) ~[docker-java-transport-3.2.12.jar:na]
	at com.github.dockerjava.transport.LinuxDomainSocket.&lt;init&gt;(LinuxDomainSocket.java:41) ~[docker-java-transport-3.2.12.jar:na]
	at com.github.dockerjava.transport.DomainSocket.get(DomainSocket.java:140) ~[docker-java-transport-3.2.12.jar:na]
	at com.github.dockerjava.transport.UnixSocket.get(UnixSocket.java:27) ~[docker-java-transport-3.2.12.jar:na]
	at com.github.dockerjava.zerodep.ApacheDockerHttpClientImpl$2.createSocket(ApacheDockerHttpClientImpl.java:145) ~[docker-java-transport-zerodep-3.2.12.jar:na]
	at com.github.dockerjava.zerodep.shaded.org.apache.hc.client5.http.impl.io.DefaultHttpClientConnectionOperator.connect(DefaultHttpClientConnectionOperator.java:125) ~[docker-java-transport-zerodep-3.2.12.jar:na]
	at com.github.dockerjava.zerodep.shaded.org.apache.hc.client5.http.impl.io.PoolingHttpClientConnectionManager.connect(PoolingHttpClientConnectionManager.java:409) ~[docker-java-transport-zerodep-3.2.12.jar:na]
	at com.github.dockerjava.zerodep.shaded.org.apache.hc.client5.http.impl.classic.InternalExecRuntime.connectEndpoint(InternalExecRuntime.java:164) ~[docker-java-transport-zerodep-3.2.12.jar:na]
	at com.github.dockerjava.zerodep.shaded.org.apache.hc.client5.http.impl.classic.InternalExecRuntime.connectEndpoint(InternalExecRuntime.java:174) ~[docker-java-transport-zerodep-3.2.12.jar:na]
	at com.github.dockerjava.zerodep.shaded.org.apache.hc.client5.http.impl.classic.ConnectExec.execute(ConnectExec.java:135) ~[docker-java-transport-zerodep-3.2.12.jar:na]
	at com.github.dockerjava.zerodep.shaded.org.apache.hc.client5.http.impl.classic.ExecChainElement.execute(ExecChainElement.java:51) ~[docker-java-transport-zerodep-3.2.12.jar:na]
	at com.github.dockerjava.zerodep.shaded.org.apache.hc.client5.http.impl.classic.ExecChainElement$1.proceed(ExecChainElement.java:57) ~[docker-java-transport-zerodep-3.2.12.jar:na]
	at com.github.dockerjava.zerodep.shaded.org.apache.hc.client5.http.impl.classic.ProtocolExec.execute(ProtocolExec.java:172) ~[docker-java-transport-zerodep-3.2.12.jar:na]
	at com.github.dockerjava.zerodep.shaded.org.apache.hc.client5.http.impl.classic.ExecChainElement.execute(ExecChainElement.java:51) ~[docker-java-transport-zerodep-3.2.12.jar:na]
	at com.github.dockerjava.zerodep.shaded.org.apache.hc.client5.http.impl.classic.ExecChainElement$1.proceed(ExecChainElement.java:57) ~[docker-java-transport-zerodep-3.2.12.jar:na]
	at com.github.dockerjava.zerodep.shaded.org.apache.hc.client5.http.impl.classic.HttpRequestRetryExec.execute(HttpRequestRetryExec.java:93) ~[docker-java-transport-zerodep-3.2.12.jar:na]
	at com.github.dockerjava.zerodep.shaded.org.apache.hc.client5.http.impl.classic.ExecChainElement.execute(ExecChainElement.java:51) ~[docker-java-transport-zerodep-3.2.12.jar:na]
	at com.github.dockerjava.zerodep.shaded.org.apache.hc.client5.http.impl.classic.ExecChainElement$1.proceed(ExecChainElement.java:57) ~[docker-java-transport-zerodep-3.2.12.jar:na]
	at com.github.dockerjava.zerodep.shaded.org.apache.hc.client5.http.impl.classic.ContentCompressionExec.execute(ContentCompressionExec.java:128) ~[docker-java-transport-zerodep-3.2.12.jar:na]
	at com.github.dockerjava.zerodep.shaded.org.apache.hc.client5.http.impl.classic.ExecChainElement.execute(ExecChainElement.java:51) ~[docker-java-transport-zerodep-3.2.12.jar:na]
	at com.github.dockerjava.zerodep.shaded.org.apache.hc.client5.http.impl.classic.ExecChainElement$1.proceed(ExecChainElement.java:57) ~[docker-java-transport-zerodep-3.2.12.jar:na]
	at com.github.dockerjava.zerodep.shaded.org.apache.hc.client5.http.impl.classic.RedirectExec.execute(RedirectExec.java:116) ~[docker-java-transport-zerodep-3.2.12.jar:na]
	at com.github.dockerjava.zerodep.shaded.org.apache.hc.client5.http.impl.classic.ExecChainElement.execute(ExecChainElement.java:51) ~[docker-java-transport-zerodep-3.2.12.jar:na]
	at com.github.dockerjava.zerodep.shaded.org.apache.hc.client5.http.impl.classic.InternalHttpClient.doExecute(InternalHttpClient.java:178) ~[docker-java-transport-zerodep-3.2.12.jar:na]
	at com.github.dockerjava.zerodep.shaded.org.apache.hc.client5.http.impl.classic.CloseableHttpClient.execute(CloseableHttpClient.java:67) ~[docker-java-transport-zerodep-3.2.12.jar:na]
	at com.github.dockerjava.zerodep.ApacheDockerHttpClientImpl.execute(ApacheDockerHttpClientImpl.java:183) ~[docker-java-transport-zerodep-3.2.12.jar:na]
	at com.github.dockerjava.zerodep.ZerodepDockerHttpClient.execute(ZerodepDockerHttpClient.java:8) ~[docker-java-transport-zerodep-3.2.12.jar:na]
	at org.testcontainers.shaded.com.github.dockerjava.core.DefaultInvocationBuilder.execute(DefaultInvocationBuilder.java:228) ~[testcontainers-1.16.3.jar:na]
	at org.testcontainers.shaded.com.github.dockerjava.core.DefaultInvocationBuilder.get(DefaultInvocationBuilder.java:202) ~[testcontainers-1.16.3.jar:na]
	at org.testcontainers.shaded.com.github.dockerjava.core.DefaultInvocationBuilder.get(DefaultInvocationBuilder.java:74) ~[testcontainers-1.16.3.jar:na]
	at org.testcontainers.shaded.com.github.dockerjava.core.exec.InfoCmdExec.exec(InfoCmdExec.java:24) ~[testcontainers-1.16.3.jar:na]
	at org.testcontainers.shaded.com.github.dockerjava.core.exec.InfoCmdExec.exec(InfoCmdExec.java:14) ~[testcontainers-1.16.3.jar:na]
	at org.testcontainers.shaded.com.github.dockerjava.core.command.AbstrDockerCmd.exec(AbstrDockerCmd.java:35) ~[testcontainers-1.16.3.jar:na]
	at org.testcontainers.dockerclient.DockerClientProviderStrategy.lambda$null$5(DockerClientProviderStrategy.java:170) ~[testcontainers-1.16.3.jar:na]
	at org.rnorth.ducttape.ratelimits.RateLimiter.getWhenReady(RateLimiter.java:51) ~[duct-tape-1.0.8.jar:na]
	at org.testcontainers.dockerclient.DockerClientProviderStrategy.lambda$tryOutStrategy$6(DockerClientProviderStrategy.java:168) ~[testcontainers-1.16.3.jar:na]
	at org.rnorth.ducttape.unreliables.Unreliables.lambda$retryUntilSuccess$0(Unreliables.java:43) ~[duct-tape-1.0.8.jar:na]
	at java.base/java.util.concurrent.FutureTask.run(FutureTask.java:264) ~[na:na]
	at java.base/java.util.concurrent.ThreadPoolExecutor.runWorker(ThreadPoolExecutor.java:1128) ~[na:na]
	at java.base/java.util.concurrent.ThreadPoolExecutor$Worker.run(ThreadPoolExecutor.java:628) ~[na:na]
	at java.base/java.lang.Thread.run(Thread.java:829) ~[na:na]
Caused by: com.sun.jna.LastErrorException: [13] Permission denied
	at com.github.dockerjava.transport.LinuxDomainSocket.connect(Native Method) ~[docker-java-transport-3.2.12.jar:na]
	at com.github.dockerjava.transport.LinuxDomainSocket.connect(LinuxDomainSocket.java:49) ~[docker-java-transport-3.2.12.jar:na]
	at com.github.dockerjava.transport.DomainSocket.open(DomainSocket.java:69) ~[docker-java-transport-3.2.12.jar:na]
	at com.github.dockerjava.transport.DomainSocket.&lt;init&gt;(DomainSocket.java:59) ~[docker-java-transport-3.2.12.jar:na]
	... 40 common frames omitted
20:18:49.105 [ducttape-0] INFO  c.g.d.z.s.o.a.h.c.h.i.c.HttpRequestRetryExec - Recoverable I/O exception (java.io.IOException) caught when processing request to {}-&gt;unix://localhost:2375
20:18:49.108 [ducttape-0] DEBUG c.g.d.z.s.o.a.h.c.h.p.RequestAddCookies - Cookie spec selected: strict
20:18:49.113 [ducttape-0] DEBUG c.g.d.z.s.o.a.h.c.h.p.RequestAuthCache - Auth cache not set in the context
20:18:49.122 [ducttape-0] DEBUG c.g.d.z.s.o.a.h.c.h.i.c.ProtocolExec - ex-00000001: target auth state: UNCHALLENGED
20:18:49.123 [ducttape-0] DEBUG c.g.d.z.s.o.a.h.c.h.i.c.ProtocolExec - ex-00000001: proxy auth state: UNCHALLENGED
20:18:49.125 [ducttape-0] DEBUG c.g.d.z.s.o.a.h.c.h.i.c.ConnectExec - ex-00000001: acquiring connection with route {}-&gt;unix://localhost:2375
20:18:49.131 [ducttape-0] DEBUG c.g.d.z.s.o.a.h.c.h.i.c.InternalHttpClient - ex-00000001: acquiring endpoint (3 MINUTES)
20:18:49.133 [ducttape-0] DEBUG c.g.d.z.s.o.a.h.c.h.i.i.PoolingHttpClientConnectionManager - ex-00000001: endpoint lease request (3 MINUTES) [route: {}-&gt;unix://localhost:2375][total available: 0; route allocated: 0 of 2147483647; total allocated: 0 of 2147483647]
20:18:49.139 [ducttape-0] DEBUG c.g.d.z.s.o.a.h.c.h.i.i.PoolingHttpClientConnectionManager - ex-00000001: endpoint leased [route: {}-&gt;unix://localhost:2375][total available: 0; route allocated: 1 of 2147483647; total allocated: 1 of 2147483647]
20:18:49.142 [ducttape-0] DEBUG c.g.d.z.s.o.a.h.c.h.i.i.PoolingHttpClientConnectionManager - ex-00000001: acquired ep-00000001
20:18:49.147 [ducttape-0] DEBUG c.g.d.z.s.o.a.h.c.h.i.c.InternalHttpClient - ex-00000001: acquired endpoint ep-00000001
20:18:49.152 [ducttape-0] DEBUG c.g.d.z.s.o.a.h.c.h.i.c.ConnectExec - ex-00000001: opening connection {}-&gt;unix://localhost:2375
20:18:49.154 [ducttape-0] DEBUG c.g.d.z.s.o.a.h.c.h.i.c.InternalHttpClient - ep-00000001: connecting endpoint (3 MINUTES)
20:18:49.155 [ducttape-0] DEBUG c.g.d.z.s.o.a.h.c.h.i.i.PoolingHttpClientConnectionManager - ep-00000001: connecting endpoint to unix://localhost:2375 (3 MINUTES)
20:18:49.163 [ducttape-0] DEBUG c.g.d.z.s.o.a.h.c.h.i.i.DefaultManagedHttpClientConnection - http-outgoing-1: close connection IMMEDIATE
20:18:49.170 [ducttape-0] DEBUG c.g.d.z.s.o.a.h.c.h.i.c.InternalHttpClient - ep-00000001: endpoint closed
20:18:49.170 [ducttape-0] DEBUG c.g.d.z.s.o.a.h.c.h.i.c.InternalHttpClient - ep-00000001: discarding endpoint
20:18:49.172 [ducttape-0] DEBUG c.g.d.z.s.o.a.h.c.h.i.i.PoolingHttpClientConnectionManager - ep-00000001: releasing endpoint
20:18:49.180 [ducttape-0] DEBUG c.g.d.z.s.o.a.h.c.h.i.i.PoolingHttpClientConnectionManager - ep-00000001: connection is not kept alive
20:18:49.180 [ducttape-0] DEBUG c.g.d.z.s.o.a.h.c.h.i.i.PoolingHttpClientConnectionManager - ep-00000001: connection released [route: {}-&gt;unix://localhost:2375][total available: 0; route allocated: 0 of 2147483647; total allocated: 0 of 2147483647]
20:18:49.298 [ducttape-0] DEBUG o.t.d.DockerClientProviderStrategy - Pinging docker daemon...
20:18:49.299 [ducttape-0] DEBUG o.t.s.c.g.d.c.command.AbstrDockerCmd - Cmd: 
20:18:49.299 [ducttape-0] DEBUG c.g.d.z.s.o.a.h.c.h.i.c.InternalHttpClient - ex-00000002: preparing request execution
20:18:49.299 [ducttape-0] DEBUG c.g.d.z.s.o.a.h.c.h.p.RequestAddCookies - Cookie spec selected: strict
20:18:49.299 [ducttape-0] DEBUG c.g.d.z.s.o.a.h.c.h.p.RequestAuthCache - Auth cache not set in the context
20:18:49.302 [ducttape-0] DEBUG c.g.d.z.s.o.a.h.c.h.i.c.ProtocolExec - ex-00000002: target auth state: UNCHALLENGED
20:18:49.304 [ducttape-0] DEBUG c.g.d.z.s.o.a.h.c.h.i.c.ProtocolExec - ex-00000002: proxy auth state: UNCHALLENGED
20:18:49.304 [ducttape-0] DEBUG c.g.d.z.s.o.a.h.c.h.i.c.ConnectExec - ex-00000002: acquiring connection with route {}-&gt;unix://localhost:2375
20:18:49.308 [ducttape-0] DEBUG c.g.d.z.s.o.a.h.c.h.i.c.InternalHttpClient - ex-00000002: acquiring endpoint (3 MINUTES)
20:18:49.309 [ducttape-0] DEBUG c.g.d.z.s.o.a.h.c.h.i.i.PoolingHttpClientConnectionManager - ex-00000002: endpoint lease request (3 MINUTES) [route: {}-&gt;unix://localhost:2375][total available: 0; route allocated: 0 of 2147483647; total allocated: 0 of 2147483647]
20:18:49.312 [ducttape-0] DEBUG c.g.d.z.s.o.a.h.c.h.i.i.PoolingHttpClientConnectionManager - ex-00000002: endpoint leased [route: {}-&gt;unix://localhost:2375][total available: 0; route allocated: 1 of 2147483647; total allocated: 1 of 2147483647]
20:18:49.317 [ducttape-0] DEBUG c.g.d.z.s.o.a.h.c.h.i.i.PoolingHttpClientConnectionManager - ex-00000002: acquired ep-00000002
20:18:49.318 [ducttape-0] DEBUG c.g.d.z.s.o.a.h.c.h.i.c.InternalHttpClient - ex-00000002: acquired endpoint ep-00000002
20:18:49.319 [ducttape-0] DEBUG c.g.d.z.s.o.a.h.c.h.i.c.ConnectExec - ex-00000002: opening connection {}-&gt;unix://localhost:2375
20:18:49.320 [ducttape-0] DEBUG c.g.d.z.s.o.a.h.c.h.i.c.InternalHttpClient - ep-00000002: connecting endpoint (3 MINUTES)
20:18:49.330 [ducttape-0] DEBUG c.g.d.z.s.o.a.h.c.h.i.i.PoolingHttpClientConnectionManager - ep-00000002: connecting endpoint to unix://localhost:2375 (3 MINUTES)
20:18:49.332 [ducttape-0] DEBUG c.g.d.z.s.o.a.h.c.h.i.i.DefaultManagedHttpClientConnection - http-outgoing-2: close connection IMMEDIATE
20:18:49.335 [ducttape-0] DEBUG c.g.d.z.s.o.a.h.c.h.i.c.InternalHttpClient - ep-00000002: endpoint closed
20:18:49.335 [ducttape-0] DEBUG c.g.d.z.s.o.a.h.c.h.i.c.InternalHttpClient - ep-00000002: discarding endpoint
20:18:49.335 [ducttape-0] DEBUG c.g.d.z.s.o.a.h.c.h.i.i.PoolingHttpClientConnectionManager - ep-00000002: releasing endpoint
20:18:49.336 [ducttape-0] DEBUG c.g.d.z.s.o.a.h.c.h.i.i.PoolingHttpClientConnectionManager - ep-00000002: connection is not kept alive
20:18:49.338 [ducttape-0] DEBUG c.g.d.z.s.o.a.h.c.h.i.i.PoolingHttpClientConnectionManager - ep-00000002: connection released [route: {}-&gt;unix://localhost:2375][total available: 0; route allocated: 0 of 2147483647; total allocated: 0 of 2147483647]
20:18:49.342 [ducttape-0] DEBUG c.g.d.z.s.o.a.h.c.h.i.c.HttpRequestRetryExec - ex-00000002: com.sun.jna.LastErrorException: [13] Permission denied
java.io.IOException: com.sun.jna.LastErrorException: [13] Permission denied
	at com.github.dockerjava.transport.DomainSocket.&lt;init&gt;(DomainSocket.java:63) ~[docker-java-transport-3.2.12.jar:na]
	at com.github.dockerjava.transport.LinuxDomainSocket.&lt;init&gt;(LinuxDomainSocket.java:41) ~[docker-java-transport-3.2.12.jar:na]
	at com.github.dockerjava.transport.DomainSocket.get(DomainSocket.java:140) ~[docker-java-transport-3.2.12.jar:na]
	at com.github.dockerjava.transport.UnixSocket.get(UnixSocket.java:27) ~[docker-java-transport-3.2.12.jar:na]
	at com.github.dockerjava.zerodep.ApacheDockerHttpClientImpl$2.createSocket(ApacheDockerHttpClientImpl.java:145) ~[docker-java-transport-zerodep-3.2.12.jar:na]
	at com.github.dockerjava.zerodep.shaded.org.apache.hc.client5.http.impl.io.DefaultHttpClientConnectionOperator.connect(DefaultHttpClientConnectionOperator.java:125) ~[docker-java-transport-zerodep-3.2.12.jar:na]
	at com.github.dockerjava.zerodep.shaded.org.apache.hc.client5.http.impl.io.PoolingHttpClientConnectionManager.connect(PoolingHttpClientConnectionManager.java:409) ~[docker-java-transport-zerodep-3.2.12.jar:na]
	at com.github.dockerjava.zerodep.shaded.org.apache.hc.client5.http.impl.classic.InternalExecRuntime.connectEndpoint(InternalExecRuntime.java:164) ~[docker-java-transport-zerodep-3.2.12.jar:na]
	at com.github.dockerjava.zerodep.shaded.org.apache.hc.client5.http.impl.classic.InternalExecRuntime.connectEndpoint(InternalExecRuntime.java:174) ~[docker-java-transport-zerodep-3.2.12.jar:na]
	at com.github.dockerjava.zerodep.shaded.org.apache.hc.client5.http.impl.classic.ConnectExec.execute(ConnectExec.java:135) ~[docker-java-transport-zerodep-3.2.12.jar:na]
	at com.github.dockerjava.zerodep.shaded.org.apache.hc.client5.http.impl.classic.ExecChainElement.execute(ExecChainElement.java:51) ~[docker-java-transport-zerodep-3.2.12.jar:na]
	at com.github.dockerjava.zerodep.shaded.org.apache.hc.client5.http.impl.classic.ExecChainElement$1.proceed(ExecChainElement.java:57) ~[docker-java-transport-zerodep-3.2.12.jar:na]
	at com.github.dockerjava.zerodep.shaded.org.apache.hc.client5.http.impl.classic.ProtocolExec.execute(ProtocolExec.java:172) ~[docker-java-transport-zerodep-3.2.12.jar:na]
	at com.github.dockerjava.zerodep.shaded.org.apache.hc.client5.http.impl.classic.ExecChainElement.execute(ExecChainElement.java:51) ~[docker-java-transport-zerodep-3.2.12.jar:na]
	at com.github.dockerjava.zerodep.shaded.org.apache.hc.client5.http.impl.classic.ExecChainElement$1.proceed(ExecChainElement.java:57) ~[docker-java-transport-zerodep-3.2.12.jar:na]
	at com.github.dockerjava.zerodep.shaded.org.apache.hc.client5.http.impl.classic.HttpRequestRetryExec.execute(HttpRequestRetryExec.java:93) ~[docker-java-transport-zerodep-3.2.12.jar:na]
	at com.github.dockerjava.zerodep.shaded.org.apache.hc.client5.http.impl.classic.ExecChainElement.execute(ExecChainElement.java:51) ~[docker-java-transport-zerodep-3.2.12.jar:na]
	at com.github.dockerjava.zerodep.shaded.org.apache.hc.client5.http.impl.classic.ExecChainElement$1.proceed(ExecChainElement.java:57) ~[docker-java-transport-zerodep-3.2.12.jar:na]
	at com.github.dockerjava.zerodep.shaded.org.apache.hc.client5.http.impl.classic.ContentCompressionExec.execute(ContentCompressionExec.java:128) ~[docker-java-transport-zerodep-3.2.12.jar:na]
	at com.github.dockerjava.zerodep.shaded.org.apache.hc.client5.http.impl.classic.ExecChainElement.execute(ExecChainElement.java:51) ~[docker-java-transport-zerodep-3.2.12.jar:na]
	at com.github.dockerjava.zerodep.shaded.org.apache.hc.client5.http.impl.classic.ExecChainElement$1.proceed(ExecChainElement.java:57) ~[docker-java-transport-zerodep-3.2.12.jar:na]
	at com.github.dockerjava.zerodep.shaded.org.apache.hc.client5.http.impl.classic.RedirectExec.execute(RedirectExec.java:116) ~[docker-java-transport-zerodep-3.2.12.jar:na]
	at com.github.dockerjava.zerodep.shaded.org.apache.hc.client5.http.impl.classic.ExecChainElement.execute(ExecChainElement.java:51) ~[docker-java-transport-zerodep-3.2.12.jar:na]
	at com.github.dockerjava.zerodep.shaded.org.apache.hc.client5.http.impl.classic.InternalHttpClient.doExecute(InternalHttpClient.java:178) ~[docker-java-transport-zerodep-3.2.12.jar:na]
	at com.github.dockerjava.zerodep.shaded.org.apache.hc.client5.http.impl.classic.CloseableHttpClient.execute(CloseableHttpClient.java:67) ~[docker-java-transport-zerodep-3.2.12.jar:na]
	at com.github.dockerjava.zerodep.ApacheDockerHttpClientImpl.execute(ApacheDockerHttpClientImpl.java:183) ~[docker-java-transport-zerodep-3.2.12.jar:na]
	at com.github.dockerjava.zerodep.ZerodepDockerHttpClient.execute(ZerodepDockerHttpClient.java:8) ~[docker-java-transport-zerodep-3.2.12.jar:na]
	at org.testcontainers.shaded.com.github.dockerjava.core.DefaultInvocationBuilder.execute(DefaultInvocationBuilder.java:228) ~[testcontainers-1.16.3.jar:na]
	at org.testcontainers.shaded.com.github.dockerjava.core.DefaultInvocationBuilder.get(DefaultInvocationBuilder.java:202) ~[testcontainers-1.16.3.jar:na]
	at org.testcontainers.shaded.com.github.dockerjava.core.DefaultInvocationBuilder.get(DefaultInvocationBuilder.java:74) ~[testcontainers-1.16.3.jar:na]
	at org.testcontainers.shaded.com.github.dockerjava.core.exec.InfoCmdExec.exec(InfoCmdExec.java:24) ~[testcontainers-1.16.3.jar:na]
	at org.testcontainers.shaded.com.github.dockerjava.core.exec.InfoCmdExec.exec(InfoCmdExec.java:14) ~[testcontainers-1.16.3.jar:na]
	at org.testcontainers.shaded.com.github.dockerjava.core.command.AbstrDockerCmd.exec(AbstrDockerCmd.java:35) ~[testcontainers-1.16.3.jar:na]
	at org.testcontainers.dockerclient.DockerClientProviderStrategy.lambda$null$5(DockerClientProviderStrategy.java:170) ~[testcontainers-1.16.3.jar:na]
	at org.rnorth.ducttape.ratelimits.RateLimiter.getWhenReady(RateLimiter.java:51) ~[duct-tape-1.0.8.jar:na]
	at org.testcontainers.dockerclient.DockerClientProviderStrategy.lambda$tryOutStrategy$6(DockerClientProviderStrategy.java:168) ~[testcontainers-1.16.3.jar:na]
	at org.rnorth.ducttape.unreliables.Unreliables.lambda$retryUntilSuccess$0(Unreliables.java:43) ~[duct-tape-1.0.8.jar:na]
	at java.base/java.util.concurrent.FutureTask.run(FutureTask.java:264) ~[na:na]
	at java.base/java.util.concurrent.ThreadPoolExecutor.runWorker(ThreadPoolExecutor.java:1128) ~[na:na]
	at java.base/java.util.concurrent.ThreadPoolExecutor$Worker.run(ThreadPoolExecutor.java:628) ~[na:na]
	at java.base/java.lang.Thread.run(Thread.java:829) ~[na:na]
Caused by: com.sun.jna.LastErrorException: [13] Permission denied
	at com.github.dockerjava.transport.LinuxDomainSocket.connect(Native Method) ~[docker-java-transport-3.2.12.jar:na]
	at com.github.dockerjava.transport.LinuxDomainSocket.connect(LinuxDomainSocket.java:49) ~[docker-java-transport-3.2.12.jar:na]
	at com.github.dockerjava.transport.DomainSocket.open(DomainSocket.java:69) ~[docker-java-transport-3.2.12.jar:na]
	at com.github.dockerjava.transport.DomainSocket.&lt;init&gt;(DomainSocket.java:59) ~[docker-java-transport-3.2.12.jar:na]
	... 40 common frames omitted
20:18:49.369 [ducttape-0] INFO  c.g.d.z.s.o.a.h.c.h.i.c.HttpRequestRetryExec - Recoverable I/O exception (java.io.IOException) caught when processing request to {}-&gt;unix://localhost:2375
20:18:49.382 [ducttape-0] DEBUG c.g.d.z.s.o.a.h.c.h.p.RequestAddCookies - Cookie spec selected: strict
20:18:49.382 [ducttape-0] DEBUG c.g.d.z.s.o.a.h.c.h.p.RequestAuthCache - Auth cache not set in the context
20:18:49.382 [ducttape-0] DEBUG c.g.d.z.s.o.a.h.c.h.i.c.ProtocolExec - ex-00000002: target auth state: UNCHALLENGED
20:18:49.383 [ducttape-0] DEBUG c.g.d.z.s.o.a.h.c.h.i.c.ProtocolExec - ex-00000002: proxy auth state: UNCHALLENGED
20:18:49.383 [ducttape-0] DEBUG c.g.d.z.s.o.a.h.c.h.i.c.ConnectExec - ex-00000002: acquiring connection with route {}-&gt;unix://localhost:2375
20:18:49.383 [ducttape-0] DEBUG c.g.d.z.s.o.a.h.c.h.i.c.InternalHttpClient - ex-00000002: acquiring endpoint (3 MINUTES)
20:18:49.384 [ducttape-0] DEBUG c.g.d.z.s.o.a.h.c.h.i.i.PoolingHttpClientConnectionManager - ex-00000002: endpoint lease request (3 MINUTES) [route: {}-&gt;unix://localhost:2375][total available: 0; route allocated: 0 of 2147483647; total allocated: 0 of 2147483647]
20:18:49.390 [ducttape-0] DEBUG c.g.d.z.s.o.a.h.c.h.i.i.PoolingHttpClientConnectionManager - ex-00000002: endpoint leased [route: {}-&gt;unix://localhost:2375][total available: 0; route allocated: 1 of 2147483647; total allocated: 1 of 2147483647]
20:18:49.396 [ducttape-0] DEBUG c.g.d.z.s.o.a.h.c.h.i.i.PoolingHttpClientConnectionManager - ex-00000002: acquired ep-00000003
20:18:49.397 [ducttape-0] DEBUG c.g.d.z.s.o.a.h.c.h.i.c.InternalHttpClient - ex-00000002: acquired endpoint ep-00000003
20:18:49.400 [ducttape-0] DEBUG c.g.d.z.s.o.a.h.c.h.i.c.ConnectExec - ex-00000002: opening connection {}-&gt;unix://localhost:2375
20:18:49.400 [ducttape-0] DEBUG c.g.d.z.s.o.a.h.c.h.i.c.InternalHttpClient - ep-00000003: connecting endpoint (3 MINUTES)
20:18:49.401 [ducttape-0] DEBUG c.g.d.z.s.o.a.h.c.h.i.i.PoolingHttpClientConnectionManager - ep-00000003: connecting endpoint to unix://localhost:2375 (3 MINUTES)
20:18:49.402 [ducttape-0] DEBUG c.g.d.z.s.o.a.h.c.h.i.i.DefaultManagedHttpClientConnection - http-outgoing-3: close connection IMMEDIATE
20:18:49.411 [ducttape-0] DEBUG c.g.d.z.s.o.a.h.c.h.i.c.InternalHttpClient - ep-00000003: endpoint closed
20:18:49.412 [ducttape-0] DEBUG c.g.d.z.s.o.a.h.c.h.i.c.InternalHttpClient - ep-00000003: discarding endpoint
20:18:49.425 [ducttape-0] DEBUG c.g.d.z.s.o.a.h.c.h.i.i.PoolingHttpClientConnectionManager - ep-00000003: releasing endpoint
20:18:49.429 [ducttape-0] DEBUG c.g.d.z.s.o.a.h.c.h.i.i.PoolingHttpClientConnectionManager - ep-00000003: connection is not kept alive
20:18:49.429 [ducttape-0] DEBUG c.g.d.z.s.o.a.h.c.h.i.i.PoolingHttpClientConnectionManager - ep-00000003: connection released [route: {}-&gt;unix://localhost:2375][total available: 0; route allocated: 0 of 2147483647; total allocated: 0 of 2147483647]
20:18:49.534 [ducttape-0] DEBUG o.t.d.DockerClientProviderStrategy - Pinging docker daemon...
20:18:49.535 [ducttape-0] DEBUG o.t.s.c.g.d.c.command.AbstrDockerCmd - Cmd: 
20:18:49.535 [ducttape-0] DEBUG c.g.d.z.s.o.a.h.c.h.i.c.InternalHttpClient - ex-00000003: preparing request execution
20:18:49.535 [ducttape-0] DEBUG c.g.d.z.s.o.a.h.c.h.p.RequestAddCookies - Cookie spec selected: strict
20:18:49.535 [ducttape-0] DEBUG c.g.d.z.s.o.a.h.c.h.p.RequestAuthCache - Auth cache not set in the context
20:18:49.535 [ducttape-0] DEBUG c.g.d.z.s.o.a.h.c.h.i.c.ProtocolExec - ex-00000003: target auth state: UNCHALLENGED
20:18:49.536 [ducttape-0] DEBUG c.g.d.z.s.o.a.h.c.h.i.c.ProtocolExec - ex-00000003: proxy auth state: UNCHALLENGED
20:18:49.536 [ducttape-0] DEBUG c.g.d.z.s.o.a.h.c.h.i.c.ConnectExec - ex-00000003: acquiring connection with route {}-&gt;unix://localhost:2375
20:18:49.542 [ducttape-0] DEBUG c.g.d.z.s.o.a.h.c.h.i.c.InternalHttpClient - ex-00000003: acquiring endpoint (3 MINUTES)
20:18:49.542 [ducttape-0] DEBUG c.g.d.z.s.o.a.h.c.h.i.i.PoolingHttpClientConnectionManager - ex-00000003: endpoint lease request (3 MINUTES) [route: {}-&gt;unix://localhost:2375][total available: 0; route allocated: 0 of 2147483647; total allocated: 0 of 2147483647]
20:18:49.547 [ducttape-0] DEBUG c.g.d.z.s.o.a.h.c.h.i.i.PoolingHttpClientConnectionManager - ex-00000003: endpoint leased [route: {}-&gt;unix://localhost:2375][total available: 0; route allocated: 1 of 2147483647; total allocated: 1 of 2147483647]
20:18:49.550 [ducttape-0] DEBUG c.g.d.z.s.o.a.h.c.h.i.i.PoolingHttpClientConnectionManager - ex-00000003: acquired ep-00000004
20:18:49.557 [ducttape-0] DEBUG c.g.d.z.s.o.a.h.c.h.i.c.InternalHttpClient - ex-00000003: acquired endpoint ep-00000004
20:18:49.558 [ducttape-0] DEBUG c.g.d.z.s.o.a.h.c.h.i.c.ConnectExec - ex-00000003: opening connection {}-&gt;unix://localhost:2375
20:18:49.558 [ducttape-0] DEBUG c.g.d.z.s.o.a.h.c.h.i.c.InternalHttpClient - ep-00000004: connecting endpoint (3 MINUTES)
20:18:49.560 [ducttape-0] DEBUG c.g.d.z.s.o.a.h.c.h.i.i.PoolingHttpClientConnectionManager - ep-00000004: connecting endpoint to unix://localhost:2375 (3 MINUTES)
20:18:49.563 [ducttape-0] DEBUG c.g.d.z.s.o.a.h.c.h.i.i.DefaultManagedHttpClientConnection - http-outgoing-4: close connection IMMEDIATE
20:18:49.564 [ducttape-0] DEBUG c.g.d.z.s.o.a.h.c.h.i.c.InternalHttpClient - ep-00000004: endpoint closed
20:18:49.564 [ducttape-0] DEBUG c.g.d.z.s.o.a.h.c.h.i.c.InternalHttpClient - ep-00000004: discarding endpoint
20:18:49.576 [ducttape-0] DEBUG c.g.d.z.s.o.a.h.c.h.i.i.PoolingHttpClientConnectionManager - ep-00000004: releasing endpoint
20:18:49.577 [ducttape-0] DEBUG c.g.d.z.s.o.a.h.c.h.i.i.PoolingHttpClientConnectionManager - ep-00000004: connection is not kept alive
20:18:49.577 [ducttape-0] DEBUG c.g.d.z.s.o.a.h.c.h.i.i.PoolingHttpClientConnectionManager - ep-00000004: connection released [route: {}-&gt;unix://localhost:2375][total available: 0; route allocated: 0 of 2147483647; total allocated: 0 of 2147483647]
20:18:49.578 [ducttape-0] DEBUG c.g.d.z.s.o.a.h.c.h.i.c.HttpRequestRetryExec - ex-00000003: com.sun.jna.LastErrorException: [13] Permission denied
java.io.IOException: com.sun.jna.LastErrorException: [13] Permission denied
	at com.github.dockerjava.transport.DomainSocket.&lt;init&gt;(DomainSocket.java:63) ~[docker-java-transport-3.2.12.jar:na]
	at com.github.dockerjava.transport.LinuxDomainSocket.&lt;init&gt;(LinuxDomainSocket.java:41) ~[docker-java-transport-3.2.12.jar:na]
	at com.github.dockerjava.transport.DomainSocket.get(DomainSocket.java:140) ~[docker-java-transport-3.2.12.jar:na]
	at com.github.dockerjava.transport.UnixSocket.get(UnixSocket.java:27) ~[docker-java-transport-3.2.12.jar:na]
	at com.github.dockerjava.zerodep.ApacheDockerHttpClientImpl$2.createSocket(ApacheDockerHttpClientImpl.java:145) ~[docker-java-transport-zerodep-3.2.12.jar:na]
	at com.github.dockerjava.zerodep.shaded.org.apache.hc.client5.http.impl.io.DefaultHttpClientConnectionOperator.connect(DefaultHttpClientConnectionOperator.java:125) ~[docker-java-transport-zerodep-3.2.12.jar:na]
	at com.github.dockerjava.zerodep.shaded.org.apache.hc.client5.http.impl.io.PoolingHttpClientConnectionManager.connect(PoolingHttpClientConnectionManager.java:409) ~[docker-java-transport-zerodep-3.2.12.jar:na]
	at com.github.dockerjava.zerodep.shaded.org.apache.hc.client5.http.impl.classic.InternalExecRuntime.connectEndpoint(InternalExecRuntime.java:164) ~[docker-java-transport-zerodep-3.2.12.jar:na]
	at com.github.dockerjava.zerodep.shaded.org.apache.hc.client5.http.impl.classic.InternalExecRuntime.connectEndpoint(InternalExecRuntime.java:174) ~[docker-java-transport-zerodep-3.2.12.jar:na]
	at com.github.dockerjava.zerodep.shaded.org.apache.hc.client5.http.impl.classic.ConnectExec.execute(ConnectExec.java:135) ~[docker-java-transport-zerodep-3.2.12.jar:na]
	at com.github.dockerjava.zerodep.shaded.org.apache.hc.client5.http.impl.classic.ExecChainElement.execute(ExecChainElement.java:51) ~[docker-java-transport-zerodep-3.2.12.jar:na]
	at com.github.dockerjava.zerodep.shaded.org.apache.hc.client5.http.impl.classic.ExecChainElement$1.proceed(ExecChainElement.java:57) ~[docker-java-transport-zerodep-3.2.12.jar:na]
	at com.github.dockerjava.zerodep.shaded.org.apache.hc.client5.http.impl.classic.ProtocolExec.execute(ProtocolExec.java:172) ~[docker-java-transport-zerodep-3.2.12.jar:na]
	at com.github.dockerjava.zerodep.shaded.org.apache.hc.client5.http.impl.classic.ExecChainElement.execute(ExecChainElement.java:51) ~[docker-java-transport-zerodep-3.2.12.jar:na]
	at com.github.dockerjava.zerodep.shaded.org.apache.hc.client5.http.impl.classic.ExecChainElement$1.proceed(ExecChainElement.java:57) ~[docker-java-transport-zerodep-3.2.12.jar:na]
	at com.github.dockerjava.zerodep.shaded.org.apache.hc.client5.http.impl.classic.HttpRequestRetryExec.execute(HttpRequestRetryExec.java:93) ~[docker-java-transport-zerodep-3.2.12.jar:na]
	at com.github.dockerjava.zerodep.shaded.org.apache.hc.client5.http.impl.classic.ExecChainElement.execute(ExecChainElement.java:51) ~[docker-java-transport-zerodep-3.2.12.jar:na]
	at com.github.dockerjava.zerodep.shaded.org.apache.hc.client5.http.impl.classic.ExecChainElement$1.proceed(ExecChainElement.java:57) ~[docker-java-transport-zerodep-3.2.12.jar:na]
	at com.github.dockerjava.zerodep.shaded.org.apache.hc.client5.http.impl.classic.ContentCompressionExec.execute(ContentCompressionExec.java:128) ~[docker-java-transport-zerodep-3.2.12.jar:na]
	at com.github.dockerjava.zerodep.shaded.org.apache.hc.client5.http.impl.classic.ExecChainElement.execute(ExecChainElement.java:51) ~[docker-java-transport-zerodep-3.2.12.jar:na]
	at com.github.dockerjava.zerodep.shaded.org.apache.hc.client5.http.impl.classic.ExecChainElement$1.proceed(ExecChainElement.java:57) ~[docker-java-transport-zerodep-3.2.12.jar:na]
	at com.github.dockerjava.zerodep.shaded.org.apache.hc.client5.http.impl.classic.RedirectExec.execute(RedirectExec.java:116) ~[docker-java-transport-zerodep-3.2.12.jar:na]
	at com.github.dockerjava.zerodep.shaded.org.apache.hc.client5.http.impl.classic.ExecChainElement.execute(ExecChainElement.java:51) ~[docker-java-transport-zerodep-3.2.12.jar:na]
	at com.github.dockerjava.zerodep.shaded.org.apache.hc.client5.http.impl.classic.InternalHttpClient.doExecute(InternalHttpClient.java:178) ~[docker-java-transport-zerodep-3.2.12.jar:na]
	at com.github.dockerjava.zerodep.shaded.org.apache.hc.client5.http.impl.classic.CloseableHttpClient.execute(CloseableHttpClient.java:67) ~[docker-java-transport-zerodep-3.2.12.jar:na]
	at com.github.dockerjava.zerodep.ApacheDockerHttpClientImpl.execute(ApacheDockerHttpClientImpl.java:183) ~[docker-java-transport-zerodep-3.2.12.jar:na]
	at com.github.dockerjava.zerodep.ZerodepDockerHttpClient.execute(ZerodepDockerHttpClient.java:8) ~[docker-java-transport-zerodep-3.2.12.jar:na]
	at org.testcontainers.shaded.com.github.dockerjava.core.DefaultInvocationBuilder.execute(DefaultInvocationBuilder.java:228) ~[testcontainers-1.16.3.jar:na]
	at org.testcontainers.shaded.com.github.dockerjava.core.DefaultInvocationBuilder.get(DefaultInvocationBuilder.java:202) ~[testcontainers-1.16.3.jar:na]
	at org.testcontainers.shaded.com.github.dockerjava.core.DefaultInvocationBuilder.get(DefaultInvocationBuilder.java:74) ~[testcontainers-1.16.3.jar:na]
	at org.testcontainers.shaded.com.github.dockerjava.core.exec.InfoCmdExec.exec(InfoCmdExec.java:24) ~[testcontainers-1.16.3.jar:na]
	at org.testcontainers.shaded.com.github.dockerjava.core.exec.InfoCmdExec.exec(InfoCmdExec.java:14) ~[testcontainers-1.16.3.jar:na]
	at org.testcontainers.shaded.com.github.dockerjava.core.command.AbstrDockerCmd.exec(AbstrDockerCmd.java:35) ~[testcontainers-1.16.3.jar:na]
	at org.testcontainers.dockerclient.DockerClientProviderStrategy.lambda$null$5(DockerClientProviderStrategy.java:170) ~[testcontainers-1.16.3.jar:na]
	at org.rnorth.ducttape.ratelimits.RateLimiter.getWhenReady(RateLimiter.java:51) ~[duct-tape-1.0.8.jar:na]
	at org.testcontainers.dockerclient.DockerClientProviderStrategy.lambda$tryOutStrategy$6(DockerClientProviderStrategy.java:168) ~[testcontainers-1.16.3.jar:na]
	at org.rnorth.ducttape.unreliables.Unreliables.lambda$retryUntilSuccess$0(Unreliables.java:43) ~[duct-tape-1.0.8.jar:na]
	at java.base/java.util.concurrent.FutureTask.run(FutureTask.java:264) ~[na:na]
	at java.base/java.util.concurrent.ThreadPoolExecutor.runWorker(ThreadPoolExecutor.java:1128) ~[na:na]
	at java.base/java.util.concurrent.ThreadPoolExecutor$Worker.run(ThreadPoolExecutor.java:628) ~[na:na]
	at java.base/java.lang.Thread.run(Thread.java:829) ~[na:na]
Caused by: com.sun.jna.LastErrorException: [13] Permission denied
	at com.github.dockerjava.transport.LinuxDomainSocket.connect(Native Method) ~[docker-java-transport-3.2.12.jar:na]
	at com.github.dockerjava.transport.LinuxDomainSocket.connect(LinuxDomainSocket.java:49) ~[docker-java-transport-3.2.12.jar:na]
	at com.github.dockerjava.transport.DomainSocket.open(DomainSocket.java:69) ~[docker-java-transport-3.2.12.jar:na]
	at com.github.dockerjava.transport.DomainSocket.&lt;init&gt;(DomainSocket.java:59) ~[docker-java-transport-3.2.12.jar:na]
	... 40 common frames omitted
20:18:49.582 [ducttape-0] INFO  c.g.d.z.s.o.a.h.c.h.i.c.HttpRequestRetryExec - Recoverable I/O exception (java.io.IOException) caught when processing request to {}-&gt;unix://localhost:2375
20:18:49.586 [ducttape-0] DEBUG c.g.d.z.s.o.a.h.c.h.p.RequestAddCookies - Cookie spec selected: strict
20:18:49.586 [ducttape-0] DEBUG c.g.d.z.s.o.a.h.c.h.p.RequestAuthCache - Auth cache not set in the context
20:18:49.586 [ducttape-0] DEBUG c.g.d.z.s.o.a.h.c.h.i.c.ProtocolExec - ex-00000003: target auth state: UNCHALLENGED
20:18:49.587 [ducttape-0] DEBUG c.g.d.z.s.o.a.h.c.h.i.c.ProtocolExec - ex-00000003: proxy auth state: UNCHALLENGED
20:18:49.588 [ducttape-0] DEBUG c.g.d.z.s.o.a.h.c.h.i.c.ConnectExec - ex-00000003: acquiring connection with route {}-&gt;unix://localhost:2375
20:18:49.588 [ducttape-0] DEBUG c.g.d.z.s.o.a.h.c.h.i.c.InternalHttpClient - ex-00000003: acquiring endpoint (3 MINUTES)
20:18:49.588 [ducttape-0] DEBUG c.g.d.z.s.o.a.h.c.h.i.i.PoolingHttpClientConnectionManager - ex-00000003: endpoint lease request (3 MINUTES) [route: {}-&gt;unix://localhost:2375][total available: 0; route allocated: 0 of 2147483647; total allocated: 0 of 2147483647]
20:18:49.588 [ducttape-0] DEBUG c.g.d.z.s.o.a.h.c.h.i.i.PoolingHttpClientConnectionManager - ex-00000003: endpoint leased [route: {}-&gt;unix://localhost:2375][total available: 0; route allocated: 1 of 2147483647; total allocated: 1 of 2147483647]
20:18:49.590 [ducttape-0] DEBUG c.g.d.z.s.o.a.h.c.h.i.i.PoolingHttpClientConnectionManager - ex-00000003: acquired ep-00000005
20:18:49.594 [ducttape-0] DEBUG c.g.d.z.s.o.a.h.c.h.i.c.InternalHttpClient - ex-00000003: acquired endpoint ep-00000005
20:18:49.595 [ducttape-0] DEBUG c.g.d.z.s.o.a.h.c.h.i.c.ConnectExec - ex-00000003: opening connection {}-&gt;unix://localhost:2375
20:18:49.595 [ducttape-0] DEBUG c.g.d.z.s.o.a.h.c.h.i.c.InternalHttpClient - ep-00000005: connecting endpoint (3 MINUTES)
20:18:49.595 [ducttape-0] DEBUG c.g.d.z.s.o.a.h.c.h.i.i.PoolingHttpClientConnectionManager - ep-00000005: connecting endpoint to unix://localhost:2375 (3 MINUTES)
20:18:49.597 [ducttape-0] DEBUG c.g.d.z.s.o.a.h.c.h.i.i.DefaultManagedHttpClientConnection - http-outgoing-5: close connection IMMEDIATE
20:18:49.597 [ducttape-0] DEBUG c.g.d.z.s.o.a.h.c.h.i.c.InternalHttpClient - ep-00000005: endpoint closed
20:18:49.599 [ducttape-0] DEBUG c.g.d.z.s.o.a.h.c.h.i.c.InternalHttpClient - ep-00000005: discarding endpoint
20:18:49.604 [ducttape-0] DEBUG c.g.d.z.s.o.a.h.c.h.i.i.PoolingHttpClientConnectionManager - ep-00000005: releasing endpoint
20:18:49.604 [ducttape-0] DEBUG c.g.d.z.s.o.a.h.c.h.i.i.PoolingHttpClientConnectionManager - ep-00000005: connection is not kept alive
20:18:49.604 [ducttape-0] DEBUG c.g.d.z.s.o.a.h.c.h.i.i.PoolingHttpClientConnectionManager - ep-00000005: connection released [route: {}-&gt;unix://localhost:2375][total available: 0; route allocated: 0 of 2147483647; total allocated: 0 of 2147483647]
20:18:49.705 [ducttape-0] DEBUG o.t.d.DockerClientProviderStrategy - Pinging docker daemon...
20:18:49.705 [ducttape-0] DEBUG o.t.s.c.g.d.c.command.AbstrDockerCmd - Cmd: 
20:18:49.705 [ducttape-0] DEBUG c.g.d.z.s.o.a.h.c.h.i.c.InternalHttpClient - ex-00000004: preparing request execution
20:18:49.706 [ducttape-0] DEBUG c.g.d.z.s.o.a.h.c.h.p.RequestAddCookies - Cookie spec selected: strict
20:18:49.706 [ducttape-0] DEBUG c.g.d.z.s.o.a.h.c.h.p.RequestAuthCache - Auth cache not set in the context
20:18:49.706 [ducttape-0] DEBUG c.g.d.z.s.o.a.h.c.h.i.c.ProtocolExec - ex-00000004: target auth state: UNCHALLENGED
20:18:49.706 [ducttape-0] DEBUG c.g.d.z.s.o.a.h.c.h.i.c.ProtocolExec - ex-00000004: proxy auth state: UNCHALLENGED
20:18:49.706 [ducttape-0] DEBUG c.g.d.z.s.o.a.h.c.h.i.c.ConnectExec - ex-00000004: acquiring connection with route {}-&gt;unix://localhost:2375
20:18:49.706 [ducttape-0] DEBUG c.g.d.z.s.o.a.h.c.h.i.c.InternalHttpClient - ex-00000004: acquiring endpoint (3 MINUTES)
20:18:49.707 [ducttape-0] DEBUG c.g.d.z.s.o.a.h.c.h.i.i.PoolingHttpClientConnectionManager - ex-00000004: endpoint lease request (3 MINUTES) [route: {}-&gt;unix://localhost:2375][total available: 0; route allocated: 0 of 2147483647; total allocated: 0 of 2147483647]
20:18:49.707 [ducttape-0] DEBUG c.g.d.z.s.o.a.h.c.h.i.i.PoolingHttpClientConnectionManager - ex-00000004: endpoint leased [route: {}-&gt;unix://localhost:2375][total available: 0; route allocated: 1 of 2147483647; total allocated: 1 of 2147483647]
20:18:49.710 [ducttape-0] DEBUG c.g.d.z.s.o.a.h.c.h.i.i.PoolingHttpClientConnectionManager - ex-00000004: acquired ep-00000006
20:18:49.710 [ducttape-0] DEBUG c.g.d.z.s.o.a.h.c.h.i.c.InternalHttpClient - ex-00000004: acquired endpoint ep-00000006
20:18:49.710 [ducttape-0] DEBUG c.g.d.z.s.o.a.h.c.h.i.c.ConnectExec - ex-00000004: opening connection {}-&gt;unix://localhost:2375
20:18:49.710 [ducttape-0] DEBUG c.g.d.z.s.o.a.h.c.h.i.c.InternalHttpClient - ep-00000006: connecting endpoint (3 MINUTES)
20:18:49.710 [ducttape-0] DEBUG c.g.d.z.s.o.a.h.c.h.i.i.PoolingHttpClientConnectionManager - ep-00000006: connecting endpoint to unix://localhost:2375 (3 MINUTES)
20:18:49.712 [ducttape-0] DEBUG c.g.d.z.s.o.a.h.c.h.i.i.DefaultManagedHttpClientConnection - http-outgoing-6: close connection IMMEDIATE
20:18:49.717 [ducttape-0] DEBUG c.g.d.z.s.o.a.h.c.h.i.c.InternalHttpClient - ep-00000006: endpoint closed
20:18:49.717 [ducttape-0] DEBUG c.g.d.z.s.o.a.h.c.h.i.c.InternalHttpClient - ep-00000006: discarding endpoint
20:18:49.717 [ducttape-0] DEBUG c.g.d.z.s.o.a.h.c.h.i.i.PoolingHttpClientConnectionManager - ep-00000006: releasing endpoint
20:18:49.717 [ducttape-0] DEBUG c.g.d.z.s.o.a.h.c.h.i.i.PoolingHttpClientConnectionManager - ep-00000006: connection is not kept alive
20:18:49.720 [ducttape-0] DEBUG c.g.d.z.s.o.a.h.c.h.i.i.PoolingHttpClientConnectionManager - ep-00000006: connection released [route: {}-&gt;unix://localhost:2375][total available: 0; route allocated: 0 of 2147483647; total allocated: 0 of 2147483647]
20:18:49.721 [ducttape-0] DEBUG c.g.d.z.s.o.a.h.c.h.i.c.HttpRequestRetryExec - ex-00000004: com.sun.jna.LastErrorException: [13] Permission denied
java.io.IOException: com.sun.jna.LastErrorException: [13] Permission denied
	at com.github.dockerjava.transport.DomainSocket.&lt;init&gt;(DomainSocket.java:63) ~[docker-java-transport-3.2.12.jar:na]
	at com.github.dockerjava.transport.LinuxDomainSocket.&lt;init&gt;(LinuxDomainSocket.java:41) ~[docker-java-transport-3.2.12.jar:na]
	at com.github.dockerjava.transport.DomainSocket.get(DomainSocket.java:140) ~[docker-java-transport-3.2.12.jar:na]
	at com.github.dockerjava.transport.UnixSocket.get(UnixSocket.java:27) ~[docker-java-transport-3.2.12.jar:na]
	at com.github.dockerjava.zerodep.ApacheDockerHttpClientImpl$2.createSocket(ApacheDockerHttpClientImpl.java:145) ~[docker-java-transport-zerodep-3.2.12.jar:na]
	at com.github.dockerjava.zerodep.shaded.org.apache.hc.client5.http.impl.io.DefaultHttpClientConnectionOperator.connect(DefaultHttpClientConnectionOperator.java:125) ~[docker-java-transport-zerodep-3.2.12.jar:na]
	at com.github.dockerjava.zerodep.shaded.org.apache.hc.client5.http.impl.io.PoolingHttpClientConnectionManager.connect(PoolingHttpClientConnectionManager.java:409) ~[docker-java-transport-zerodep-3.2.12.jar:na]
	at com.github.dockerjava.zerodep.shaded.org.apache.hc.client5.http.impl.classic.InternalExecRuntime.connectEndpoint(InternalExecRuntime.java:164) ~[docker-java-transport-zerodep-3.2.12.jar:na]
	at com.github.dockerjava.zerodep.shaded.org.apache.hc.client5.http.impl.classic.InternalExecRuntime.connectEndpoint(InternalExecRuntime.java:174) ~[docker-java-transport-zerodep-3.2.12.jar:na]
	at com.github.dockerjava.zerodep.shaded.org.apache.hc.client5.http.impl.classic.ConnectExec.execute(ConnectExec.java:135) ~[docker-java-transport-zerodep-3.2.12.jar:na]
	at com.github.dockerjava.zerodep.shaded.org.apache.hc.client5.http.impl.classic.ExecChainElement.execute(ExecChainElement.java:51) ~[docker-java-transport-zerodep-3.2.12.jar:na]
	at com.github.dockerjava.zerodep.shaded.org.apache.hc.client5.http.impl.classic.ExecChainElement$1.proceed(ExecChainElement.java:57) ~[docker-java-transport-zerodep-3.2.12.jar:na]
	at com.github.dockerjava.zerodep.shaded.org.apache.hc.client5.http.impl.classic.ProtocolExec.execute(ProtocolExec.java:172) ~[docker-java-transport-zerodep-3.2.12.jar:na]
	at com.github.dockerjava.zerodep.shaded.org.apache.hc.client5.http.impl.classic.ExecChainElement.execute(ExecChainElement.java:51) ~[docker-java-transport-zerodep-3.2.12.jar:na]
	at com.github.dockerjava.zerodep.shaded.org.apache.hc.client5.http.impl.classic.ExecChainElement$1.proceed(ExecChainElement.java:57) ~[docker-java-transport-zerodep-3.2.12.jar:na]
	at com.github.dockerjava.zerodep.shaded.org.apache.hc.client5.http.impl.classic.HttpRequestRetryExec.execute(HttpRequestRetryExec.java:93) ~[docker-java-transport-zerodep-3.2.12.jar:na]
	at com.github.dockerjava.zerodep.shaded.org.apache.hc.client5.http.impl.classic.ExecChainElement.execute(ExecChainElement.java:51) ~[docker-java-transport-zerodep-3.2.12.jar:na]
	at com.github.dockerjava.zerodep.shaded.org.apache.hc.client5.http.impl.classic.ExecChainElement$1.proceed(ExecChainElement.java:57) ~[docker-java-transport-zerodep-3.2.12.jar:na]
	at com.github.dockerjava.zerodep.shaded.org.apache.hc.client5.http.impl.classic.ContentCompressionExec.execute(ContentCompressionExec.java:128) ~[docker-java-transport-zerodep-3.2.12.jar:na]
	at com.github.dockerjava.zerodep.shaded.org.apache.hc.client5.http.impl.classic.ExecChainElement.execute(ExecChainElement.java:51) ~[docker-java-transport-zerodep-3.2.12.jar:na]
	at com.github.dockerjava.zerodep.shaded.org.apache.hc.client5.http.impl.classic.ExecChainElement$1.proceed(ExecChainElement.java:57) ~[docker-java-transport-zerodep-3.2.12.jar:na]
	at com.github.dockerjava.zerodep.shaded.org.apache.hc.client5.http.impl.classic.RedirectExec.execute(RedirectExec.java:116) ~[docker-java-transport-zerodep-3.2.12.jar:na]
	at com.github.dockerjava.zerodep.shaded.org.apache.hc.client5.http.impl.classic.ExecChainElement.execute(ExecChainElement.java:51) ~[docker-java-transport-zerodep-3.2.12.jar:na]
	at com.github.dockerjava.zerodep.shaded.org.apache.hc.client5.http.impl.classic.InternalHttpClient.doExecute(InternalHttpClient.java:178) ~[docker-java-transport-zerodep-3.2.12.jar:na]
	at com.github.dockerjava.zerodep.shaded.org.apache.hc.client5.http.impl.classic.CloseableHttpClient.execute(CloseableHttpClient.java:67) ~[docker-java-transport-zerodep-3.2.12.jar:na]
	at com.github.dockerjava.zerodep.ApacheDockerHttpClientImpl.execute(ApacheDockerHttpClientImpl.java:183) ~[docker-java-transport-zerodep-3.2.12.jar:na]
	at com.github.dockerjava.zerodep.ZerodepDockerHttpClient.execute(ZerodepDockerHttpClient.java:8) ~[docker-java-transport-zerodep-3.2.12.jar:na]
	at org.testcontainers.shaded.com.github.dockerjava.core.DefaultInvocationBuilder.execute(DefaultInvocationBuilder.java:228) ~[testcontainers-1.16.3.jar:na]
	at org.testcontainers.shaded.com.github.dockerjava.core.DefaultInvocationBuilder.get(DefaultInvocationBuilder.java:202) ~[testcontainers-1.16.3.jar:na]
	at org.testcontainers.shaded.com.github.dockerjava.core.DefaultInvocationBuilder.get(DefaultInvocationBuilder.java:74) ~[testcontainers-1.16.3.jar:na]
	at org.testcontainers.shaded.com.github.dockerjava.core.exec.InfoCmdExec.exec(InfoCmdExec.java:24) ~[testcontainers-1.16.3.jar:na]
	at org.testcontainers.shaded.com.github.dockerjava.core.exec.InfoCmdExec.exec(InfoCmdExec.java:14) ~[testcontainers-1.16.3.jar:na]
	at org.testcontainers.shaded.com.github.dockerjava.core.command.AbstrDockerCmd.exec(AbstrDockerCmd.java:35) ~[testcontainers-1.16.3.jar:na]
	at org.testcontainers.dockerclient.DockerClientProviderStrategy.lambda$null$5(DockerClientProviderStrategy.java:170) ~[testcontainers-1.16.3.jar:na]
	at org.rnorth.ducttape.ratelimits.RateLimiter.getWhenReady(RateLimiter.java:51) ~[duct-tape-1.0.8.jar:na]
	at org.testcontainers.dockerclient.DockerClientProviderStrategy.lambda$tryOutStrategy$6(DockerClientProviderStrategy.java:168) ~[testcontainers-1.16.3.jar:na]
	at org.rnorth.ducttape.unreliables.Unreliables.lambda$retryUntilSuccess$0(Unreliables.java:43) ~[duct-tape-1.0.8.jar:na]
	at java.base/java.util.concurrent.FutureTask.run(FutureTask.java:264) ~[na:na]
	at java.base/java.util.concurrent.ThreadPoolExecutor.runWorker(ThreadPoolExecutor.java:1128) ~[na:na]
	at java.base/java.util.concurrent.ThreadPoolExecutor$Worker.run(ThreadPoolExecutor.java:628) ~[na:na]
	at java.base/java.lang.Thread.run(Thread.java:829) ~[na:na]
Caused by: com.sun.jna.LastErrorException: [13] Permission denied
	at com.github.dockerjava.transport.LinuxDomainSocket.connect(Native Method) ~[docker-java-transport-3.2.12.jar:na]
	at com.github.dockerjava.transport.LinuxDomainSocket.connect(LinuxDomainSocket.java:49) ~[docker-java-transport-3.2.12.jar:na]
	at com.github.dockerjava.transport.DomainSocket.open(DomainSocket.java:69) ~[docker-java-transport-3.2.12.jar:na]
	at com.github.dockerjava.transport.DomainSocket.&lt;init&gt;(DomainSocket.java:59) ~[docker-java-transport-3.2.12.jar:na]
	... 40 common frames omitted
20:18:49.736 [ducttape-0] INFO  c.g.d.z.s.o.a.h.c.h.i.c.HttpRequestRetryExec - Recoverable I/O exception (java.io.IOException) caught when processing request to {}-&gt;unix://localhost:2375
20:18:49.738 [ducttape-0] DEBUG c.g.d.z.s.o.a.h.c.h.p.RequestAddCookies - Cookie spec selected: strict
20:18:49.744 [ducttape-0] DEBUG c.g.d.z.s.o.a.h.c.h.p.RequestAuthCache - Auth cache not set in the context
20:18:49.744 [ducttape-0] DEBUG c.g.d.z.s.o.a.h.c.h.i.c.ProtocolExec - ex-00000004: target auth state: UNCHALLENGED
20:18:49.744 [ducttape-0] DEBUG c.g.d.z.s.o.a.h.c.h.i.c.ProtocolExec - ex-00000004: proxy auth state: UNCHALLENGED
20:18:49.744 [ducttape-0] DEBUG c.g.d.z.s.o.a.h.c.h.i.c.ConnectExec - ex-00000004: acquiring connection with route {}-&gt;unix://localhost:2375
20:18:49.745 [ducttape-0] DEBUG c.g.d.z.s.o.a.h.c.h.i.c.InternalHttpClient - ex-00000004: acquiring endpoint (3 MINUTES)
20:18:49.747 [ducttape-0] DEBUG c.g.d.z.s.o.a.h.c.h.i.i.PoolingHttpClientConnectionManager - ex-00000004: endpoint lease request (3 MINUTES) [route: {}-&gt;unix://localhost:2375][total available: 0; route allocated: 0 of 2147483647; total allocated: 0 of 2147483647]
20:18:49.766 [ducttape-0] DEBUG c.g.d.z.s.o.a.h.c.h.i.i.PoolingHttpClientConnectionManager - ex-00000004: endpoint leased [route: {}-&gt;unix://localhost:2375][total available: 0; route allocated: 1 of 2147483647; total allocated: 1 of 2147483647]
20:18:49.771 [ducttape-0] DEBUG c.g.d.z.s.o.a.h.c.h.i.i.PoolingHttpClientConnectionManager - ex-00000004: acquired ep-00000007
20:18:49.772 [ducttape-0] DEBUG c.g.d.z.s.o.a.h.c.h.i.c.InternalHttpClient - ex-00000004: acquired endpoint ep-00000007
20:18:49.772 [ducttape-0] DEBUG c.g.d.z.s.o.a.h.c.h.i.c.ConnectExec - ex-00000004: opening connection {}-&gt;unix://localhost:2375
20:18:49.772 [ducttape-0] DEBUG c.g.d.z.s.o.a.h.c.h.i.c.InternalHttpClient - ep-00000007: connecting endpoint (3 MINUTES)
20:18:49.774 [ducttape-0] DEBUG c.g.d.z.s.o.a.h.c.h.i.i.PoolingHttpClientConnectionManager - ep-00000007: connecting endpoint to unix://localhost:2375 (3 MINUTES)
20:18:49.775 [ducttape-0] DEBUG c.g.d.z.s.o.a.h.c.h.i.i.DefaultManagedHttpClientConnection - http-outgoing-7: close connection IMMEDIATE
20:18:49.779 [ducttape-0] DEBUG c.g.d.z.s.o.a.h.c.h.i.c.InternalHttpClient - ep-00000007: endpoint closed
20:18:49.779 [ducttape-0] DEBUG c.g.d.z.s.o.a.h.c.h.i.c.InternalHttpClient - ep-00000007: discarding endpoint
20:18:49.779 [ducttape-0] DEBUG c.g.d.z.s.o.a.h.c.h.i.i.PoolingHttpClientConnectionManager - ep-00000007: releasing endpoint
20:18:49.779 [ducttape-0] DEBUG c.g.d.z.s.o.a.h.c.h.i.i.PoolingHttpClientConnectionManager - ep-00000007: connection is not kept alive
20:18:49.779 [ducttape-0] DEBUG c.g.d.z.s.o.a.h.c.h.i.i.PoolingHttpClientConnectionManager - ep-00000007: connection released [route: {}-&gt;unix://localhost:2375][total available: 0; route allocated: 0 of 2147483647; total allocated: 0 of 2147483647]
20:18:49.880 [ducttape-0] DEBUG o.t.d.DockerClientProviderStrategy - Pinging docker daemon...
20:18:49.880 [ducttape-0] DEBUG o.t.s.c.g.d.c.command.AbstrDockerCmd - Cmd: 
20:18:49.880 [ducttape-0] DEBUG c.g.d.z.s.o.a.h.c.h.i.c.InternalHttpClient - ex-00000005: preparing request execution
20:18:49.881 [ducttape-0] DEBUG c.g.d.z.s.o.a.h.c.h.p.RequestAddCookies - Cookie spec selected: strict
20:18:49.881 [ducttape-0] DEBUG c.g.d.z.s.o.a.h.c.h.p.RequestAuthCache - Auth cache not set in the context
20:18:49.881 [ducttape-0] DEBUG c.g.d.z.s.o.a.h.c.h.i.c.ProtocolExec - ex-00000005: target auth state: UNCHALLENGED
20:18:49.881 [ducttape-0] DEBUG c.g.d.z.s.o.a.h.c.h.i.c.ProtocolExec - ex-00000005: proxy auth state: UNCHALLENGED
20:18:49.881 [ducttape-0] DEBUG c.g.d.z.s.o.a.h.c.h.i.c.ConnectExec - ex-00000005: acquiring connection with route {}-&gt;unix://localhost:2375
20:18:49.881 [ducttape-0] DEBUG c.g.d.z.s.o.a.h.c.h.i.c.InternalHttpClient - ex-00000005: acquiring endpoint (3 MINUTES)
20:18:49.882 [ducttape-0] DEBUG c.g.d.z.s.o.a.h.c.h.i.i.PoolingHttpClientConnectionManager - ex-00000005: endpoint lease request (3 MINUTES) [route: {}-&gt;unix://localhost:2375][total available: 0; route allocated: 0 of 2147483647; total allocated: 0 of 2147483647]
20:18:49.884 [ducttape-0] DEBUG c.g.d.z.s.o.a.h.c.h.i.i.PoolingHttpClientConnectionManager - ex-00000005: endpoint leased [route: {}-&gt;unix://localhost:2375][total available: 0; route allocated: 1 of 2147483647; total allocated: 1 of 2147483647]
20:18:49.884 [ducttape-0] DEBUG c.g.d.z.s.o.a.h.c.h.i.i.PoolingHttpClientConnectionManager - ex-00000005: acquired ep-00000008
20:18:49.884 [ducttape-0] DEBUG c.g.d.z.s.o.a.h.c.h.i.c.InternalHttpClient - ex-00000005: acquired endpoint ep-00000008
20:18:49.886 [ducttape-0] DEBUG c.g.d.z.s.o.a.h.c.h.i.c.ConnectExec - ex-00000005: opening connection {}-&gt;unix://localhost:2375
20:18:49.890 [ducttape-0] DEBUG c.g.d.z.s.o.a.h.c.h.i.c.InternalHttpClient - ep-00000008: connecting endpoint (3 MINUTES)
20:18:49.892 [ducttape-0] DEBUG c.g.d.z.s.o.a.h.c.h.i.i.PoolingHttpClientConnectionManager - ep-00000008: connecting endpoint to unix://localhost:2375 (3 MINUTES)
20:18:49.894 [ducttape-0] DEBUG c.g.d.z.s.o.a.h.c.h.i.i.DefaultManagedHttpClientConnection - http-outgoing-8: close connection IMMEDIATE
20:18:49.898 [ducttape-0] DEBUG c.g.d.z.s.o.a.h.c.h.i.c.InternalHttpClient - ep-00000008: endpoint closed
20:18:49.898 [ducttape-0] DEBUG c.g.d.z.s.o.a.h.c.h.i.c.InternalHttpClient - ep-00000008: discarding endpoint
20:18:49.898 [ducttape-0] DEBUG c.g.d.z.s.o.a.h.c.h.i.i.PoolingHttpClientConnectionManager - ep-00000008: releasing endpoint
20:18:49.903 [ducttape-0] DEBUG c.g.d.z.s.o.a.h.c.h.i.i.PoolingHttpClientConnectionManager - ep-00000008: connection is not kept alive
20:18:49.903 [ducttape-0] DEBUG c.g.d.z.s.o.a.h.c.h.i.i.PoolingHttpClientConnectionManager - ep-00000008: connection released [route: {}-&gt;unix://localhost:2375][total available: 0; route allocated: 0 of 2147483647; total allocated: 0 of 2147483647]
20:18:49.909 [ducttape-0] DEBUG c.g.d.z.s.o.a.h.c.h.i.c.HttpRequestRetryExec - ex-00000005: com.sun.jna.LastErrorException: [13] Permission denied
java.io.IOException: com.sun.jna.LastErrorException: [13] Permission denied
	at com.github.dockerjava.transport.DomainSocket.&lt;init&gt;(DomainSocket.java:63) ~[docker-java-transport-3.2.12.jar:na]
	at com.github.dockerjava.transport.LinuxDomainSocket.&lt;init&gt;(LinuxDomainSocket.java:41) ~[docker-java-transport-3.2.12.jar:na]
	at com.github.dockerjava.transport.DomainSocket.get(DomainSocket.java:140) ~[docker-java-transport-3.2.12.jar:na]
	at com.github.dockerjava.transport.UnixSocket.get(UnixSocket.java:27) ~[docker-java-transport-3.2.12.jar:na]
	at com.github.dockerjava.zerodep.ApacheDockerHttpClientImpl$2.createSocket(ApacheDockerHttpClientImpl.java:145) ~[docker-java-transport-zerodep-3.2.12.jar:na]
	at com.github.dockerjava.zerodep.shaded.org.apache.hc.client5.http.impl.io.DefaultHttpClientConnectionOperator.connect(DefaultHttpClientConnectionOperator.java:125) ~[docker-java-transport-zerodep-3.2.12.jar:na]
	at com.github.dockerjava.zerodep.shaded.org.apache.hc.client5.http.impl.io.PoolingHttpClientConnectionManager.connect(PoolingHttpClientConnectionManager.java:409) ~[docker-java-transport-zerodep-3.2.12.jar:na]
	at com.github.dockerjava.zerodep.shaded.org.apache.hc.client5.http.impl.classic.InternalExecRuntime.connectEndpoint(InternalExecRuntime.java:164) ~[docker-java-transport-zerodep-3.2.12.jar:na]
	at com.github.dockerjava.zerodep.shaded.org.apache.hc.client5.http.impl.classic.InternalExecRuntime.connectEndpoint(InternalExecRuntime.java:174) ~[docker-java-transport-zerodep-3.2.12.jar:na]
	at com.github.dockerjava.zerodep.shaded.org.apache.hc.client5.http.impl.classic.ConnectExec.execute(ConnectExec.java:135) ~[docker-java-transport-zerodep-3.2.12.jar:na]
	at com.github.dockerjava.zerodep.shaded.org.apache.hc.client5.http.impl.classic.ExecChainElement.execute(ExecChainElement.java:51) ~[docker-java-transport-zerodep-3.2.12.jar:na]
	at com.github.dockerjava.zerodep.shaded.org.apache.hc.client5.http.impl.classic.ExecChainElement$1.proceed(ExecChainElement.java:57) ~[docker-java-transport-zerodep-3.2.12.jar:na]
	at com.github.dockerjava.zerodep.shaded.org.apache.hc.client5.http.impl.classic.ProtocolExec.execute(ProtocolExec.java:172) ~[docker-java-transport-zerodep-3.2.12.jar:na]
	at com.github.dockerjava.zerodep.shaded.org.apache.hc.client5.http.impl.classic.ExecChainElement.execute(ExecChainElement.java:51) ~[docker-java-transport-zerodep-3.2.12.jar:na]
	at com.github.dockerjava.zerodep.shaded.org.apache.hc.client5.http.impl.classic.ExecChainElement$1.proceed(ExecChainElement.java:57) ~[docker-java-transport-zerodep-3.2.12.jar:na]
	at com.github.dockerjava.zerodep.shaded.org.apache.hc.client5.http.impl.classic.HttpRequestRetryExec.execute(HttpRequestRetryExec.java:93) ~[docker-java-transport-zerodep-3.2.12.jar:na]
	at com.github.dockerjava.zerodep.shaded.org.apache.hc.client5.http.impl.classic.ExecChainElement.execute(ExecChainElement.java:51) ~[docker-java-transport-zerodep-3.2.12.jar:na]
	at com.github.dockerjava.zerodep.shaded.org.apache.hc.client5.http.impl.classic.ExecChainElement$1.proceed(ExecChainElement.java:57) ~[docker-java-transport-zerodep-3.2.12.jar:na]
	at com.github.dockerjava.zerodep.shaded.org.apache.hc.client5.http.impl.classic.ContentCompressionExec.execute(ContentCompressionExec.java:128) ~[docker-java-transport-zerodep-3.2.12.jar:na]
	at com.github.dockerjava.zerodep.shaded.org.apache.hc.client5.http.impl.classic.ExecChainElement.execute(ExecChainElement.java:51) ~[docker-java-transport-zerodep-3.2.12.jar:na]
	at com.github.dockerjava.zerodep.shaded.org.apache.hc.client5.http.impl.classic.ExecChainElement$1.proceed(ExecChainElement.java:57) ~[docker-java-transport-zerodep-3.2.12.jar:na]
	at com.github.dockerjava.zerodep.shaded.org.apache.hc.client5.http.impl.classic.RedirectExec.execute(RedirectExec.java:116) ~[docker-java-transport-zerodep-3.2.12.jar:na]
	at com.github.dockerjava.zerodep.shaded.org.apache.hc.client5.http.impl.classic.ExecChainElement.execute(ExecChainElement.java:51) ~[docker-java-transport-zerodep-3.2.12.jar:na]
	at com.github.dockerjava.zerodep.shaded.org.apache.hc.client5.http.impl.classic.InternalHttpClient.doExecute(InternalHttpClient.java:178) ~[docker-java-transport-zerodep-3.2.12.jar:na]
	at com.github.dockerjava.zerodep.shaded.org.apache.hc.client5.http.impl.classic.CloseableHttpClient.execute(CloseableHttpClient.java:67) ~[docker-java-transport-zerodep-3.2.12.jar:na]
	at com.github.dockerjava.zerodep.ApacheDockerHttpClientImpl.execute(ApacheDockerHttpClientImpl.java:183) ~[docker-java-transport-zerodep-3.2.12.jar:na]
	at com.github.dockerjava.zerodep.ZerodepDockerHttpClient.execute(ZerodepDockerHttpClient.java:8) ~[docker-java-transport-zerodep-3.2.12.jar:na]
	at org.testcontainers.shaded.com.github.dockerjava.core.DefaultInvocationBuilder.execute(DefaultInvocationBuilder.java:228) ~[testcontainers-1.16.3.jar:na]
	at org.testcontainers.shaded.com.github.dockerjava.core.DefaultInvocationBuilder.get(DefaultInvocationBuilder.java:202) ~[testcontainers-1.16.3.jar:na]
	at org.testcontainers.shaded.com.github.dockerjava.core.DefaultInvocationBuilder.get(DefaultInvocationBuilder.java:74) ~[testcontainers-1.16.3.jar:na]
	at org.testcontainers.shaded.com.github.dockerjava.core.exec.InfoCmdExec.exec(InfoCmdExec.java:24) ~[testcontainers-1.16.3.jar:na]
	at org.testcontainers.shaded.com.github.dockerjava.core.exec.InfoCmdExec.exec(InfoCmdExec.java:14) ~[testcontainers-1.16.3.jar:na]
	at org.testcontainers.shaded.com.github.dockerjava.core.command.AbstrDockerCmd.exec(AbstrDockerCmd.java:35) ~[testcontainers-1.16.3.jar:na]
	at org.testcontainers.dockerclient.DockerClientProviderStrategy.lambda$null$5(DockerClientProviderStrategy.java:170) ~[testcontainers-1.16.3.jar:na]
	at org.rnorth.ducttape.ratelimits.RateLimiter.getWhenReady(RateLimiter.java:51) ~[duct-tape-1.0.8.jar:na]
	at org.testcontainers.dockerclient.DockerClientProviderStrategy.lambda$tryOutStrategy$6(DockerClientProviderStrategy.java:168) ~[testcontainers-1.16.3.jar:na]
	at org.rnorth.ducttape.unreliables.Unreliables.lambda$retryUntilSuccess$0(Unreliables.java:43) ~[duct-tape-1.0.8.jar:na]
	at java.base/java.util.concurrent.FutureTask.run(FutureTask.java:264) ~[na:na]
	at java.base/java.util.concurrent.ThreadPoolExecutor.runWorker(ThreadPoolExecutor.java:1128) ~[na:na]
	at java.base/java.util.concurrent.ThreadPoolExecutor$Worker.run(ThreadPoolExecutor.java:628) ~[na:na]
	at java.base/java.lang.Thread.run(Thread.java:829) ~[na:na]
Caused by: com.sun.jna.LastErrorException: [13] Permission denied
	at com.github.dockerjava.transport.LinuxDomainSocket.connect(Native Method) ~[docker-java-transport-3.2.12.jar:na]
	at com.github.dockerjava.transport.LinuxDomainSocket.connect(LinuxDomainSocket.java:49) ~[docker-java-transport-3.2.12.jar:na]
	at com.github.dockerjava.transport.DomainSocket.open(DomainSocket.java:69) ~[docker-java-transport-3.2.12.jar:na]
	at com.github.dockerjava.transport.DomainSocket.&lt;init&gt;(DomainSocket.java:59) ~[docker-java-transport-3.2.12.jar:na]
	... 40 common frames omitted
20:18:49.922 [ducttape-0] INFO  c.g.d.z.s.o.a.h.c.h.i.c.HttpRequestRetryExec - Recoverable I/O exception (java.io.IOException) caught when processing request to {}-&gt;unix://localhost:2375
20:18:49.925 [ducttape-0] DEBUG c.g.d.z.s.o.a.h.c.h.p.RequestAddCookies - Cookie spec selected: strict
20:18:49.926 [ducttape-0] DEBUG c.g.d.z.s.o.a.h.c.h.p.RequestAuthCache - Auth cache not set in the context
20:18:49.926 [ducttape-0] DEBUG c.g.d.z.s.o.a.h.c.h.i.c.ProtocolExec - ex-00000005: target auth state: UNCHALLENGED
20:18:49.929 [ducttape-0] DEBUG c.g.d.z.s.o.a.h.c.h.i.c.ProtocolExec - ex-00000005: proxy auth state: UNCHALLENGED
20:18:49.929 [ducttape-0] DEBUG c.g.d.z.s.o.a.h.c.h.i.c.ConnectExec - ex-00000005: acquiring connection with route {}-&gt;unix://localhost:2375
20:18:49.929 [ducttape-0] DEBUG c.g.d.z.s.o.a.h.c.h.i.c.InternalHttpClient - ex-00000005: acquiring endpoint (3 MINUTES)
20:18:49.929 [ducttape-0] DEBUG c.g.d.z.s.o.a.h.c.h.i.i.PoolingHttpClientConnectionManager - ex-00000005: endpoint lease request (3 MINUTES) [route: {}-&gt;unix://localhost:2375][total available: 0; route allocated: 0 of 2147483647; total allocated: 0 of 2147483647]
20:18:49.933 [ducttape-0] DEBUG c.g.d.z.s.o.a.h.c.h.i.i.PoolingHttpClientConnectionManager - ex-00000005: endpoint leased [route: {}-&gt;unix://localhost:2375][total available: 0; route allocated: 1 of 2147483647; total allocated: 1 of 2147483647]
20:18:49.940 [ducttape-0] DEBUG c.g.d.z.s.o.a.h.c.h.i.i.PoolingHttpClientConnectionManager - ex-00000005: acquired ep-00000009
20:18:49.940 [ducttape-0] DEBUG c.g.d.z.s.o.a.h.c.h.i.c.InternalHttpClient - ex-00000005: acquired endpoint ep-00000009
20:18:49.940 [ducttape-0] DEBUG c.g.d.z.s.o.a.h.c.h.i.c.ConnectExec - ex-00000005: opening connection {}-&gt;unix://localhost:2375
20:18:49.941 [ducttape-0] DEBUG c.g.d.z.s.o.a.h.c.h.i.c.InternalHttpClient - ep-00000009: connecting endpoint (3 MINUTES)
20:18:49.944 [ducttape-0] DEBUG c.g.d.z.s.o.a.h.c.h.i.i.PoolingHttpClientConnectionManager - ep-00000009: connecting endpoint to unix://localhost:2375 (3 MINUTES)
20:18:49.945 [ducttape-0] DEBUG c.g.d.z.s.o.a.h.c.h.i.i.DefaultManagedHttpClientConnection - http-outgoing-9: close connection IMMEDIATE
20:18:49.946 [ducttape-0] DEBUG c.g.d.z.s.o.a.h.c.h.i.c.InternalHttpClient - ep-00000009: endpoint closed
20:18:49.946 [ducttape-0] DEBUG c.g.d.z.s.o.a.h.c.h.i.c.InternalHttpClient - ep-00000009: discarding endpoint
20:18:49.946 [ducttape-0] DEBUG c.g.d.z.s.o.a.h.c.h.i.i.PoolingHttpClientConnectionManager - ep-00000009: releasing endpoint
20:18:49.946 [ducttape-0] DEBUG c.g.d.z.s.o.a.h.c.h.i.i.PoolingHttpClientConnectionManager - ep-00000009: connection is not kept alive
20:18:49.947 [ducttape-0] DEBUG c.g.d.z.s.o.a.h.c.h.i.i.PoolingHttpClientConnectionManager - ep-00000009: connection released [route: {}-&gt;unix://localhost:2375][total available: 0; route allocated: 0 of 2147483647; total allocated: 0 of 2147483647]
20:18:50.047 [ducttape-0] DEBUG o.t.d.DockerClientProviderStrategy - Pinging docker daemon...
20:18:50.047 [ducttape-0] DEBUG o.t.s.c.g.d.c.command.AbstrDockerCmd - Cmd: 
20:18:50.048 [ducttape-0] DEBUG c.g.d.z.s.o.a.h.c.h.i.c.InternalHttpClient - ex-00000006: preparing request execution
20:18:50.048 [ducttape-0] DEBUG c.g.d.z.s.o.a.h.c.h.p.RequestAddCookies - Cookie spec selected: strict
20:18:50.048 [ducttape-0] DEBUG c.g.d.z.s.o.a.h.c.h.p.RequestAuthCache - Auth cache not set in the context
20:18:50.048 [ducttape-0] DEBUG c.g.d.z.s.o.a.h.c.h.i.c.ProtocolExec - ex-00000006: target auth state: UNCHALLENGED
20:18:50.048 [ducttape-0] DEBUG c.g.d.z.s.o.a.h.c.h.i.c.ProtocolExec - ex-00000006: proxy auth state: UNCHALLENGED
20:18:50.048 [ducttape-0] DEBUG c.g.d.z.s.o.a.h.c.h.i.c.ConnectExec - ex-00000006: acquiring connection with route {}-&gt;unix://localhost:2375
20:18:50.048 [ducttape-0] DEBUG c.g.d.z.s.o.a.h.c.h.i.c.InternalHttpClient - ex-00000006: acquiring endpoint (3 MINUTES)
20:18:50.048 [ducttape-0] DEBUG c.g.d.z.s.o.a.h.c.h.i.i.PoolingHttpClientConnectionManager - ex-00000006: endpoint lease request (3 MINUTES) [route: {}-&gt;unix://localhost:2375][total available: 0; route allocated: 0 of 2147483647; total allocated: 0 of 2147483647]
20:18:50.049 [ducttape-0] DEBUG c.g.d.z.s.o.a.h.c.h.i.i.PoolingHttpClientConnectionManager - ex-00000006: endpoint leased [route: {}-&gt;unix://localhost:2375][total available: 0; route allocated: 1 of 2147483647; total allocated: 1 of 2147483647]
20:18:50.049 [ducttape-0] DEBUG c.g.d.z.s.o.a.h.c.h.i.i.PoolingHttpClientConnectionManager - ex-00000006: acquired ep-0000000A
20:18:50.049 [ducttape-0] DEBUG c.g.d.z.s.o.a.h.c.h.i.c.InternalHttpClient - ex-00000006: acquired endpoint ep-0000000A
20:18:50.049 [ducttape-0] DEBUG c.g.d.z.s.o.a.h.c.h.i.c.ConnectExec - ex-00000006: opening connection {}-&gt;unix://localhost:2375
20:18:50.049 [ducttape-0] DEBUG c.g.d.z.s.o.a.h.c.h.i.c.InternalHttpClient - ep-0000000A: connecting endpoint (3 MINUTES)
20:18:50.049 [ducttape-0] DEBUG c.g.d.z.s.o.a.h.c.h.i.i.PoolingHttpClientConnectionManager - ep-0000000A: connecting endpoint to unix://localhost:2375 (3 MINUTES)
20:18:50.050 [ducttape-0] DEBUG c.g.d.z.s.o.a.h.c.h.i.i.DefaultManagedHttpClientConnection - http-outgoing-10: close connection IMMEDIATE
20:18:50.050 [ducttape-0] DEBUG c.g.d.z.s.o.a.h.c.h.i.c.InternalHttpClient - ep-0000000A: endpoint closed
20:18:50.050 [ducttape-0] DEBUG c.g.d.z.s.o.a.h.c.h.i.c.InternalHttpClient - ep-0000000A: discarding endpoint
20:18:50.050 [ducttape-0] DEBUG c.g.d.z.s.o.a.h.c.h.i.i.PoolingHttpClientConnectionManager - ep-0000000A: releasing endpoint
20:18:50.050 [ducttape-0] DEBUG c.g.d.z.s.o.a.h.c.h.i.i.PoolingHttpClientConnectionManager - ep-0000000A: connection is not kept alive
20:18:50.050 [ducttape-0] DEBUG c.g.d.z.s.o.a.h.c.h.i.i.PoolingHttpClientConnectionManager - ep-0000000A: connection released [route: {}-&gt;unix://localhost:2375][total available: 0; route allocated: 0 of 2147483647; total allocated: 0 of 2147483647]
20:18:50.051 [ducttape-0] DEBUG c.g.d.z.s.o.a.h.c.h.i.c.HttpRequestRetryExec - ex-00000006: com.sun.jna.LastErrorException: [13] Permission denied
java.io.IOException: com.sun.jna.LastErrorException: [13] Permission denied
	at com.github.dockerjava.transport.DomainSocket.&lt;init&gt;(DomainSocket.java:63) ~[docker-java-transport-3.2.12.jar:na]
	at com.github.dockerjava.transport.LinuxDomainSocket.&lt;init&gt;(LinuxDomainSocket.java:41) ~[docker-java-transport-3.2.12.jar:na]
	at com.github.dockerjava.transport.DomainSocket.get(DomainSocket.java:140) ~[docker-java-transport-3.2.12.jar:na]
	at com.github.dockerjava.transport.UnixSocket.get(UnixSocket.java:27) ~[docker-java-transport-3.2.12.jar:na]
	at com.github.dockerjava.zerodep.ApacheDockerHttpClientImpl$2.createSocket(ApacheDockerHttpClientImpl.java:145) ~[docker-java-transport-zerodep-3.2.12.jar:na]
	at com.github.dockerjava.zerodep.shaded.org.apache.hc.client5.http.impl.io.DefaultHttpClientConnectionOperator.connect(DefaultHttpClientConnectionOperator.java:125) ~[docker-java-transport-zerodep-3.2.12.jar:na]
	at com.github.dockerjava.zerodep.shaded.org.apache.hc.client5.http.impl.io.PoolingHttpClientConnectionManager.connect(PoolingHttpClientConnectionManager.java:409) ~[docker-java-transport-zerodep-3.2.12.jar:na]
	at com.github.dockerjava.zerodep.shaded.org.apache.hc.client5.http.impl.classic.InternalExecRuntime.connectEndpoint(InternalExecRuntime.java:164) ~[docker-java-transport-zerodep-3.2.12.jar:na]
	at com.github.dockerjava.zerodep.shaded.org.apache.hc.client5.http.impl.classic.InternalExecRuntime.connectEndpoint(InternalExecRuntime.java:174) ~[docker-java-transport-zerodep-3.2.12.jar:na]
	at com.github.dockerjava.zerodep.shaded.org.apache.hc.client5.http.impl.classic.ConnectExec.execute(ConnectExec.java:135) ~[docker-java-transport-zerodep-3.2.12.jar:na]
	at com.github.dockerjava.zerodep.shaded.org.apache.hc.client5.http.impl.classic.ExecChainElement.execute(ExecChainElement.java:51) ~[docker-java-transport-zerodep-3.2.12.jar:na]
	at com.github.dockerjava.zerodep.shaded.org.apache.hc.client5.http.impl.classic.ExecChainElement$1.proceed(ExecChainElement.java:57) ~[docker-java-transport-zerodep-3.2.12.jar:na]
	at com.github.dockerjava.zerodep.shaded.org.apache.hc.client5.http.impl.classic.ProtocolExec.execute(ProtocolExec.java:172) ~[docker-java-transport-zerodep-3.2.12.jar:na]
	at com.github.dockerjava.zerodep.shaded.org.apache.hc.client5.http.impl.classic.ExecChainElement.execute(ExecChainElement.java:51) ~[docker-java-transport-zerodep-3.2.12.jar:na]
	at com.github.dockerjava.zerodep.shaded.org.apache.hc.client5.http.impl.classic.ExecChainElement$1.proceed(ExecChainElement.java:57) ~[docker-java-transport-zerodep-3.2.12.jar:na]
	at com.github.dockerjava.zerodep.shaded.org.apache.hc.client5.http.impl.classic.HttpRequestRetryExec.execute(HttpRequestRetryExec.java:93) ~[docker-java-transport-zerodep-3.2.12.jar:na]
	at com.github.dockerjava.zerodep.shaded.org.apache.hc.client5.http.impl.classic.ExecChainElement.execute(ExecChainElement.java:51) ~[docker-java-transport-zerodep-3.2.12.jar:na]
	at com.github.dockerjava.zerodep.shaded.org.apache.hc.client5.http.impl.classic.ExecChainElement$1.proceed(ExecChainElement.java:57) ~[docker-java-transport-zerodep-3.2.12.jar:na]
	at com.github.dockerjava.zerodep.shaded.org.apache.hc.client5.http.impl.classic.ContentCompressionExec.execute(ContentCompressionExec.java:128) ~[docker-java-transport-zerodep-3.2.12.jar:na]
	at com.github.dockerjava.zerodep.shaded.org.apache.hc.client5.http.impl.classic.ExecChainElement.execute(ExecChainElement.java:51) ~[docker-java-transport-zerodep-3.2.12.jar:na]
	at com.github.dockerjava.zerodep.shaded.org.apache.hc.client5.http.impl.classic.ExecChainElement$1.proceed(ExecChainElement.java:57) ~[docker-java-transport-zerodep-3.2.12.jar:na]
	at com.github.dockerjava.zerodep.shaded.org.apache.hc.client5.http.impl.classic.RedirectExec.execute(RedirectExec.java:116) ~[docker-java-transport-zerodep-3.2.12.jar:na]
	at com.github.dockerjava.zerodep.shaded.org.apache.hc.client5.http.impl.classic.ExecChainElement.execute(ExecChainElement.java:51) ~[docker-java-transport-zerodep-3.2.12.jar:na]
	at com.github.dockerjava.zerodep.shaded.org.apache.hc.client5.http.impl.classic.InternalHttpClient.doExecute(InternalHttpClient.java:178) ~[docker-java-transport-zerodep-3.2.12.jar:na]
	at com.github.dockerjava.zerodep.shaded.org.apache.hc.client5.http.impl.classic.CloseableHttpClient.execute(CloseableHttpClient.java:67) ~[docker-java-transport-zerodep-3.2.12.jar:na]
	at com.github.dockerjava.zerodep.ApacheDockerHttpClientImpl.execute(ApacheDockerHttpClientImpl.java:183) ~[docker-java-transport-zerodep-3.2.12.jar:na]
	at com.github.dockerjava.zerodep.ZerodepDockerHttpClient.execute(ZerodepDockerHttpClient.java:8) ~[docker-java-transport-zerodep-3.2.12.jar:na]
	at org.testcontainers.shaded.com.github.dockerjava.core.DefaultInvocationBuilder.execute(DefaultInvocationBuilder.java:228) ~[testcontainers-1.16.3.jar:na]
	at org.testcontainers.shaded.com.github.dockerjava.core.DefaultInvocationBuilder.get(DefaultInvocationBuilder.java:202) ~[testcontainers-1.16.3.jar:na]
	at org.testcontainers.shaded.com.github.dockerjava.core.DefaultInvocationBuilder.get(DefaultInvocationBuilder.java:74) ~[testcontainers-1.16.3.jar:na]
	at org.testcontainers.shaded.com.github.dockerjava.core.exec.InfoCmdExec.exec(InfoCmdExec.java:24) ~[testcontainers-1.16.3.jar:na]
	at org.testcontainers.shaded.com.github.dockerjava.core.exec.InfoCmdExec.exec(InfoCmdExec.java:14) ~[testcontainers-1.16.3.jar:na]
	at org.testcontainers.shaded.com.github.dockerjava.core.command.AbstrDockerCmd.exec(AbstrDockerCmd.java:35) ~[testcontainers-1.16.3.jar:na]
	at org.testcontainers.dockerclient.DockerClientProviderStrategy.lambda$null$5(DockerClientProviderStrategy.java:170) ~[testcontainers-1.16.3.jar:na]
	at org.rnorth.ducttape.ratelimits.RateLimiter.getWhenReady(RateLimiter.java:51) ~[duct-tape-1.0.8.jar:na]
	at org.testcontainers.dockerclient.DockerClientProviderStrategy.lambda$tryOutStrategy$6(DockerClientProviderStrategy.java:168) ~[testcontainers-1.16.3.jar:na]
	at org.rnorth.ducttape.unreliables.Unreliables.lambda$retryUntilSuccess$0(Unreliables.java:43) ~[duct-tape-1.0.8.jar:na]
	at java.base/java.util.concurrent.FutureTask.run(FutureTask.java:264) ~[na:na]
	at java.base/java.util.concurrent.ThreadPoolExecutor.runWorker(ThreadPoolExecutor.java:1128) ~[na:na]
	at java.base/java.util.concurrent.ThreadPoolExecutor$Worker.run(ThreadPoolExecutor.java:628) ~[na:na]
	at java.base/java.lang.Thread.run(Thread.java:829) ~[na:na]
Caused by: com.sun.jna.LastErrorException: [13] Permission denied
	at com.github.dockerjava.transport.LinuxDomainSocket.connect(Native Method) ~[docker-java-transport-3.2.12.jar:na]
[...]
	at org.rnorth.ducttape.ratelimits.RateLimiter.getWhenReady(RateLimiter.java:51) ~[duct-tape-1.0.8.jar:na]
	at org.testcontainers.dockerclient.DockerClientProviderStrategy.lambda$tryOutStrategy$6(DockerClientProviderStrategy.java:168) ~[testcontainers-1.16.3.jar:na]
	at org.rnorth.ducttape.unreliables.Unreliables.lambda$retryUntilSuccess$0(Unreliables.java:43) ~[duct-tape-1.0.8.jar:na]
	at java.base/java.util.concurrent.FutureTask.run(FutureTask.java:264) ~[na:na]
	at java.base/java.util.concurrent.ThreadPoolExecutor.runWorker(ThreadPoolExecutor.java:1128) ~[na:na]
	at java.base/java.util.concurrent.ThreadPoolExecutor$Worker.run(ThreadPoolExecutor.java:628) ~[na:na]
	at java.base/java.lang.Thread.run(Thread.java:829) ~[na:na]
Caused by: com.sun.jna.LastErrorException: [13] Permission denied
	at com.github.dockerjava.transport.LinuxDomainSocket.connect(Native Method) ~[docker-java-transport-3.2.12.jar:na]
	at com.github.dockerjava.transport.LinuxDomainSocket.connect(LinuxDomainSocket.java:49) ~[docker-java-transport-3.2.12.jar:na]
	at com.github.dockerjava.transport.DomainSocket.open(DomainSocket.java:69) ~[docker-java-transport-3.2.12.jar:na]
	at com.github.dockerjava.transport.DomainSocket.&lt;init&gt;(DomainSocket.java:59) ~[docker-java-transport-3.2.12.jar:na]
	... 40 common frames omitted
20:18:53.283 [ducttape-0] INFO  c.g.d.z.s.o.a.h.c.h.i.c.HttpRequestRetryExec - Recoverable I/O exception (java.io.IOException) caught when processing request to {}-&gt;unix://localhost:2375
20:18:53.284 [ducttape-0] DEBUG c.g.d.z.s.o.a.h.c.h.p.RequestAddCookies - Cookie spec selected: strict
20:18:53.286 [ducttape-0] DEBUG c.g.d.z.s.o.a.h.c.h.p.RequestAuthCache - Auth cache not set in the context
20:18:53.286 [ducttape-0] DEBUG c.g.d.z.s.o.a.h.c.h.i.c.ProtocolExec - ex-0000001E: target auth state: UNCHALLENGED
20:18:53.286 [ducttape-0] DEBUG c.g.d.z.s.o.a.h.c.h.i.c.ProtocolExec - ex-0000001E: proxy auth state: UNCHALLENGED
20:18:53.286 [ducttape-0] DEBUG c.g.d.z.s.o.a.h.c.h.i.c.ConnectExec - ex-0000001E: acquiring connection with route {}-&gt;unix://localhost:2375
20:18:53.286 [ducttape-0] DEBUG c.g.d.z.s.o.a.h.c.h.i.c.InternalHttpClient - ex-0000001E: acquiring endpoint (3 MINUTES)
20:18:53.287 [ducttape-0] DEBUG c.g.d.z.s.o.a.h.c.h.i.i.PoolingHttpClientConnectionManager - ex-0000001E: endpoint lease request (3 MINUTES) [route: {}-&gt;unix://localhost:2375][total available: 0; route allocated: 0 of 2147483647; total allocated: 0 of 2147483647]
20:18:53.287 [ducttape-0] DEBUG c.g.d.z.s.o.a.h.c.h.i.i.PoolingHttpClientConnectionManager - ex-0000001E: endpoint leased [route: {}-&gt;unix://localhost:2375][total available: 0; route allocated: 1 of 2147483647; total allocated: 1 of 2147483647]
20:18:53.287 [ducttape-0] DEBUG c.g.d.z.s.o.a.h.c.h.i.i.PoolingHttpClientConnectionManager - ex-0000001E: acquired ep-0000003B
20:18:53.287 [ducttape-0] DEBUG c.g.d.z.s.o.a.h.c.h.i.c.InternalHttpClient - ex-0000001E: acquired endpoint ep-0000003B
20:18:53.287 [ducttape-0] DEBUG c.g.d.z.s.o.a.h.c.h.i.c.ConnectExec - ex-0000001E: opening connection {}-&gt;unix://localhost:2375
20:18:53.287 [ducttape-0] DEBUG c.g.d.z.s.o.a.h.c.h.i.c.InternalHttpClient - ep-0000003B: connecting endpoint (3 MINUTES)
20:18:53.287 [ducttape-0] DEBUG c.g.d.z.s.o.a.h.c.h.i.i.PoolingHttpClientConnectionManager - ep-0000003B: connecting endpoint to unix://localhost:2375 (3 MINUTES)
20:18:53.290 [ducttape-0] DEBUG c.g.d.z.s.o.a.h.c.h.i.i.DefaultManagedHttpClientConnection - http-outgoing-59: close connection IMMEDIATE
20:18:53.290 [ducttape-0] DEBUG c.g.d.z.s.o.a.h.c.h.i.c.InternalHttpClient - ep-0000003B: endpoint closed
20:18:53.290 [ducttape-0] DEBUG c.g.d.z.s.o.a.h.c.h.i.c.InternalHttpClient - ep-0000003B: discarding endpoint
20:18:53.290 [ducttape-0] DEBUG c.g.d.z.s.o.a.h.c.h.i.i.PoolingHttpClientConnectionManager - ep-0000003B: releasing endpoint
20:18:53.290 [ducttape-0] DEBUG c.g.d.z.s.o.a.h.c.h.i.i.PoolingHttpClientConnectionManager - ep-0000003B: connection is not kept alive
20:18:53.290 [ducttape-0] DEBUG c.g.d.z.s.o.a.h.c.h.i.i.PoolingHttpClientConnectionManager - ep-0000003B: connection released [route: {}-&gt;unix://localhost:2375][total available: 0; route allocated: 0 of 2147483647; total allocated: 0 of 2147483647]
20:18:53.391 [ducttape-0] DEBUG o.t.d.DockerClientProviderStrategy - Pinging docker daemon...
20:18:53.391 [ducttape-0] DEBUG o.t.s.c.g.d.c.command.AbstrDockerCmd - Cmd: 
20:18:53.392 [ducttape-0] DEBUG c.g.d.z.s.o.a.h.c.h.i.c.InternalHttpClient - ex-0000001F: preparing request execution
20:18:53.392 [ducttape-0] DEBUG c.g.d.z.s.o.a.h.c.h.p.RequestAddCookies - Cookie spec selected: strict
20:18:53.392 [ducttape-0] DEBUG c.g.d.z.s.o.a.h.c.h.p.RequestAuthCache - Auth cache not set in the context
20:18:53.393 [ducttape-0] DEBUG c.g.d.z.s.o.a.h.c.h.i.c.ProtocolExec - ex-0000001F: target auth state: UNCHALLENGED
20:18:53.393 [ducttape-0] DEBUG c.g.d.z.s.o.a.h.c.h.i.c.ProtocolExec - ex-0000001F: proxy auth state: UNCHALLENGED
20:18:53.393 [ducttape-0] DEBUG c.g.d.z.s.o.a.h.c.h.i.c.ConnectExec - ex-0000001F: acquiring connection with route {}-&gt;unix://localhost:2375
20:18:53.393 [ducttape-0] DEBUG c.g.d.z.s.o.a.h.c.h.i.c.InternalHttpClient - ex-0000001F: acquiring endpoint (3 MINUTES)
20:18:53.393 [ducttape-0] DEBUG c.g.d.z.s.o.a.h.c.h.i.i.PoolingHttpClientConnectionManager - ex-0000001F: endpoint lease request (3 MINUTES) [route: {}-&gt;unix://localhost:2375][total available: 0; route allocated: 0 of 2147483647; total allocated: 0 of 2147483647]
20:18:53.393 [ducttape-0] DEBUG c.g.d.z.s.o.a.h.c.h.i.i.PoolingHttpClientConnectionManager - ex-0000001F: endpoint leased [route: {}-&gt;unix://localhost:2375][total available: 0; route allocated: 1 of 2147483647; total allocated: 1 of 2147483647]
20:18:53.394 [ducttape-0] DEBUG c.g.d.z.s.o.a.h.c.h.i.i.PoolingHttpClientConnectionManager - ex-0000001F: acquired ep-0000003C
20:18:53.396 [ducttape-0] DEBUG c.g.d.z.s.o.a.h.c.h.i.c.InternalHttpClient - ex-0000001F: acquired endpoint ep-0000003C
20:18:53.396 [ducttape-0] DEBUG c.g.d.z.s.o.a.h.c.h.i.c.ConnectExec - ex-0000001F: opening connection {}-&gt;unix://localhost:2375
20:18:53.396 [ducttape-0] DEBUG c.g.d.z.s.o.a.h.c.h.i.c.InternalHttpClient - ep-0000003C: connecting endpoint (3 MINUTES)
20:18:53.396 [ducttape-0] DEBUG c.g.d.z.s.o.a.h.c.h.i.i.PoolingHttpClientConnectionManager - ep-0000003C: connecting endpoint to unix://localhost:2375 (3 MINUTES)
20:18:53.398 [ducttape-0] DEBUG c.g.d.z.s.o.a.h.c.h.i.i.DefaultManagedHttpClientConnection - http-outgoing-60: close connection IMMEDIATE
20:18:53.400 [ducttape-0] DEBUG c.g.d.z.s.o.a.h.c.h.i.c.InternalHttpClient - ep-0000003C: endpoint closed
20:18:53.400 [ducttape-0] DEBUG c.g.d.z.s.o.a.h.c.h.i.c.InternalHttpClient - ep-0000003C: discarding endpoint
20:18:53.400 [ducttape-0] DEBUG c.g.d.z.s.o.a.h.c.h.i.i.PoolingHttpClientConnectionManager - ep-0000003C: releasing endpoint
20:18:53.400 [ducttape-0] DEBUG c.g.d.z.s.o.a.h.c.h.i.i.PoolingHttpClientConnectionManager - ep-0000003C: connection is not kept alive
20:18:53.401 [ducttape-0] DEBUG c.g.d.z.s.o.a.h.c.h.i.i.PoolingHttpClientConnectionManager - ep-0000003C: connection released [route: {}-&gt;unix://localhost:2375][total available: 0; route allocated: 0 of 2147483647; total allocated: 0 of 2147483647]
20:18:53.413 [ducttape-0] DEBUG c.g.d.z.s.o.a.h.c.h.i.c.HttpRequestRetryExec - ex-0000001F: com.sun.jna.LastErrorException: [13] Permission denied
java.io.IOException: com.sun.jna.LastErrorException: [13] Permission denied
	at com.github.dockerjava.transport.DomainSocket.&lt;init&gt;(DomainSocket.java:63) ~[docker-java-transport-3.2.12.jar:na]
	at com.github.dockerjava.transport.LinuxDomainSocket.&lt;init&gt;(LinuxDomainSocket.java:41) ~[docker-java-transport-3.2.12.jar:na]
	at com.github.dockerjava.transport.DomainSocket.get(DomainSocket.java:140) ~[docker-java-transport-3.2.12.jar:na]
	at com.github.dockerjava.transport.UnixSocket.get(UnixSocket.java:27) ~[docker-java-transport-3.2.12.jar:na]
	at com.github.dockerjava.zerodep.ApacheDockerHttpClientImpl$2.createSocket(ApacheDockerHttpClientImpl.java:145) ~[docker-java-transport-zerodep-3.2.12.jar:na]
	at com.github.dockerjava.zerodep.shaded.org.apache.hc.client5.http.impl.io.DefaultHttpClientConnectionOperator.connect(DefaultHttpClientConnectionOperator.java:125) ~[docker-java-transport-zerodep-3.2.12.jar:na]
	at com.github.dockerjava.zerodep.shaded.org.apache.hc.client5.http.impl.io.PoolingHttpClientConnectionManager.connect(PoolingHttpClientConnectionManager.java:409) ~[docker-java-transport-zerodep-3.2.12.jar:na]
	at com.github.dockerjava.zerodep.shaded.org.apache.hc.client5.http.impl.classic.InternalExecRuntime.connectEndpoint(InternalExecRuntime.java:164) ~[docker-java-transport-zerodep-3.2.12.jar:na]
	at com.github.dockerjava.zerodep.shaded.org.apache.hc.client5.http.impl.classic.InternalExecRuntime.connectEndpoint(InternalExecRuntime.java:174) ~[docker-java-transport-zerodep-3.2.12.jar:na]
	at com.github.dockerjava.zerodep.shaded.org.apache.hc.client5.http.impl.classic.ConnectExec.execute(ConnectExec.java:135) ~[docker-java-transport-zerodep-3.2.12.jar:na]
	at com.github.dockerjava.zerodep.shaded.org.apache.hc.client5.http.impl.classic.ExecChainElement.execute(ExecChainElement.java:51) ~[docker-java-transport-zerodep-3.2.12.jar:na]
	at com.github.dockerjava.zerodep.shaded.org.apache.hc.client5.http.impl.classic.ExecChainElement$1.proceed(ExecChainElement.java:57) ~[docker-java-transport-zerodep-3.2.12.jar:na]
	at com.github.dockerjava.zerodep.shaded.org.apache.hc.client5.http.impl.classic.ProtocolExec.execute(ProtocolExec.java:172) ~[docker-java-transport-zerodep-3.2.12.jar:na]
	at com.github.dockerjava.zerodep.shaded.org.apache.hc.client5.http.impl.classic.ExecChainElement.execute(ExecChainElement.java:51) ~[docker-java-transport-zerodep-3.2.12.jar:na]
	at com.github.dockerjava.zerodep.shaded.org.apache.hc.client5.http.impl.classic.ExecChainElement$1.proceed(ExecChainElement.java:57) ~[docker-java-transport-zerodep-3.2.12.jar:na]
	at com.github.dockerjava.zerodep.shaded.org.apache.hc.client5.http.impl.classic.HttpRequestRetryExec.execute(HttpRequestRetryExec.java:93) ~[docker-java-transport-zerodep-3.2.12.jar:na]
	at com.github.dockerjava.zerodep.shaded.org.apache.hc.client5.http.impl.classic.ExecChainElement.execute(ExecChainElement.java:51) ~[docker-java-transport-zerodep-3.2.12.jar:na]
	at com.github.dockerjava.zerodep.shaded.org.apache.hc.client5.http.impl.classic.ExecChainElement$1.proceed(ExecChainElement.java:57) ~[docker-java-transport-zerodep-3.2.12.jar:na]
	at com.github.dockerjava.zerodep.shaded.org.apache.hc.client5.http.impl.classic.ContentCompressionExec.execute(ContentCompressionExec.java:128) ~[docker-java-transport-zerodep-3.2.12.jar:na]
	at com.github.dockerjava.zerodep.shaded.org.apache.hc.client5.http.impl.classic.ExecChainElement.execute(ExecChainElement.java:51) ~[docker-java-transport-zerodep-3.2.12.jar:na]
	at com.github.dockerjava.zerodep.shaded.org.apache.hc.client5.http.impl.classic.ExecChainElement$1.proceed(ExecChainElement.java:57) ~[docker-java-transport-zerodep-3.2.12.jar:na]
	at com.github.dockerjava.zerodep.shaded.org.apache.hc.client5.http.impl.classic.RedirectExec.execute(RedirectExec.java:116) ~[docker-java-transport-zerodep-3.2.12.jar:na]
	at com.github.dockerjava.zerodep.shaded.org.apache.hc.client5.http.impl.classic.ExecChainElement.execute(ExecChainElement.java:51) ~[docker-java-transport-zerodep-3.2.12.jar:na]
	at com.github.dockerjava.zerodep.shaded.org.apache.hc.client5.http.impl.classic.InternalHttpClient.doExecute(InternalHttpClient.java:178) ~[docker-java-transport-zerodep-3.2.12.jar:na]
	at com.github.dockerjava.zerodep.shaded.org.apache.hc.client5.http.impl.classic.CloseableHttpClient.execute(CloseableHttpClient.java:67) ~[docker-java-transport-zerodep-3.2.12.jar:na]
	at com.github.dockerjava.zerodep.ApacheDockerHttpClientImpl.execute(ApacheDockerHttpClientImpl.java:183) ~[docker-java-transport-zerodep-3.2.12.jar:na]
	at com.github.dockerjava.zerodep.ZerodepDockerHttpClient.execute(ZerodepDockerHttpClient.java:8) ~[docker-java-transport-zerodep-3.2.12.jar:na]
	at org.testcontainers.shaded.com.github.dockerjava.core.DefaultInvocationBuilder.execute(DefaultInvocationBuilder.java:228) ~[testcontainers-1.16.3.jar:na]
	at org.testcontainers.shaded.com.github.dockerjava.core.DefaultInvocationBuilder.get(DefaultInvocationBuilder.java:202) ~[testcontainers-1.16.3.jar:na]
	at org.testcontainers.shaded.com.github.dockerjava.core.DefaultInvocationBuilder.get(DefaultInvocationBuilder.java:74) ~[testcontainers-1.16.3.jar:na]
	at org.testcontainers.shaded.com.github.dockerjava.core.exec.InfoCmdExec.exec(InfoCmdExec.java:24) ~[testcontainers-1.16.3.jar:na]
	at org.testcontainers.shaded.com.github.dockerjava.core.exec.InfoCmdExec.exec(InfoCmdExec.java:14) ~[testcontainers-1.16.3.jar:na]
	at org.testcontainers.shaded.com.github.dockerjava.core.command.AbstrDockerCmd.exec(AbstrDockerCmd.java:35) ~[testcontainers-1.16.3.jar:na]
	at org.testcontainers.dockerclient.DockerClientProviderStrategy.lambda$null$5(DockerClientProviderStrategy.java:170) ~[testcontainers-1.16.3.jar:na]
	at org.rnorth.ducttape.ratelimits.RateLimiter.getWhenReady(RateLimiter.java:51) ~[duct-tape-1.0.8.jar:na]
	at org.testcontainers.dockerclient.DockerClientProviderStrategy.lambda$tryOutStrategy$6(DockerClientProviderStrategy.java:168) ~[testcontainers-1.16.3.jar:na]
	at org.rnorth.ducttape.unreliables.Unreliables.lambda$retryUntilSuccess$0(Unreliables.java:43) ~[duct-tape-1.0.8.jar:na]
	at java.base/java.util.concurrent.FutureTask.run(FutureTask.java:264) ~[na:na]
	at java.base/java.util.concurrent.ThreadPoolExecutor.runWorker(ThreadPoolExecutor.java:1128) ~[na:na]
	at java.base/java.util.concurrent.ThreadPoolExecutor$Worker.run(ThreadPoolExecutor.java:628) ~[na:na]
	at java.base/java.lang.Thread.run(Thread.java:829) ~[na:na]
Caused by: com.sun.jna.LastErrorException: [13] Permission denied
	at com.github.dockerjava.transport.LinuxDomainSocket.connect(Native Method) ~[docker-java-transport-3.2.12.jar:na]
	at com.github.dockerjava.transport.LinuxDomainSocket.connect(LinuxDomainSocket.java:49) ~[docker-java-transport-3.2.12.jar:na]
	at com.github.dockerjava.transport.DomainSocket.open(DomainSocket.java:69) ~[docker-java-transport-3.2.12.jar:na]
	at com.github.dockerjava.transport.DomainSocket.&lt;init&gt;(DomainSocket.java:59) ~[docker-java-transport-3.2.12.jar:na]
	... 40 common frames omitted
20:18:53.417 [ducttape-0] INFO  c.g.d.z.s.o.a.h.c.h.i.c.HttpRequestRetryExec - Recoverable I/O exception (java.io.IOException) caught when processing request to {}-&gt;unix://localhost:2375
20:18:53.417 [ducttape-0] DEBUG c.g.d.z.s.o.a.h.c.h.p.RequestAddCookies - Cookie spec selected: strict
20:18:53.418 [ducttape-0] DEBUG c.g.d.z.s.o.a.h.c.h.p.RequestAuthCache - Auth cache not set in the context
20:18:53.418 [ducttape-0] DEBUG c.g.d.z.s.o.a.h.c.h.i.c.ProtocolExec - ex-0000001F: target auth state: UNCHALLENGED
20:18:53.418 [ducttape-0] DEBUG c.g.d.z.s.o.a.h.c.h.i.c.ProtocolExec - ex-0000001F: proxy auth state: UNCHALLENGED
20:18:53.418 [ducttape-0] DEBUG c.g.d.z.s.o.a.h.c.h.i.c.ConnectExec - ex-0000001F: acquiring connection with route {}-&gt;unix://localhost:2375
20:18:53.418 [ducttape-0] DEBUG c.g.d.z.s.o.a.h.c.h.i.c.InternalHttpClient - ex-0000001F: acquiring endpoint (3 MINUTES)
20:18:53.418 [ducttape-0] DEBUG c.g.d.z.s.o.a.h.c.h.i.i.PoolingHttpClientConnectionManager - ex-0000001F: endpoint lease request (3 MINUTES) [route: {}-&gt;unix://localhost:2375][total available: 0; route allocated: 0 of 2147483647; total allocated: 0 of 2147483647]
20:18:53.418 [ducttape-0] DEBUG c.g.d.z.s.o.a.h.c.h.i.i.PoolingHttpClientConnectionManager - ex-0000001F: endpoint leased [route: {}-&gt;unix://localhost:2375][total available: 0; route allocated: 1 of 2147483647; total allocated: 1 of 2147483647]
20:18:53.419 [ducttape-0] DEBUG c.g.d.z.s.o.a.h.c.h.i.i.PoolingHttpClientConnectionManager - ex-0000001F: acquired ep-0000003D
20:18:53.419 [ducttape-0] DEBUG c.g.d.z.s.o.a.h.c.h.i.c.InternalHttpClient - ex-0000001F: acquired endpoint ep-0000003D
20:18:53.419 [ducttape-0] DEBUG c.g.d.z.s.o.a.h.c.h.i.c.ConnectExec - ex-0000001F: opening connection {}-&gt;unix://localhost:2375
20:18:53.419 [ducttape-0] DEBUG c.g.d.z.s.o.a.h.c.h.i.c.InternalHttpClient - ep-0000003D: connecting endpoint (3 MINUTES)
20:18:53.419 [ducttape-0] DEBUG c.g.d.z.s.o.a.h.c.h.i.i.PoolingHttpClientConnectionManager - ep-0000003D: connecting endpoint to unix://localhost:2375 (3 MINUTES)
20:18:53.419 [ducttape-0] DEBUG c.g.d.z.s.o.a.h.c.h.i.i.DefaultManagedHttpClientConnection - http-outgoing-61: close connection IMMEDIATE
20:18:53.420 [ducttape-0] DEBUG c.g.d.z.s.o.a.h.c.h.i.c.InternalHttpClient - ep-0000003D: endpoint closed
20:18:53.420 [ducttape-0] DEBUG c.g.d.z.s.o.a.h.c.h.i.c.InternalHttpClient - ep-0000003D: discarding endpoint
20:18:53.420 [ducttape-0] DEBUG c.g.d.z.s.o.a.h.c.h.i.i.PoolingHttpClientConnectionManager - ep-0000003D: releasing endpoint
20:18:53.420 [ducttape-0] DEBUG c.g.d.z.s.o.a.h.c.h.i.i.PoolingHttpClientConnectionManager - ep-0000003D: connection is not kept alive
20:18:53.420 [ducttape-0] DEBUG c.g.d.z.s.o.a.h.c.h.i.i.PoolingHttpClientConnectionManager - ep-0000003D: connection released [route: {}-&gt;unix://localhost:2375][total available: 0; route allocated: 0 of 2147483647; total allocated: 0 of 2147483647]
20:18:53.490 [main] DEBUG c.g.d.z.s.o.a.h.c.h.i.i.PoolingHttpClientConnectionManager - Shutdown connection pool GRACEFUL
20:18:53.491 [main] DEBUG c.g.d.z.s.o.a.h.c.h.i.i.PoolingHttpClientConnectionManager - Connection pool shut down
20:18:53.493 [main] DEBUG o.t.d.DockerClientProviderStrategy - UnixSocketClientProviderStrategy: failed with exception TimeoutException (Timeout waiting for result with exception). Root cause LastErrorException ([13] Permission denied)
20:18:53.502 [main] INFO  o.t.d.DockerMachineClientProviderStrategy - docker-machine executable was not found on PATH ([/usr/local/sbin, /usr/local/bin, /usr/sbin, /usr/bin, /sbin, /bin, /usr/games, /usr/local/games, /snap/bin])
20:18:53.508 [main] ERROR o.t.d.DockerClientProviderStrategy - Could not find a valid Docker environment. Please check configuration. Attempted configurations were:
20:18:53.511 [main] ERROR o.t.d.DockerClientProviderStrategy -     UnixSocketClientProviderStrategy: failed with exception TimeoutException (Timeout waiting for result with exception). Root cause LastErrorException ([13] Permission denied)
20:18:53.511 [main] ERROR o.t.d.DockerClientProviderStrategy - As no valid configuration was found, execution cannot continue
20:18:53.522 [ducttape-0] DEBUG o.t.d.DockerClientProviderStrategy - Pinging docker daemon...
20:18:53.522 [ducttape-0] DEBUG o.t.s.c.g.d.c.command.AbstrDockerCmd - Cmd: 
20:18:53.522 [ducttape-0] DEBUG c.g.d.z.s.o.a.h.c.h.i.c.InternalHttpClient - ex-00000020: preparing request execution
20:18:53.522 [ducttape-0] DEBUG c.g.d.z.s.o.a.h.c.h.p.RequestAddCookies - Cookie spec selected: strict
20:18:53.522 [ducttape-0] DEBUG c.g.d.z.s.o.a.h.c.h.p.RequestAuthCache - Auth cache not set in the context
20:18:53.522 [ducttape-0] DEBUG c.g.d.z.s.o.a.h.c.h.i.c.ProtocolExec - ex-00000020: target auth state: UNCHALLENGED
20:18:53.522 [ducttape-0] DEBUG c.g.d.z.s.o.a.h.c.h.i.c.ProtocolExec - ex-00000020: proxy auth state: UNCHALLENGED
20:18:53.522 [ducttape-0] DEBUG c.g.d.z.s.o.a.h.c.h.i.c.ConnectExec - ex-00000020: acquiring connection with route {}-&gt;unix://localhost:2375
20:18:53.522 [ducttape-0] DEBUG c.g.d.z.s.o.a.h.c.h.i.c.InternalHttpClient - ex-00000020: acquiring endpoint (3 MINUTES)
20:18:53.522 [ducttape-0] DEBUG c.g.d.z.s.o.a.h.c.h.i.i.PoolingHttpClientConnectionManager - ex-00000020: endpoint lease request (3 MINUTES) [route: {}-&gt;unix://localhost:2375][total available: 0; route allocated: 0 of 2147483647; total allocated: 0 of 2147483647]
</system-out>
  </testcase>
</testsuite>