<?xml version="1.0" encoding="UTF-8" ?>
<testsuite tests="2" failures="1" name="MenuCliTest" time="83.299" errors="0" skipped="0">
  <properties>
[...]
</properties>
  <testcase classname="MenuCliTest" name="testDeleteMenuCommandLineNotExisting" time="44.458"/>
  <testcase classname="MenuCliTest" name="testDeleteMenuCommandLine" time="38.841">
    <failure message="expected:&lt;0&gt; but was:&lt;1&gt;" type="java.lang.AssertionError">java.lang.AssertionError: expected:&lt;0&gt; but was:&lt;1&gt;
	at org.junit.Assert.fail(Assert.java:88)
	at org.junit.Assert.failNotEquals(Assert.java:834)
	at org.junit.Assert.assertEquals(Assert.java:645)
	at org.junit.Assert.assertEquals(Assert.java:631)
	at MenuCliTest.testDeleteMenuCommandLine(MenuCliTest.java:40)
	at java.base/jdk.internal.reflect.NativeMethodAccessorImpl.invoke0(Native Method)
	at java.base/jdk.internal.reflect.NativeMethodAccessorImpl.invoke(NativeMethodAccessorImpl.java:62)
	at java.base/jdk.internal.reflect.DelegatingMethodAccessorImpl.invoke(DelegatingMethodAccessorImpl.java:43)
	at java.base/java.lang.reflect.Method.invoke(Method.java:566)
	at org.junit.runners.model.FrameworkMethod$1.runReflectiveCall(FrameworkMethod.java:50)
	at org.junit.internal.runners.model.ReflectiveCallable.run(ReflectiveCallable.java:12)
	at org.junit.runners.model.FrameworkMethod.invokeExplosively(FrameworkMethod.java:47)
	at org.junit.internal.runners.statements.InvokeMethod.evaluate(InvokeMethod.java:17)
	at org.junit.internal.runners.statements.RunBefores.evaluate(RunBefores.java:26)
	at org.testcontainers.containers.FailureDetectingExternalResource$1.evaluate(FailureDetectingExternalResource.java:30)
	at org.junit.rules.RunRules.evaluate(RunRules.java:20)
	at org.junit.runners.ParentRunner.runLeaf(ParentRunner.java:325)
	at org.junit.runners.BlockJUnit4ClassRunner.runChild(BlockJUnit4ClassRunner.java:78)
	at org.junit.runners.BlockJUnit4ClassRunner.runChild(BlockJUnit4ClassRunner.java:57)
	at org.junit.runners.ParentRunner$3.run(ParentRunner.java:290)
	at org.junit.runners.ParentRunner$1.schedule(ParentRunner.java:71)
	at org.junit.runners.ParentRunner.runChildren(ParentRunner.java:288)
	at org.junit.runners.ParentRunner.access$000(ParentRunner.java:58)
	at org.junit.runners.ParentRunner$2.evaluate(ParentRunner.java:268)
	at org.junit.runners.ParentRunner.run(ParentRunner.java:363)
	at org.apache.maven.surefire.junit4.JUnit4Provider.execute(JUnit4Provider.java:252)
	at org.apache.maven.surefire.junit4.JUnit4Provider.executeTestSet(JUnit4Provider.java:141)
	at org.apache.maven.surefire.junit4.JUnit4Provider.invoke(JUnit4Provider.java:112)
	at java.base/jdk.internal.reflect.NativeMethodAccessorImpl.invoke0(Native Method)
	at java.base/jdk.internal.reflect.NativeMethodAccessorImpl.invoke(NativeMethodAccessorImpl.java:62)
	at java.base/jdk.internal.reflect.DelegatingMethodAccessorImpl.invoke(DelegatingMethodAccessorImpl.java:43)
	at java.base/java.lang.reflect.Method.invoke(Method.java:566)
	at org.apache.maven.surefire.util.ReflectionUtils.invokeMethodWithArray(ReflectionUtils.java:189)
	at org.apache.maven.surefire.booter.ProviderFactory$ProviderProxy.invoke(ProviderFactory.java:165)
	at org.apache.maven.surefire.booter.ProviderFactory.invokeProvider(ProviderFactory.java:85)
	at org.apache.maven.surefire.booter.ForkedBooter.runSuitesInProcess(ForkedBooter.java:115)
	at org.apache.maven.surefire.booter.ForkedBooter.main(ForkedBooter.java:75)
</failure>
    <system-out>22:48:23.940 [main] DEBUG o.t.u.PrefixingImageNameSubstitutor - No prefix is configured
22:48:23.963 [main] DEBUG o.t.utility.ImageNameSubstitutor - Did not find a substitute image for mailysm/menu-server:1.0.0 (using image substitutor: DefaultImageNameSubstitutor (composite of &apos;ConfigurationFileImageNameSubstitutor&apos; and &apos;PrefixingImageNameSubstitutor&apos;))
22:48:23.963 [main] DEBUG o.t.images.AbstractImagePullPolicy - Using locally available and not pulling image: mailysm/menu-server:1.0.0
22:48:23.963 [main] DEBUG 🐳 [mailysm/menu-server:1.0.0] - Starting container: mailysm/menu-server:1.0.0
22:48:23.963 [main] DEBUG 🐳 [mailysm/menu-server:1.0.0] - Trying to start container: mailysm/menu-server:1.0.0 (attempt 1/1)
22:48:23.963 [main] DEBUG 🐳 [mailysm/menu-server:1.0.0] - Starting container: mailysm/menu-server:1.0.0
22:48:23.963 [main] INFO  🐳 [mailysm/menu-server:1.0.0] - Creating container for image: mailysm/menu-server:1.0.0
22:48:23.964 [main] DEBUG o.t.utility.RegistryAuthLocator - Looking up auth config for image: mailysm/menu-server:1.0.0 at registry: index.docker.io
22:48:23.974 [main] DEBUG o.t.utility.RegistryAuthLocator - No matching Auth Configs - falling back to defaultAuthConfig [null]
22:48:23.974 [main] DEBUG o.t.d.AuthDelegatingDockerClientConfig - Effective auth config [null]
22:48:23.974 [main] DEBUG o.t.s.c.g.d.c.command.AbstrDockerCmd - Cmd: org.testcontainers.shaded.com.github.dockerjava.core.command.CreateContainerCmdImpl@45e37a7e[name=&lt;null&gt;,hostName=&lt;null&gt;,domainName=&lt;null&gt;,user=&lt;null&gt;,attachStdin=&lt;null&gt;,attachStdout=&lt;null&gt;,attachStderr=&lt;null&gt;,portSpecs=&lt;null&gt;,tty=&lt;null&gt;,stdinOpen=&lt;null&gt;,stdInOnce=&lt;null&gt;,env={},cmd={},healthcheck=&lt;null&gt;,argsEscaped=&lt;null&gt;,entrypoint=&lt;null&gt;,image=mailysm/menu-server:1.0.0,volumes=Volumes(volumes=[]),workingDir=&lt;null&gt;,macAddress=&lt;null&gt;,onBuild=&lt;null&gt;,networkDisabled=&lt;null&gt;,exposedPorts=ExposedPorts(exposedPorts=[8080/tcp]),stopSignal=&lt;null&gt;,stopTimeout=&lt;null&gt;,hostConfig=HostConfig(binds=[], blkioWeight=null, blkioWeightDevice=null, blkioDeviceReadBps=null, blkioDeviceWriteBps=null, blkioDeviceReadIOps=null, blkioDeviceWriteIOps=null, memorySwappiness=null, nanoCPUs=null, capAdd=null, capDrop=null, containerIDFile=null, cpuPeriod=null, cpuRealtimePeriod=null, cpuRealtimeRuntime=null, cpuShares=null, cpuQuota=null, cpusetCpus=null, cpusetMems=null, devices=null, deviceCgroupRules=null, deviceRequests=null, diskQuota=null, dns=null, dnsOptions=null, dnsSearch=null, extraHosts=[], groupAdd=null, ipcMode=null, cgroup=null, links=[], logConfig=LogConfig(type=null, config=null), lxcConf=null, memory=null, memorySwap=null, memoryReservation=null, kernelMemory=null, networkMode=null, oomKillDisable=null, init=null, autoRemove=null, oomScoreAdj=null, portBindings={8080/tcp=[Lcom.github.dockerjava.api.model.Ports$Binding;@488eb7f2}, privileged=null, publishAllPorts=null, readonlyRootfs=null, restartPolicy=null, ulimits=null, cpuCount=null, cpuPercent=null, ioMaximumIOps=null, ioMaximumBandwidth=null, volumesFrom=[], mounts=null, pidMode=null, isolation=null, securityOpts=null, storageOpt=null, cgroupParent=null, volumeDriver=null, shmSize=null, pidsLimit=null, runtime=null, tmpFs=null, utSMode=null, usernsMode=null, sysctls=null, consoleSize=null),labels={org.testcontainers=true, org.testcontainers.sessionId=9146b6e3-da97-4d26-876d-8c297a218575},shell=&lt;null&gt;,networkingConfig=&lt;null&gt;,ipv4Address=&lt;null&gt;,ipv6Address=&lt;null&gt;,aliases=&lt;null&gt;,authConfig=&lt;null&gt;,platform=&lt;null&gt;]
22:48:24.006 [main] DEBUG c.g.d.z.s.o.a.h.c.h.i.c.InternalHttpClient - ex-00000017: preparing request execution
22:48:24.026 [main] DEBUG c.g.d.z.s.o.a.h.c.h.p.RequestAddCookies - Cookie spec selected: strict
22:48:24.026 [main] DEBUG c.g.d.z.s.o.a.h.c.h.p.RequestAuthCache - Auth cache not set in the context
22:48:24.026 [main] DEBUG c.g.d.z.s.o.a.h.c.h.i.c.ProtocolExec - ex-00000017: target auth state: UNCHALLENGED
22:48:24.026 [main] DEBUG c.g.d.z.s.o.a.h.c.h.i.c.ProtocolExec - ex-00000017: proxy auth state: UNCHALLENGED
22:48:24.026 [main] DEBUG c.g.d.z.s.o.a.h.c.h.i.c.ConnectExec - ex-00000017: acquiring connection with route {}-&gt;unix://localhost:2375
22:48:24.026 [main] DEBUG c.g.d.z.s.o.a.h.c.h.i.c.InternalHttpClient - ex-00000017: acquiring endpoint (3 MINUTES)
22:48:24.027 [main] DEBUG c.g.d.z.s.o.a.h.c.h.i.i.PoolingHttpClientConnectionManager - ex-00000017: endpoint lease request (3 MINUTES) [route: {}-&gt;unix://localhost:2375][total available: 1; route allocated: 1 of 2147483647; total allocated: 1 of 2147483647]
22:48:24.027 [main] DEBUG c.g.d.z.s.o.a.h.c.h.i.i.PoolingHttpClientConnectionManager - ex-00000017: endpoint leased [route: {}-&gt;unix://localhost:2375][total available: 0; route allocated: 1 of 2147483647; total allocated: 1 of 2147483647]
22:48:24.027 [main] DEBUG c.g.d.z.s.o.a.h.c.h.i.i.PoolingHttpClientConnectionManager - ex-00000017: acquired ep-00000016
22:48:24.027 [main] DEBUG c.g.d.z.s.o.a.h.c.h.i.c.InternalHttpClient - ex-00000017: acquired endpoint ep-00000016
22:48:24.027 [main] DEBUG c.g.d.z.s.o.a.h.c.h.i.c.MainClientExec - ex-00000017: executing POST /v1.32/containers/create HTTP/1.1
22:48:24.027 [main] DEBUG c.g.d.z.s.o.a.h.c.h.i.c.InternalHttpClient - ep-00000016: start execution ex-00000017
22:48:24.027 [main] DEBUG c.g.d.z.s.o.a.h.c.h.i.i.PoolingHttpClientConnectionManager - ep-00000016: executing exchange ex-00000017 over http-outgoing-3
22:48:24.027 [main] DEBUG c.g.d.z.s.o.a.h.client5.http.headers - http-outgoing-3 &gt;&gt; POST /v1.32/containers/create HTTP/1.1
22:48:24.033 [main] DEBUG c.g.d.z.s.o.a.h.client5.http.headers - http-outgoing-3 &gt;&gt; accept: application/json
22:48:24.033 [main] DEBUG c.g.d.z.s.o.a.h.client5.http.headers - http-outgoing-3 &gt;&gt; content-type: application/json
22:48:24.033 [main] DEBUG c.g.d.z.s.o.a.h.client5.http.headers - http-outgoing-3 &gt;&gt; Accept-Encoding: gzip, x-gzip, deflate
22:48:24.033 [main] DEBUG c.g.d.z.s.o.a.h.client5.http.headers - http-outgoing-3 &gt;&gt; Content-Length: 1933
22:48:24.033 [main] DEBUG c.g.d.z.s.o.a.h.client5.http.headers - http-outgoing-3 &gt;&gt; Host: localhost:2375
22:48:24.033 [main] DEBUG c.g.d.z.s.o.a.h.client5.http.headers - http-outgoing-3 &gt;&gt; Connection: keep-alive
22:48:24.033 [main] DEBUG c.g.d.z.s.o.a.h.client5.http.headers - http-outgoing-3 &gt;&gt; User-Agent: Apache-HttpClient/5.0.3 (Java/11.0.13)
22:48:24.033 [main] DEBUG c.g.d.z.s.o.a.hc.client5.http.wire - http-outgoing-3 &gt;&gt; &quot;POST /v1.32/containers/create HTTP/1.1[\r][\n]&quot;
22:48:24.033 [main] DEBUG c.g.d.z.s.o.a.hc.client5.http.wire - http-outgoing-3 &gt;&gt; &quot;accept: application/json[\r][\n]&quot;
22:48:24.033 [main] DEBUG c.g.d.z.s.o.a.hc.client5.http.wire - http-outgoing-3 &gt;&gt; &quot;content-type: application/json[\r][\n]&quot;
22:48:24.033 [main] DEBUG c.g.d.z.s.o.a.hc.client5.http.wire - http-outgoing-3 &gt;&gt; &quot;Accept-Encoding: gzip, x-gzip, deflate[\r][\n]&quot;
22:48:24.033 [main] DEBUG c.g.d.z.s.o.a.hc.client5.http.wire - http-outgoing-3 &gt;&gt; &quot;Content-Length: 1933[\r][\n]&quot;
22:48:24.033 [main] DEBUG c.g.d.z.s.o.a.hc.client5.http.wire - http-outgoing-3 &gt;&gt; &quot;Host: localhost:2375[\r][\n]&quot;
22:48:24.033 [main] DEBUG c.g.d.z.s.o.a.hc.client5.http.wire - http-outgoing-3 &gt;&gt; &quot;Connection: keep-alive[\r][\n]&quot;
22:48:24.033 [main] DEBUG c.g.d.z.s.o.a.hc.client5.http.wire - http-outgoing-3 &gt;&gt; &quot;User-Agent: Apache-HttpClient/5.0.3 (Java/11.0.13)[\r][\n]&quot;
22:48:24.033 [main] DEBUG c.g.d.z.s.o.a.hc.client5.http.wire - http-outgoing-3 &gt;&gt; &quot;[\r][\n]&quot;
22:48:24.034 [main] DEBUG c.g.d.z.s.o.a.hc.client5.http.wire - http-outgoing-3 &gt;&gt; &quot;{&quot;name&quot;:null,&quot;authConfig&quot;:null,&quot;platform&quot;:null,&quot;Hostname&quot;:null,&quot;Domainname&quot;:null,&quot;User&quot;:null,&quot;AttachStdin&quot;:null,&quot;AttachStdout&quot;:null,&quot;AttachStderr&quot;:null,&quot;PortSpecs&quot;:null,&quot;Tty&quot;:null,&quot;OpenStdin&quot;:null,&quot;StdinOnce&quot;:null,&quot;Env&quot;:[],&quot;Cmd&quot;:[],&quot;Healthcheck&quot;:null,&quot;ArgsEscaped&quot;:null,&quot;Entrypoint&quot;:null,&quot;Image&quot;:&quot;mailysm/menu-server:1.0.0&quot;,&quot;Volumes&quot;:{},&quot;WorkingDir&quot;:null,&quot;MacAddress&quot;:null,&quot;OnBuild&quot;:null,&quot;NetworkDisabled&quot;:null,&quot;ExposedPorts&quot;:{&quot;8080/tcp&quot;:{}},&quot;StopSignal&quot;:null,&quot;StopTimeout&quot;:null,&quot;HostConfig&quot;:{&quot;Binds&quot;:[],&quot;BlkioWeight&quot;:null,&quot;BlkioWeightDevice&quot;:null,&quot;BlkioDeviceReadBps&quot;:null,&quot;BlkioDeviceWriteBps&quot;:null,&quot;BlkioDeviceReadIOps&quot;:null,&quot;BlkioDeviceWriteIOps&quot;:null,&quot;MemorySwappiness&quot;:null,&quot;NanoCpus&quot;:null,&quot;CapAdd&quot;:null,&quot;CapDrop&quot;:null,&quot;ContainerIDFile&quot;:null,&quot;CpuPeriod&quot;:null,&quot;CpuRealtimePeriod&quot;:null,&quot;CpuRealtimeRuntime&quot;:null,&quot;CpuShares&quot;:null,&quot;CpuQuota&quot;:null,&quot;CpusetCpus&quot;:null,&quot;CpusetMems&quot;:null,&quot;Devices&quot;:null,&quot;DeviceCgroupRules&quot;:null,&quot;DeviceRequests&quot;:null,&quot;DiskQuota&quot;:null,&quot;Dns&quot;:null,&quot;DnsOptions&quot;:null,&quot;DnsSearch&quot;:null,&quot;ExtraHosts&quot;:[],&quot;GroupAdd&quot;:null,&quot;IpcMode&quot;:null,&quot;Cgroup&quot;:null,&quot;Links&quot;:[],&quot;LogConfig&quot;:null,&quot;LxcConf&quot;:null,&quot;Memory&quot;:null,&quot;MemorySwap&quot;:null,&quot;MemoryReservation&quot;:null,&quot;KernelMemory&quot;:null,&quot;NetworkMode&quot;:null,&quot;OomKillDisable&quot;:null,&quot;Init&quot;:null,&quot;AutoRemove&quot;:null,&quot;OomScoreAdj&quot;:null,&quot;PortBindings&quot;:{&quot;8080/tcp&quot;:[{&quot;HostIp&quot;:&quot;&quot;,&quot;HostPort&quot;:&quot;&quot;}]},&quot;Privileged&quot;:null,&quot;PublishAllPorts&quot;:null,&quot;ReadonlyRootfs&quot;:null,&quot;RestartPolicy&quot;:null,&quot;Ulimits&quot;:null,&quot;CpuCount&quot;:null,&quot;CpuPercent&quot;:null,&quot;IOMaximumIOps&quot;:null,&quot;IOMaximumBandwidth&quot;:null,&quot;VolumesFrom&quot;:[],&quot;Mounts&quot;:null,&quot;PidMode&quot;:null,&quot;Isolation&quot;:null,&quot;SecurityOpt&quot;:null,&quot;StorageOpt&quot;:null,&quot;CgroupParent&quot;:null,&quot;VolumeDriver&quot;:null,&quot;ShmSize&quot;:null,&quot;PidsLimit&quot;:null,&quot;Runtime&quot;:null,&quot;Tmpfs&quot;:null,&quot;UTSMode&quot;:null,&quot;UsernsMode&quot;:null,&quot;Sysctls&quot;:null,&quot;ConsoleSize&quot;:null},&quot;Labels&quot;:{&quot;org.testcontainers&quot;:&quot;true&quot;,&quot;org.testcontainers.sessionId&quot;:&quot;9146b6e3-da97-4d26-876d-8c297a218575&quot;},&quot;Shell&quot;:null,&quot;NetworkingConfig&quot;:null}&quot;
22:48:24.240 [main] DEBUG c.g.d.z.s.o.a.hc.client5.http.wire - http-outgoing-3 &lt;&lt; &quot;HTTP/1.1 201 Created[\r][\n]&quot;
22:48:24.240 [main] DEBUG c.g.d.z.s.o.a.hc.client5.http.wire - http-outgoing-3 &lt;&lt; &quot;Api-Version: 1.41[\r][\n]&quot;
22:48:24.240 [main] DEBUG c.g.d.z.s.o.a.hc.client5.http.wire - http-outgoing-3 &lt;&lt; &quot;Content-Type: application/json[\r][\n]&quot;
22:48:24.240 [main] DEBUG c.g.d.z.s.o.a.hc.client5.http.wire - http-outgoing-3 &lt;&lt; &quot;Docker-Experimental: false[\r][\n]&quot;
22:48:24.240 [main] DEBUG c.g.d.z.s.o.a.hc.client5.http.wire - http-outgoing-3 &lt;&lt; &quot;Ostype: linux[\r][\n]&quot;
22:48:24.240 [main] DEBUG c.g.d.z.s.o.a.hc.client5.http.wire - http-outgoing-3 &lt;&lt; &quot;Server: Docker/20.10.12 (linux)[\r][\n]&quot;
22:48:24.240 [main] DEBUG c.g.d.z.s.o.a.hc.client5.http.wire - http-outgoing-3 &lt;&lt; &quot;Date: Sun, 13 Feb 2022 21:48:24 GMT[\r][\n]&quot;
22:48:24.240 [main] DEBUG c.g.d.z.s.o.a.hc.client5.http.wire - http-outgoing-3 &lt;&lt; &quot;Content-Length: 88[\r][\n]&quot;
22:48:24.240 [main] DEBUG c.g.d.z.s.o.a.hc.client5.http.wire - http-outgoing-3 &lt;&lt; &quot;[\r][\n]&quot;
22:48:24.240 [main] DEBUG c.g.d.z.s.o.a.hc.client5.http.wire - http-outgoing-3 &lt;&lt; &quot;{&quot;Id&quot;:&quot;aa6f16155ec7bc5f538d4a7724907940507d1503be109380040678518e6b5789&quot;,&quot;Warnings&quot;:[]}[\n]&quot;
22:48:24.240 [main] DEBUG c.g.d.z.s.o.a.h.client5.http.headers - http-outgoing-3 &lt;&lt; HTTP/1.1 201 Created
22:48:24.240 [main] DEBUG c.g.d.z.s.o.a.h.client5.http.headers - http-outgoing-3 &lt;&lt; Api-Version: 1.41
22:48:24.240 [main] DEBUG c.g.d.z.s.o.a.h.client5.http.headers - http-outgoing-3 &lt;&lt; Content-Type: application/json
22:48:24.240 [main] DEBUG c.g.d.z.s.o.a.h.client5.http.headers - http-outgoing-3 &lt;&lt; Docker-Experimental: false
22:48:24.240 [main] DEBUG c.g.d.z.s.o.a.h.client5.http.headers - http-outgoing-3 &lt;&lt; Ostype: linux
22:48:24.240 [main] DEBUG c.g.d.z.s.o.a.h.client5.http.headers - http-outgoing-3 &lt;&lt; Server: Docker/20.10.12 (linux)
22:48:24.240 [main] DEBUG c.g.d.z.s.o.a.h.client5.http.headers - http-outgoing-3 &lt;&lt; Date: Sun, 13 Feb 2022 21:48:24 GMT
22:48:24.240 [main] DEBUG c.g.d.z.s.o.a.h.client5.http.headers - http-outgoing-3 &lt;&lt; Content-Length: 88
22:48:24.242 [main] DEBUG c.g.d.z.s.o.a.h.c.h.i.c.MainClientExec - ex-00000017: connection can be kept alive for 3 MINUTES
22:48:24.242 [main] DEBUG c.g.d.z.s.o.a.h.c.h.i.c.InternalHttpClient - ep-00000016: releasing valid endpoint
22:48:24.242 [main] DEBUG c.g.d.z.s.o.a.h.c.h.i.i.PoolingHttpClientConnectionManager - ep-00000016: releasing endpoint
22:48:24.242 [main] DEBUG c.g.d.z.s.o.a.h.c.h.i.i.PoolingHttpClientConnectionManager - ep-00000016: connection http-outgoing-3 can be kept alive for 3 MINUTES
22:48:24.242 [main] DEBUG c.g.d.z.s.o.a.h.c.h.i.i.PoolingHttpClientConnectionManager - ep-00000016: connection released [route: {}-&gt;unix://localhost:2375][total available: 1; route allocated: 1 of 2147483647; total allocated: 1 of 2147483647]
22:48:24.242 [main] INFO  🐳 [mailysm/menu-server:1.0.0] - Container mailysm/menu-server:1.0.0 is starting: aa6f16155ec7bc5f538d4a7724907940507d1503be109380040678518e6b5789
22:48:24.242 [main] DEBUG o.t.s.c.g.d.c.command.AbstrDockerCmd - Cmd: aa6f16155ec7bc5f538d4a7724907940507d1503be109380040678518e6b5789
22:48:24.243 [main] DEBUG c.g.d.z.s.o.a.h.c.h.i.c.InternalHttpClient - ex-00000018: preparing request execution
22:48:24.243 [main] DEBUG c.g.d.z.s.o.a.h.c.h.p.RequestAddCookies - Cookie spec selected: strict
22:48:24.243 [main] DEBUG c.g.d.z.s.o.a.h.c.h.p.RequestAuthCache - Auth cache not set in the context
22:48:24.243 [main] DEBUG c.g.d.z.s.o.a.h.c.h.i.c.ProtocolExec - ex-00000018: target auth state: UNCHALLENGED
22:48:24.243 [main] DEBUG c.g.d.z.s.o.a.h.c.h.i.c.ProtocolExec - ex-00000018: proxy auth state: UNCHALLENGED
22:48:24.243 [main] DEBUG c.g.d.z.s.o.a.h.c.h.i.c.ConnectExec - ex-00000018: acquiring connection with route {}-&gt;unix://localhost:2375
22:48:24.243 [main] DEBUG c.g.d.z.s.o.a.h.c.h.i.c.InternalHttpClient - ex-00000018: acquiring endpoint (3 MINUTES)
22:48:24.243 [main] DEBUG c.g.d.z.s.o.a.h.c.h.i.i.PoolingHttpClientConnectionManager - ex-00000018: endpoint lease request (3 MINUTES) [route: {}-&gt;unix://localhost:2375][total available: 1; route allocated: 1 of 2147483647; total allocated: 1 of 2147483647]
22:48:24.243 [main] DEBUG c.g.d.z.s.o.a.h.c.h.i.i.PoolingHttpClientConnectionManager - ex-00000018: endpoint leased [route: {}-&gt;unix://localhost:2375][total available: 0; route allocated: 1 of 2147483647; total allocated: 1 of 2147483647]
22:48:24.243 [main] DEBUG c.g.d.z.s.o.a.h.c.h.i.i.PoolingHttpClientConnectionManager - ex-00000018: acquired ep-00000017
22:48:24.243 [main] DEBUG c.g.d.z.s.o.a.h.c.h.i.c.InternalHttpClient - ex-00000018: acquired endpoint ep-00000017
22:48:24.243 [main] DEBUG c.g.d.z.s.o.a.h.c.h.i.c.MainClientExec - ex-00000018: executing POST /v1.32/containers/aa6f16155ec7bc5f538d4a7724907940507d1503be109380040678518e6b5789/start HTTP/1.1
22:48:24.243 [main] DEBUG c.g.d.z.s.o.a.h.c.h.i.c.InternalHttpClient - ep-00000017: start execution ex-00000018
22:48:24.243 [main] DEBUG c.g.d.z.s.o.a.h.c.h.i.i.PoolingHttpClientConnectionManager - ep-00000017: executing exchange ex-00000018 over http-outgoing-3
22:48:24.243 [main] DEBUG c.g.d.z.s.o.a.h.client5.http.headers - http-outgoing-3 &gt;&gt; POST /v1.32/containers/aa6f16155ec7bc5f538d4a7724907940507d1503be109380040678518e6b5789/start HTTP/1.1
22:48:24.243 [main] DEBUG c.g.d.z.s.o.a.h.client5.http.headers - http-outgoing-3 &gt;&gt; accept: application/json
22:48:24.243 [main] DEBUG c.g.d.z.s.o.a.h.client5.http.headers - http-outgoing-3 &gt;&gt; content-type: application/json
22:48:24.243 [main] DEBUG c.g.d.z.s.o.a.h.client5.http.headers - http-outgoing-3 &gt;&gt; Accept-Encoding: gzip, x-gzip, deflate
22:48:24.244 [main] DEBUG c.g.d.z.s.o.a.h.client5.http.headers - http-outgoing-3 &gt;&gt; Host: localhost:2375
22:48:24.244 [main] DEBUG c.g.d.z.s.o.a.h.client5.http.headers - http-outgoing-3 &gt;&gt; Connection: keep-alive
22:48:24.244 [main] DEBUG c.g.d.z.s.o.a.h.client5.http.headers - http-outgoing-3 &gt;&gt; User-Agent: Apache-HttpClient/5.0.3 (Java/11.0.13)
22:48:24.244 [main] DEBUG c.g.d.z.s.o.a.hc.client5.http.wire - http-outgoing-3 &gt;&gt; &quot;POST /v1.32/containers/aa6f16155ec7bc5f538d4a7724907940507d1503be109380040678518e6b5789/start HTTP/1.1[\r][\n]&quot;
22:48:24.244 [main] DEBUG c.g.d.z.s.o.a.hc.client5.http.wire - http-outgoing-3 &gt;&gt; &quot;accept: application/json[\r][\n]&quot;
22:48:24.244 [main] DEBUG c.g.d.z.s.o.a.hc.client5.http.wire - http-outgoing-3 &gt;&gt; &quot;content-type: application/json[\r][\n]&quot;
22:48:24.244 [main] DEBUG c.g.d.z.s.o.a.hc.client5.http.wire - http-outgoing-3 &gt;&gt; &quot;Accept-Encoding: gzip, x-gzip, deflate[\r][\n]&quot;
22:48:24.244 [main] DEBUG c.g.d.z.s.o.a.hc.client5.http.wire - http-outgoing-3 &gt;&gt; &quot;Host: localhost:2375[\r][\n]&quot;
22:48:24.244 [main] DEBUG c.g.d.z.s.o.a.hc.client5.http.wire - http-outgoing-3 &gt;&gt; &quot;Connection: keep-alive[\r][\n]&quot;
22:48:24.244 [main] DEBUG c.g.d.z.s.o.a.hc.client5.http.wire - http-outgoing-3 &gt;&gt; &quot;User-Agent: Apache-HttpClient/5.0.3 (Java/11.0.13)[\r][\n]&quot;
22:48:24.244 [main] DEBUG c.g.d.z.s.o.a.hc.client5.http.wire - http-outgoing-3 &gt;&gt; &quot;[\r][\n]&quot;
22:48:25.415 [main] DEBUG c.g.d.z.s.o.a.hc.client5.http.wire - http-outgoing-3 &lt;&lt; &quot;HTTP/1.1 204 No Content[\r][\n]&quot;
22:48:25.415 [main] DEBUG c.g.d.z.s.o.a.hc.client5.http.wire - http-outgoing-3 &lt;&lt; &quot;Api-Version: 1.41[\r][\n]&quot;
22:48:25.415 [main] DEBUG c.g.d.z.s.o.a.hc.client5.http.wire - http-outgoing-3 &lt;&lt; &quot;Docker-Experimental: false[\r][\n]&quot;
22:48:25.415 [main] DEBUG c.g.d.z.s.o.a.hc.client5.http.wire - http-outgoing-3 &lt;&lt; &quot;Ostype: linux[\r][\n]&quot;
22:48:25.415 [main] DEBUG c.g.d.z.s.o.a.hc.client5.http.wire - http-outgoing-3 &lt;&lt; &quot;Server: Docker/20.10.12 (linux)[\r][\n]&quot;
22:48:25.415 [main] DEBUG c.g.d.z.s.o.a.hc.client5.http.wire - http-outgoing-3 &lt;&lt; &quot;Date: Sun, 13 Feb 2022 21:48:25 GMT[\r][\n]&quot;
22:48:25.415 [main] DEBUG c.g.d.z.s.o.a.hc.client5.http.wire - http-outgoing-3 &lt;&lt; &quot;[\r][\n]&quot;
22:48:25.415 [main] DEBUG c.g.d.z.s.o.a.h.client5.http.headers - http-outgoing-3 &lt;&lt; HTTP/1.1 204 No Content
22:48:25.456 [main] DEBUG c.g.d.z.s.o.a.h.client5.http.headers - http-outgoing-3 &lt;&lt; Api-Version: 1.41
22:48:25.456 [main] DEBUG c.g.d.z.s.o.a.h.client5.http.headers - http-outgoing-3 &lt;&lt; Docker-Experimental: false
22:48:25.456 [main] DEBUG c.g.d.z.s.o.a.h.client5.http.headers - http-outgoing-3 &lt;&lt; Ostype: linux
22:48:25.456 [main] DEBUG c.g.d.z.s.o.a.h.client5.http.headers - http-outgoing-3 &lt;&lt; Server: Docker/20.10.12 (linux)
22:48:25.456 [main] DEBUG c.g.d.z.s.o.a.h.client5.http.headers - http-outgoing-3 &lt;&lt; Date: Sun, 13 Feb 2022 21:48:25 GMT
22:48:25.456 [main] DEBUG c.g.d.z.s.o.a.h.c.h.i.c.MainClientExec - ex-00000018: connection can be kept alive for 3 MINUTES
22:48:25.456 [main] DEBUG c.g.d.z.s.o.a.h.c.h.i.c.InternalHttpClient - ep-00000017: releasing valid endpoint
22:48:25.456 [main] DEBUG c.g.d.z.s.o.a.h.c.h.i.i.PoolingHttpClientConnectionManager - ep-00000017: releasing endpoint
22:48:25.456 [main] DEBUG c.g.d.z.s.o.a.h.c.h.i.i.PoolingHttpClientConnectionManager - ep-00000017: connection http-outgoing-3 can be kept alive for 3 MINUTES
22:48:25.456 [main] DEBUG c.g.d.z.s.o.a.h.c.h.i.i.PoolingHttpClientConnectionManager - ep-00000017: connection released [route: {}-&gt;unix://localhost:2375][total available: 1; route allocated: 1 of 2147483647; total allocated: 1 of 2147483647]
22:48:25.460 [main] DEBUG o.t.s.c.g.d.c.command.AbstrDockerCmd - Cmd: aa6f16155ec7bc5f538d4a7724907940507d1503be109380040678518e6b5789,false
22:48:25.461 [main] DEBUG o.t.s.c.g.d.c.e.InspectContainerCmdExec - GET: DefaultWebTarget{path=[/containers/aa6f16155ec7bc5f538d4a7724907940507d1503be109380040678518e6b5789/json], queryParams={}}
22:48:25.461 [main] DEBUG c.g.d.z.s.o.a.h.c.h.i.c.InternalHttpClient - ex-00000019: preparing request execution
22:48:25.461 [main] DEBUG c.g.d.z.s.o.a.h.c.h.p.RequestAddCookies - Cookie spec selected: strict
22:48:25.461 [main] DEBUG c.g.d.z.s.o.a.h.c.h.p.RequestAuthCache - Auth cache not set in the context
22:48:25.461 [main] DEBUG c.g.d.z.s.o.a.h.c.h.i.c.ProtocolExec - ex-00000019: target auth state: UNCHALLENGED
22:48:25.461 [main] DEBUG c.g.d.z.s.o.a.h.c.h.i.c.ProtocolExec - ex-00000019: proxy auth state: UNCHALLENGED
22:48:25.461 [main] DEBUG c.g.d.z.s.o.a.h.c.h.i.c.ConnectExec - ex-00000019: acquiring connection with route {}-&gt;unix://localhost:2375
22:48:25.461 [main] DEBUG c.g.d.z.s.o.a.h.c.h.i.c.InternalHttpClient - ex-00000019: acquiring endpoint (3 MINUTES)
22:48:25.461 [main] DEBUG c.g.d.z.s.o.a.h.c.h.i.i.PoolingHttpClientConnectionManager - ex-00000019: endpoint lease request (3 MINUTES) [route: {}-&gt;unix://localhost:2375][total available: 1; route allocated: 1 of 2147483647; total allocated: 1 of 2147483647]
22:48:25.461 [main] DEBUG c.g.d.z.s.o.a.h.c.h.i.i.PoolingHttpClientConnectionManager - ex-00000019: endpoint leased [route: {}-&gt;unix://localhost:2375][total available: 0; route allocated: 1 of 2147483647; total allocated: 1 of 2147483647]
22:48:25.461 [main] DEBUG c.g.d.z.s.o.a.h.c.h.i.i.PoolingHttpClientConnectionManager - ex-00000019: acquired ep-00000018
22:48:25.461 [main] DEBUG c.g.d.z.s.o.a.h.c.h.i.c.InternalHttpClient - ex-00000019: acquired endpoint ep-00000018
22:48:25.461 [main] DEBUG c.g.d.z.s.o.a.h.c.h.i.c.MainClientExec - ex-00000019: executing GET /v1.32/containers/aa6f16155ec7bc5f538d4a7724907940507d1503be109380040678518e6b5789/json HTTP/1.1
22:48:25.461 [main] DEBUG c.g.d.z.s.o.a.h.c.h.i.c.InternalHttpClient - ep-00000018: start execution ex-00000019
22:48:25.461 [main] DEBUG c.g.d.z.s.o.a.h.c.h.i.i.PoolingHttpClientConnectionManager - ep-00000018: executing exchange ex-00000019 over http-outgoing-3
22:48:25.462 [main] DEBUG c.g.d.z.s.o.a.h.client5.http.headers - http-outgoing-3 &gt;&gt; GET /v1.32/containers/aa6f16155ec7bc5f538d4a7724907940507d1503be109380040678518e6b5789/json HTTP/1.1
22:48:25.462 [main] DEBUG c.g.d.z.s.o.a.h.client5.http.headers - http-outgoing-3 &gt;&gt; accept: application/json
22:48:25.462 [main] DEBUG c.g.d.z.s.o.a.h.client5.http.headers - http-outgoing-3 &gt;&gt; Accept-Encoding: gzip, x-gzip, deflate
22:48:25.462 [main] DEBUG c.g.d.z.s.o.a.h.client5.http.headers - http-outgoing-3 &gt;&gt; Host: localhost:2375
22:48:25.462 [main] DEBUG c.g.d.z.s.o.a.h.client5.http.headers - http-outgoing-3 &gt;&gt; Connection: keep-alive
22:48:25.462 [main] DEBUG c.g.d.z.s.o.a.h.client5.http.headers - http-outgoing-3 &gt;&gt; User-Agent: Apache-HttpClient/5.0.3 (Java/11.0.13)
22:48:25.462 [main] DEBUG c.g.d.z.s.o.a.hc.client5.http.wire - http-outgoing-3 &gt;&gt; &quot;GET /v1.32/containers/aa6f16155ec7bc5f538d4a7724907940507d1503be109380040678518e6b5789/json HTTP/1.1[\r][\n]&quot;
22:48:25.462 [main] DEBUG c.g.d.z.s.o.a.hc.client5.http.wire - http-outgoing-3 &gt;&gt; &quot;accept: application/json[\r][\n]&quot;
22:48:25.462 [main] DEBUG c.g.d.z.s.o.a.hc.client5.http.wire - http-outgoing-3 &gt;&gt; &quot;Accept-Encoding: gzip, x-gzip, deflate[\r][\n]&quot;
22:48:25.462 [main] DEBUG c.g.d.z.s.o.a.hc.client5.http.wire - http-outgoing-3 &gt;&gt; &quot;Host: localhost:2375[\r][\n]&quot;
22:48:25.462 [main] DEBUG c.g.d.z.s.o.a.hc.client5.http.wire - http-outgoing-3 &gt;&gt; &quot;Connection: keep-alive[\r][\n]&quot;
22:48:25.462 [main] DEBUG c.g.d.z.s.o.a.hc.client5.http.wire - http-outgoing-3 &gt;&gt; &quot;User-Agent: Apache-HttpClient/5.0.3 (Java/11.0.13)[\r][\n]&quot;
22:48:25.462 [main] DEBUG c.g.d.z.s.o.a.hc.client5.http.wire - http-outgoing-3 &gt;&gt; &quot;[\r][\n]&quot;
22:48:25.466 [main] DEBUG c.g.d.z.s.o.a.hc.client5.http.wire - http-outgoing-3 &lt;&lt; &quot;HTTP/1.1 200 OK[\r][\n]&quot;
22:48:25.466 [main] DEBUG c.g.d.z.s.o.a.hc.client5.http.wire - http-outgoing-3 &lt;&lt; &quot;Api-Version: 1.41[\r][\n]&quot;
22:48:25.466 [main] DEBUG c.g.d.z.s.o.a.hc.client5.http.wire - http-outgoing-3 &lt;&lt; &quot;Content-Type: application/json[\r][\n]&quot;
22:48:25.466 [main] DEBUG c.g.d.z.s.o.a.hc.client5.http.wire - http-outgoing-3 &lt;&lt; &quot;Docker-Experimental: false[\r][\n]&quot;
22:48:25.467 [main] DEBUG c.g.d.z.s.o.a.hc.client5.http.wire - http-outgoing-3 &lt;&lt; &quot;Ostype: linux[\r][\n]&quot;
22:48:25.467 [main] DEBUG c.g.d.z.s.o.a.hc.client5.http.wire - http-outgoing-3 &lt;&lt; &quot;Server: Docker/20.10.12 (linux)[\r][\n]&quot;
22:48:25.467 [main] DEBUG c.g.d.z.s.o.a.hc.client5.http.wire - http-outgoing-3 &lt;&lt; &quot;Date: Sun, 13 Feb 2022 21:48:25 GMT[\r][\n]&quot;
22:48:25.468 [main] DEBUG c.g.d.z.s.o.a.hc.client5.http.wire - http-outgoing-3 &lt;&lt; &quot;Transfer-Encoding: chunked[\r][\n]&quot;
22:48:25.468 [main] DEBUG c.g.d.z.s.o.a.hc.client5.http.wire - http-outgoing-3 &lt;&lt; &quot;[\r][\n]&quot;
22:48:25.468 [main] DEBUG c.g.d.z.s.o.a.hc.client5.http.wire - http-outgoing-3 &lt;&lt; &quot;1459[\r][\n]&quot;
22:48:25.468 [main] DEBUG c.g.d.z.s.o.a.hc.client5.http.wire - http-outgoing-3 &lt;&lt; &quot;{&quot;Id&quot;:&quot;aa6f16155ec7bc5f538d4a7724907940507d1503be109380040678518e6b5789&quot;,&quot;Created&quot;:&quot;2022-02-13T21:48:24.041651243Z&quot;,&quot;Path&quot;:&quot;java&quot;,&quot;Args&quot;:[&quot;-jar&quot;,&quot;/opt/app/menu-server.jar&quot;,&quot;--server.port=8080&quot;],&quot;State&quot;:{&quot;Status&quot;:&quot;running&quot;,&quot;Running&quot;:true,&quot;Paused&quot;:false,&quot;Restarting&quot;:false,&quot;OOMKilled&quot;:false,&quot;Dead&quot;:false,&quot;Pid&quot;:75487,&quot;ExitCode&quot;:0,&quot;Error&quot;:&quot;&quot;,&quot;StartedAt&quot;:&quot;2022-02-13T21:48:25.408147454Z&quot;,&quot;FinishedAt&quot;:&quot;0001-01-01T00:00:00Z&quot;},&quot;Image&quot;:&quot;sha256:35ab7218180bf82c747ec97428348ff28028aebb6b860f6cff6cd03d1cef9f37&quot;,&quot;ResolvConfPath&quot;:&quot;/var/lib/docker/containers/aa6f16155ec7bc5f538d4a7724907940507d1503be109380040678518e6b5789/resolv.conf&quot;,&quot;HostnamePath&quot;:&quot;/var/lib/docker/containers/aa6f16155ec7bc5f538d4a7724907940507d1503be109380040678518e6b5789/hostname&quot;,&quot;HostsPath&quot;:&quot;/var/lib/docker/containers/aa6f16155ec7bc5f538d4a7724907940507d1503be109380040678518e6b5789/hosts&quot;,&quot;LogPath&quot;:&quot;/var/lib/docker/containers/aa6f16155ec7bc5f538d4a7724907940507d1503be109380040678518e6b5789/aa6f16155ec7bc5f538d4a7724907940507d1503be109380040678518e6b5789-json.log&quot;,&quot;Name&quot;:&quot;/peaceful_newton&quot;,&quot;RestartCount&quot;:0,&quot;Driver&quot;:&quot;overlay2&quot;,&quot;Platform&quot;:&quot;linux&quot;,&quot;MountLabel&quot;:&quot;&quot;,&quot;ProcessLabel&quot;:&quot;&quot;,&quot;AppArmorProfile&quot;:&quot;docker-default&quot;,&quot;ExecIDs&quot;:null,&quot;HostConfig&quot;:{&quot;Binds&quot;:[],&quot;ContainerIDFile&quot;:&quot;&quot;,&quot;LogConfig&quot;:{&quot;Type&quot;:&quot;json-file&quot;,&quot;Config&quot;:{}},&quot;NetworkMode&quot;:&quot;default&quot;,&quot;PortBindings&quot;:{&quot;8080/tcp&quot;:[{&quot;HostIp&quot;:&quot;&quot;,&quot;HostPort&quot;:&quot;&quot;}]},&quot;RestartPolicy&quot;:{&quot;Name&quot;:&quot;&quot;,&quot;MaximumRetryCount&quot;:0},&quot;AutoRemove&quot;:false,&quot;VolumeDriver&quot;:&quot;&quot;,&quot;VolumesFrom&quot;:[],&quot;CapAdd&quot;:null,&quot;CapDrop&quot;:null,&quot;CgroupnsMode&quot;:&quot;host&quot;,&quot;Dns&quot;:null,&quot;DnsOptions&quot;:null,&quot;DnsSearch&quot;:null,&quot;ExtraHosts&quot;:[],&quot;GroupAdd&quot;:null,&quot;IpcMode&quot;:&quot;shareable&quot;,&quot;Cgroup&quot;:&quot;&quot;,&quot;Links&quot;:null,&quot;OomScoreAdj&quot;:0,&quot;PidMode&quot;:&quot;&quot;,&quot;Privileged&quot;:false,&quot;PublishAllPorts&quot;:false,&quot;ReadonlyRootfs&quot;:false,&quot;SecurityOpt&quot;:null,&quot;UTSMode&quot;:&quot;&quot;,&quot;UsernsMode&quot;:&quot;&quot;,&quot;ShmSize&quot;:67108864,&quot;Runtime&quot;:&quot;runc&quot;,&quot;ConsoleSize&quot;:[0,0],&quot;Isolation&quot;:&quot;&quot;,&quot;CpuShares&quot;:0,&quot;Memory&quot;:0,&quot;NanoCpus&quot;:0,&quot;CgroupParent&quot;:&quot;&quot;,&quot;BlkioWeight&quot;:0,&quot;BlkioWeightDevice&quot;:null,&quot;BlkioDeviceReadBps&quot;:null,&quot;BlkioDeviceWriteBps&quot;:null,&quot;BlkioDeviceReadIOps&quot;:null,&quot;BlkioDeviceWriteIOps&quot;:null,&quot;CpuPeriod&quot;:0,&quot;CpuQuota&quot;:0,&quot;CpuRealtimePeriod&quot;:0,&quot;CpuRealtimeRuntime&quot;:0,&quot;CpusetCpus&quot;:&quot;&quot;,&quot;CpusetMems&quot;:&quot;&quot;,&quot;Devices&quot;:null,&quot;DeviceCgroupRules&quot;:null,&quot;DeviceRequests&quot;:null,&quot;KernelMemory&quot;:0,&quot;KernelMemoryTCP&quot;:0,&quot;MemoryReservation&quot;:0,&quot;MemorySwap&quot;:0,&quot;MemorySwappiness&quot;:null,&quot;OomKillDisable&quot;:false,&quot;PidsLimit&quot;:null,&quot;Ulimits&quot;:null,&quot;CpuCount&quot;:0,&quot;CpuPercent&quot;:0,&quot;IOMaximumIOps&quot;:0,&quot;IOMaximumBandwidth&quot;:0,&quot;MaskedPaths&quot;:[&quot;/proc/asound&quot;,&quot;/proc/acpi&quot;,&quot;/proc/kcore&quot;,&quot;/proc/keys&quot;,&quot;/proc/latency_stats&quot;,&quot;/proc/timer_list&quot;,&quot;/proc/timer_stats&quot;,&quot;/proc/sched_debug&quot;,&quot;/proc/scsi&quot;,&quot;/sys/firmware&quot;],&quot;ReadonlyPaths&quot;:[&quot;/proc/bus&quot;,&quot;/proc/fs&quot;,&quot;/proc/irq&quot;,&quot;/proc/sys&quot;,&quot;/proc/sysrq-trigger&quot;]},&quot;GraphDriver&quot;:{&quot;Data&quot;:{&quot;LowerDir&quot;:&quot;/var/lib/docker/overlay2/1fa43cd180228652a417ab4fdec30c46716818d569b1fd013c93a9fc6111e539-init/diff:/var/lib/docker/overlay2/b55ba49ce0a253837ca2f311ae89d6e2747163dfca37054daada71ac77a97d88/diff:/var/lib/docker/overlay2/84f1f4ada2daa8441cfcea481c746025190200e4b4e0cdbbc9c2e5de040b4985/diff:/var/lib/docker/overlay2/b6de60f3e8585c90976a17d31a0fe98cfbe4648dea139805da15e886bf52280e/diff&quot;,&quot;MergedDir&quot;:&quot;/var/lib/docker/overlay2/1fa43cd180228652a417ab4fdec30c46716818d569b1fd013c93a9fc6111e539/merged&quot;,&quot;UpperDir&quot;:&quot;/var/lib/docker/overlay2/1fa43cd180228652a417ab4fdec30c46716818d569b1fd013c93a9fc6111e539/diff&quot;,&quot;WorkDir&quot;:&quot;/var/lib/docker/overlay2/1fa43cd180228652a417ab4fdec30c46716818d569b1fd013c93a9fc6111e539/work&quot;},&quot;Name&quot;:&quot;overlay2&quot;},&quot;Mounts&quot;:[],&quot;Config&quot;:{&quot;Hostname&quot;:&quot;aa6f16155ec7&quot;,&quot;Domainname&quot;:&quot;&quot;,&quot;User&quot;:&quot;&quot;,&quot;AttachStdin&quot;:false,&quot;AttachStdout&quot;:false,&quot;AttachStderr&quot;:false,&quot;ExposedPorts&quot;:{&quot;8080/tcp&quot;:{}},&quot;Tty&quot;:false,&quot;OpenStdin&quot;:false,&quot;StdinOnce&quot;:false,&quot;Env&quot;:[&quot;PATH=/usr/local/sbin:/usr/local/bin:/usr/sbin:/usr/bin:/sbin:/bin&quot;,&quot;LANG=en_US.UTF-8&quot;,&quot;LANGUAGE=en_US:en&quot;,&quot;LC_ALL=en_US.UTF-8&quot;,&quot;JAVA_HOME=/usr/lib/jvm/zulu11-ca-amd64&quot;],&quot;Cmd&quot;:[&quot;java&quot;,&quot;-jar&quot;,&quot;/opt/app/menu-server.jar&quot;,&quot;--server.port=8080&quot;],&quot;Image&quot;:&quot;mailysm/menu-server:1.0.0&quot;,&quot;Volumes&quot;:null,&quot;WorkingDir&quot;:&quot;&quot;,&quot;Entrypoint&quot;:null,&quot;OnBuild&quot;:null,&quot;Labels&quot;:{&quot;org.testcontainers&quot;:&quot;true&quot;,&quot;org.testcontainers.sessionId&quot;:&quot;9146b6e3-da97-4d26-876d-8c297a218575&quot;}},&quot;NetworkSettings&quot;:{&quot;Bridge&quot;:&quot;&quot;,&quot;SandboxID&quot;:&quot;a5bc9b45fa6105192279fb81e35de55c53bc1b474e641e05963b204243c6d0fc&quot;,&quot;HairpinMode&quot;:false,&quot;LinkLocalIPv6Address&quot;:&quot;&quot;,&quot;LinkLocalIPv6PrefixLen&quot;:0,&quot;Ports&quot;:{&quot;8080/tcp&quot;:[{&quot;HostIp&quot;:&quot;0.0.0.0&quot;,&quot;HostPort&quot;:&quot;49205&quot;},{&quot;HostIp&quot;:&quot;::&quot;,&quot;HostPort&quot;:&quot;49205&quot;}]},&quot;SandboxKey&quot;:&quot;/var/run/docker/netns/a5bc9b45fa61&quot;,&quot;SecondaryIPAddresses&quot;:null,&quot;SecondaryIPv6Addresses&quot;:null,&quot;EndpointID&quot;:&quot;fe89e2ddc1353eeb8cadfb40cfbac8ac349ad224ca97e54c4d327bf2973c2cc5&quot;,&quot;Gateway&quot;:&quot;172.17.0.1&quot;,&quot;GlobalIPv6Address&quot;:&quot;&quot;,&quot;GlobalIPv6PrefixLen&quot;:0,&quot;IPAddress&quot;:&quot;172.17.0.3&quot;,&quot;IPPrefixLen&quot;:16,&quot;IPv6Gateway&quot;:&quot;&quot;,&quot;MacAddress&quot;:&quot;02:42:ac:11:00:03&quot;,&quot;Networks&quot;:{&quot;bridge&quot;:{&quot;IPAMConfig&quot;:null,&quot;Links&quot;:null,&quot;Aliases&quot;:null,&quot;NetworkID&quot;:&quot;7fea8d8f25168661bbec75b303f62f73cfb20a15e4c52abad652a1b1174bf236&quot;,&quot;EndpointID&quot;:&quot;fe89e2ddc1353eeb8cadfb40cfbac8ac349ad224ca97e54c4d327bf2973c2cc5&quot;,&quot;Gateway&quot;:&quot;172.17.0.1&quot;,&quot;IPAddress&quot;:&quot;172.17.0.3&quot;,&quot;IPPrefixLen&quot;:16,&quot;IPv6Gateway&quot;:&quot;&quot;,&quot;GlobalIPv6Address&quot;:&quot;&quot;,&quot;GlobalIPv6PrefixLen&quot;:0,&quot;MacAddress&quot;:&quot;02:42:ac:11:00:03&quot;,&quot;DriverOpts&quot;:null}}}}[\n]&quot;
22:48:25.470 [main] DEBUG c.g.d.z.s.o.a.hc.client5.http.wire - http-outgoing-3 &lt;&lt; &quot;[\r][\n]&quot;
22:48:25.472 [main] DEBUG c.g.d.z.s.o.a.hc.client5.http.wire - http-outgoing-3 &lt;&lt; &quot;0[\r][\n]&quot;
22:48:25.472 [main] DEBUG c.g.d.z.s.o.a.hc.client5.http.wire - http-outgoing-3 &lt;&lt; &quot;[\r][\n]&quot;
22:48:25.478 [main] DEBUG c.g.d.z.s.o.a.h.client5.http.headers - http-outgoing-3 &lt;&lt; HTTP/1.1 200 OK
22:48:25.478 [main] DEBUG c.g.d.z.s.o.a.h.client5.http.headers - http-outgoing-3 &lt;&lt; Api-Version: 1.41
22:48:25.478 [main] DEBUG c.g.d.z.s.o.a.h.client5.http.headers - http-outgoing-3 &lt;&lt; Content-Type: application/json
22:48:25.478 [main] DEBUG c.g.d.z.s.o.a.h.client5.http.headers - http-outgoing-3 &lt;&lt; Docker-Experimental: false
22:48:25.480 [main] DEBUG c.g.d.z.s.o.a.h.client5.http.headers - http-outgoing-3 &lt;&lt; Ostype: linux
22:48:25.480 [main] DEBUG c.g.d.z.s.o.a.h.client5.http.headers - http-outgoing-3 &lt;&lt; Server: Docker/20.10.12 (linux)
22:48:25.480 [main] DEBUG c.g.d.z.s.o.a.h.client5.http.headers - http-outgoing-3 &lt;&lt; Date: Sun, 13 Feb 2022 21:48:25 GMT
22:48:25.480 [main] DEBUG c.g.d.z.s.o.a.h.client5.http.headers - http-outgoing-3 &lt;&lt; Transfer-Encoding: chunked
22:48:25.480 [main] DEBUG c.g.d.z.s.o.a.h.c.h.i.c.MainClientExec - ex-00000019: connection can be kept alive for 3 MINUTES
22:48:25.508 [main] DEBUG c.g.d.z.s.o.a.h.c.h.i.c.InternalHttpClient - ep-00000018: releasing valid endpoint
22:48:25.510 [main] DEBUG c.g.d.z.s.o.a.h.c.h.i.i.PoolingHttpClientConnectionManager - ep-00000018: releasing endpoint
22:48:25.510 [main] DEBUG c.g.d.z.s.o.a.h.c.h.i.i.PoolingHttpClientConnectionManager - ep-00000018: connection http-outgoing-3 can be kept alive for 3 MINUTES
22:48:25.510 [main] DEBUG c.g.d.z.s.o.a.h.c.h.i.i.PoolingHttpClientConnectionManager - ep-00000018: connection released [route: {}-&gt;unix://localhost:2375][total available: 1; route allocated: 1 of 2147483647; total allocated: 1 of 2147483647]
22:48:25.517 [ducttape-0] DEBUG o.t.s.c.g.d.c.command.AbstrDockerCmd - Cmd: aa6f16155ec7bc5f538d4a7724907940507d1503be109380040678518e6b5789,false
22:48:25.517 [ducttape-0] DEBUG o.t.s.c.g.d.c.e.InspectContainerCmdExec - GET: DefaultWebTarget{path=[/containers/aa6f16155ec7bc5f538d4a7724907940507d1503be109380040678518e6b5789/json], queryParams={}}
22:48:25.517 [ducttape-0] DEBUG c.g.d.z.s.o.a.h.c.h.i.c.InternalHttpClient - ex-0000001A: preparing request execution
22:48:25.517 [ducttape-0] DEBUG c.g.d.z.s.o.a.h.c.h.p.RequestAddCookies - Cookie spec selected: strict
22:48:25.517 [ducttape-0] DEBUG c.g.d.z.s.o.a.h.c.h.p.RequestAuthCache - Auth cache not set in the context
22:48:25.517 [ducttape-0] DEBUG c.g.d.z.s.o.a.h.c.h.i.c.ProtocolExec - ex-0000001A: target auth state: UNCHALLENGED
22:48:25.517 [ducttape-0] DEBUG c.g.d.z.s.o.a.h.c.h.i.c.ProtocolExec - ex-0000001A: proxy auth state: UNCHALLENGED
22:48:25.517 [ducttape-0] DEBUG c.g.d.z.s.o.a.h.c.h.i.c.ConnectExec - ex-0000001A: acquiring connection with route {}-&gt;unix://localhost:2375
22:48:25.517 [ducttape-0] DEBUG c.g.d.z.s.o.a.h.c.h.i.c.InternalHttpClient - ex-0000001A: acquiring endpoint (3 MINUTES)
22:48:25.517 [ducttape-0] DEBUG c.g.d.z.s.o.a.h.c.h.i.i.PoolingHttpClientConnectionManager - ex-0000001A: endpoint lease request (3 MINUTES) [route: {}-&gt;unix://localhost:2375][total available: 1; route allocated: 1 of 2147483647; total allocated: 1 of 2147483647]
22:48:25.519 [ducttape-0] DEBUG c.g.d.z.s.o.a.h.c.h.i.i.PoolingHttpClientConnectionManager - ex-0000001A: endpoint leased [route: {}-&gt;unix://localhost:2375][total available: 0; route allocated: 1 of 2147483647; total allocated: 1 of 2147483647]
22:48:25.519 [ducttape-0] DEBUG c.g.d.z.s.o.a.h.c.h.i.i.PoolingHttpClientConnectionManager - ex-0000001A: acquired ep-00000019
22:48:25.521 [ducttape-0] DEBUG c.g.d.z.s.o.a.h.c.h.i.c.InternalHttpClient - ex-0000001A: acquired endpoint ep-00000019
22:48:25.521 [ducttape-0] DEBUG c.g.d.z.s.o.a.h.c.h.i.c.MainClientExec - ex-0000001A: executing GET /v1.32/containers/aa6f16155ec7bc5f538d4a7724907940507d1503be109380040678518e6b5789/json HTTP/1.1
22:48:25.521 [ducttape-0] DEBUG c.g.d.z.s.o.a.h.c.h.i.c.InternalHttpClient - ep-00000019: start execution ex-0000001A
22:48:25.521 [ducttape-0] DEBUG c.g.d.z.s.o.a.h.c.h.i.i.PoolingHttpClientConnectionManager - ep-00000019: executing exchange ex-0000001A over http-outgoing-3
22:48:25.521 [ducttape-0] DEBUG c.g.d.z.s.o.a.h.client5.http.headers - http-outgoing-3 &gt;&gt; GET /v1.32/containers/aa6f16155ec7bc5f538d4a7724907940507d1503be109380040678518e6b5789/json HTTP/1.1
22:48:25.521 [ducttape-0] DEBUG c.g.d.z.s.o.a.h.client5.http.headers - http-outgoing-3 &gt;&gt; accept: application/json
22:48:25.521 [ducttape-0] DEBUG c.g.d.z.s.o.a.h.client5.http.headers - http-outgoing-3 &gt;&gt; Accept-Encoding: gzip, x-gzip, deflate
22:48:25.522 [ducttape-0] DEBUG c.g.d.z.s.o.a.h.client5.http.headers - http-outgoing-3 &gt;&gt; Host: localhost:2375
22:48:25.522 [ducttape-0] DEBUG c.g.d.z.s.o.a.h.client5.http.headers - http-outgoing-3 &gt;&gt; Connection: keep-alive
22:48:25.522 [ducttape-0] DEBUG c.g.d.z.s.o.a.h.client5.http.headers - http-outgoing-3 &gt;&gt; User-Agent: Apache-HttpClient/5.0.3 (Java/11.0.13)
22:48:25.523 [ducttape-0] DEBUG c.g.d.z.s.o.a.hc.client5.http.wire - http-outgoing-3 &gt;&gt; &quot;GET /v1.32/containers/aa6f16155ec7bc5f538d4a7724907940507d1503be109380040678518e6b5789/json HTTP/1.1[\r][\n]&quot;
22:48:25.523 [ducttape-0] DEBUG c.g.d.z.s.o.a.hc.client5.http.wire - http-outgoing-3 &gt;&gt; &quot;accept: application/json[\r][\n]&quot;
22:48:25.523 [ducttape-0] DEBUG c.g.d.z.s.o.a.hc.client5.http.wire - http-outgoing-3 &gt;&gt; &quot;Accept-Encoding: gzip, x-gzip, deflate[\r][\n]&quot;
22:48:25.523 [ducttape-0] DEBUG c.g.d.z.s.o.a.hc.client5.http.wire - http-outgoing-3 &gt;&gt; &quot;Host: localhost:2375[\r][\n]&quot;
22:48:25.523 [ducttape-0] DEBUG c.g.d.z.s.o.a.hc.client5.http.wire - http-outgoing-3 &gt;&gt; &quot;Connection: keep-alive[\r][\n]&quot;
22:48:25.523 [ducttape-0] DEBUG c.g.d.z.s.o.a.hc.client5.http.wire - http-outgoing-3 &gt;&gt; &quot;User-Agent: Apache-HttpClient/5.0.3 (Java/11.0.13)[\r][\n]&quot;
22:48:25.523 [ducttape-0] DEBUG c.g.d.z.s.o.a.hc.client5.http.wire - http-outgoing-3 &gt;&gt; &quot;[\r][\n]&quot;
22:48:25.525 [ducttape-0] DEBUG c.g.d.z.s.o.a.hc.client5.http.wire - http-outgoing-3 &lt;&lt; &quot;HTTP/1.1 200 OK[\r][\n]&quot;
22:48:25.525 [ducttape-0] DEBUG c.g.d.z.s.o.a.hc.client5.http.wire - http-outgoing-3 &lt;&lt; &quot;Api-Version: 1.41[\r][\n]&quot;
22:48:25.525 [ducttape-0] DEBUG c.g.d.z.s.o.a.hc.client5.http.wire - http-outgoing-3 &lt;&lt; &quot;Content-Type: application/json[\r][\n]&quot;
22:48:25.525 [ducttape-0] DEBUG c.g.d.z.s.o.a.hc.client5.http.wire - http-outgoing-3 &lt;&lt; &quot;Docker-Experimental: false[\r][\n]&quot;
22:48:25.525 [ducttape-0] DEBUG c.g.d.z.s.o.a.hc.client5.http.wire - http-outgoing-3 &lt;&lt; &quot;Ostype: linux[\r][\n]&quot;
22:48:25.525 [ducttape-0] DEBUG c.g.d.z.s.o.a.hc.client5.http.wire - http-outgoing-3 &lt;&lt; &quot;Server: Docker/20.10.12 (linux)[\r][\n]&quot;
22:48:25.526 [ducttape-0] DEBUG c.g.d.z.s.o.a.hc.client5.http.wire - http-outgoing-3 &lt;&lt; &quot;Date: Sun, 13 Feb 2022 21:48:25 GMT[\r][\n]&quot;
22:48:25.526 [ducttape-0] DEBUG c.g.d.z.s.o.a.hc.client5.http.wire - http-outgoing-3 &lt;&lt; &quot;Transfer-Encoding: chunked[\r][\n]&quot;
22:48:25.526 [ducttape-0] DEBUG c.g.d.z.s.o.a.hc.client5.http.wire - http-outgoing-3 &lt;&lt; &quot;[\r][\n]&quot;
22:48:25.526 [ducttape-0] DEBUG c.g.d.z.s.o.a.hc.client5.http.wire - http-outgoing-3 &lt;&lt; &quot;1459[\r][\n]&quot;
22:48:25.526 [ducttape-0] DEBUG c.g.d.z.s.o.a.hc.client5.http.wire - http-outgoing-3 &lt;&lt; &quot;{&quot;Id&quot;:&quot;aa6f16155ec7bc5f538d4a7724907940507d1503be109380040678518e6b5789&quot;,&quot;Created&quot;:&quot;2022-02-13T21:48:24.041651243Z&quot;,&quot;Path&quot;:&quot;java&quot;,&quot;Args&quot;:[&quot;-jar&quot;,&quot;/opt/app/menu-server.jar&quot;,&quot;--server.port=8080&quot;],&quot;State&quot;:{&quot;Status&quot;:&quot;running&quot;,&quot;Running&quot;:true,&quot;Paused&quot;:false,&quot;Restarting&quot;:false,&quot;OOMKilled&quot;:false,&quot;Dead&quot;:false,&quot;Pid&quot;:75487,&quot;ExitCode&quot;:0,&quot;Error&quot;:&quot;&quot;,&quot;StartedAt&quot;:&quot;2022-02-13T21:48:25.408147454Z&quot;,&quot;FinishedAt&quot;:&quot;0001-01-01T00:00:00Z&quot;},&quot;Image&quot;:&quot;sha256:35ab7218180bf82c747ec97428348ff28028aebb6b860f6cff6cd03d1cef9f37&quot;,&quot;ResolvConfPath&quot;:&quot;/var/lib/docker/containers/aa6f16155ec7bc5f538d4a7724907940507d1503be109380040678518e6b5789/resolv.conf&quot;,&quot;HostnamePath&quot;:&quot;/var/lib/docker/containers/aa6f16155ec7bc5f538d4a7724907940507d1503be109380040678518e6b5789/hostname&quot;,&quot;HostsPath&quot;:&quot;/var/lib/docker/containers/aa6f16155ec7bc5f538d4a7724907940507d1503be109380040678518e6b5789/hosts&quot;,&quot;LogPath&quot;:&quot;/var/lib/docker/containers/aa6f16155ec7bc5f538d4a7724907940507d1503be109380040678518e6b5789/aa6f16155ec7bc5f538d4a7724907940507d1503be109380040678518e6b5789-json.log&quot;,&quot;Name&quot;:&quot;/peaceful_newton&quot;,&quot;RestartCount&quot;:0,&quot;Driver&quot;:&quot;overlay2&quot;,&quot;Platform&quot;:&quot;linux&quot;,&quot;MountLabel&quot;:&quot;&quot;,&quot;ProcessLabel&quot;:&quot;&quot;,&quot;AppArmorProfile&quot;:&quot;docker-default&quot;,&quot;ExecIDs&quot;:null,&quot;HostConfig&quot;:{&quot;Binds&quot;:[],&quot;ContainerIDFile&quot;:&quot;&quot;,&quot;LogConfig&quot;:{&quot;Type&quot;:&quot;json-file&quot;,&quot;Config&quot;:{}},&quot;NetworkMode&quot;:&quot;default&quot;,&quot;PortBindings&quot;:{&quot;8080/tcp&quot;:[{&quot;HostIp&quot;:&quot;&quot;,&quot;HostPort&quot;:&quot;&quot;}]},&quot;RestartPolicy&quot;:{&quot;Name&quot;:&quot;&quot;,&quot;MaximumRetryCount&quot;:0},&quot;AutoRemove&quot;:false,&quot;VolumeDriver&quot;:&quot;&quot;,&quot;VolumesFrom&quot;:[],&quot;CapAdd&quot;:null,&quot;CapDrop&quot;:null,&quot;CgroupnsMode&quot;:&quot;host&quot;,&quot;Dns&quot;:null,&quot;DnsOptions&quot;:null,&quot;DnsSearch&quot;:null,&quot;ExtraHosts&quot;:[],&quot;GroupAdd&quot;:null,&quot;IpcMode&quot;:&quot;shareable&quot;,&quot;Cgroup&quot;:&quot;&quot;,&quot;Links&quot;:null,&quot;OomScoreAdj&quot;:0,&quot;PidMode&quot;:&quot;&quot;,&quot;Privileged&quot;:false,&quot;PublishAllPorts&quot;:false,&quot;ReadonlyRootfs&quot;:false,&quot;SecurityOpt&quot;:null,&quot;UTSMode&quot;:&quot;&quot;,&quot;UsernsMode&quot;:&quot;&quot;,&quot;ShmSize&quot;:67108864,&quot;Runtime&quot;:&quot;runc&quot;,&quot;ConsoleSize&quot;:[0,0],&quot;Isolation&quot;:&quot;&quot;,&quot;CpuShares&quot;:0,&quot;Memory&quot;:0,&quot;NanoCpus&quot;:0,&quot;CgroupParent&quot;:&quot;&quot;,&quot;BlkioWeight&quot;:0,&quot;BlkioWeightDevice&quot;:null,&quot;BlkioDeviceReadBps&quot;:null,&quot;BlkioDeviceWriteBps&quot;:null,&quot;BlkioDeviceReadIOps&quot;:null,&quot;BlkioDeviceWriteIOps&quot;:null,&quot;CpuPeriod&quot;:0,&quot;CpuQuota&quot;:0,&quot;CpuRealtimePeriod&quot;:0,&quot;CpuRealtimeRuntime&quot;:0,&quot;CpusetCpus&quot;:&quot;&quot;,&quot;CpusetMems&quot;:&quot;&quot;,&quot;Devices&quot;:null,&quot;DeviceCgroupRules&quot;:null,&quot;DeviceRequests&quot;:null,&quot;KernelMemory&quot;:0,&quot;KernelMemoryTCP&quot;:0,&quot;MemoryReservation&quot;:0,&quot;MemorySwap&quot;:0,&quot;MemorySwappiness&quot;:null,&quot;OomKillDisable&quot;:false,&quot;PidsLimit&quot;:null,&quot;Ulimits&quot;:null,&quot;CpuCount&quot;:0,&quot;CpuPercent&quot;:0,&quot;IOMaximumIOps&quot;:0,&quot;IOMaximumBandwidth&quot;:0,&quot;MaskedPaths&quot;:[&quot;/proc/asound&quot;,&quot;/proc/acpi&quot;,&quot;/proc/kcore&quot;,&quot;/proc/keys&quot;,&quot;/proc/latency_stats&quot;,&quot;/proc/timer_list&quot;,&quot;/proc/timer_stats&quot;,&quot;/proc/sched_debug&quot;,&quot;/proc/scsi&quot;,&quot;/sys/firmware&quot;],&quot;ReadonlyPaths&quot;:[&quot;/proc/bus&quot;,&quot;/proc/fs&quot;,&quot;/proc/irq&quot;,&quot;/proc/sys&quot;,&quot;/proc/sysrq-trigger&quot;]},&quot;GraphDriver&quot;:{&quot;Data&quot;:{&quot;LowerDir&quot;:&quot;/var/lib/docker/overlay2/1fa43cd180228652a417ab4fdec30c46716818d569b1fd013c93a9fc6111e539-init/diff:/var/lib/docker/overlay2/b55ba49ce0a253837ca2f311ae89d6e2747163dfca37054daada71ac77a97d88/diff:/var/lib/docker/overlay2/84f1f4ada2daa8441cfcea481c746025190200e4b4e0cdbbc9c2e5de040b4985/diff:/var/lib/docker/overlay2/b6de60f3e8585c90976a17d31a0fe98cfbe4648dea139805da15e886bf52280e/diff&quot;,&quot;MergedDir&quot;:&quot;/var/lib/docker/overlay2/1fa43cd180228652a417ab4fdec30c46716818d569b1fd013c93a9fc6111e539/merged&quot;,&quot;UpperDir&quot;:&quot;/var/lib/docker/overlay2/1fa43cd180228652a417ab4fdec30c46716818d569b1fd013c93a9fc6111e539/diff&quot;,&quot;WorkDir&quot;:&quot;/var/lib/docker/overlay2/1fa43cd180228652a417ab4fdec30c46716818d569b1fd013c93a9fc6111e539/work&quot;},&quot;Name&quot;:&quot;overlay2&quot;},&quot;Mounts&quot;:[],&quot;Config&quot;:{&quot;Hostname&quot;:&quot;aa6f16155ec7&quot;,&quot;Domainname&quot;:&quot;&quot;,&quot;User&quot;:&quot;&quot;,&quot;AttachStdin&quot;:false,&quot;AttachStdout&quot;:false,&quot;AttachStderr&quot;:false,&quot;ExposedPorts&quot;:{&quot;8080/tcp&quot;:{}},&quot;Tty&quot;:false,&quot;OpenStdin&quot;:false,&quot;StdinOnce&quot;:false,&quot;Env&quot;:[&quot;PATH=/usr/local/sbin:/usr/local/bin:/usr/sbin:/usr/bin:/sbin:/bin&quot;,&quot;LANG=en_US.UTF-8&quot;,&quot;LANGUAGE=en_US:en&quot;,&quot;LC_ALL=en_US.UTF-8&quot;,&quot;JAVA_HOME=/usr/lib/jvm/zulu11-ca-amd64&quot;],&quot;Cmd&quot;:[&quot;java&quot;,&quot;-jar&quot;,&quot;/opt/app/menu-server.jar&quot;,&quot;--server.port=8080&quot;],&quot;Image&quot;:&quot;mailysm/menu-server:1.0.0&quot;,&quot;Volumes&quot;:null,&quot;WorkingDir&quot;:&quot;&quot;,&quot;Entrypoint&quot;:null,&quot;OnBuild&quot;:null,&quot;Labels&quot;:{&quot;org.testcontainers&quot;:&quot;true&quot;,&quot;org.testcontainers.sessionId&quot;:&quot;9146b6e3-da97-4d26-876d-8c297a218575&quot;}},&quot;NetworkSettings&quot;:{&quot;Bridge&quot;:&quot;&quot;,&quot;SandboxID&quot;:&quot;a5bc9b45fa6105192279fb81e35de55c53bc1b474e641e05963b204243c6d0fc&quot;,&quot;HairpinMode&quot;:false,&quot;LinkLocalIPv6Address&quot;:&quot;&quot;,&quot;LinkLocalIPv6PrefixLen&quot;:0,&quot;Ports&quot;:{&quot;8080/tcp&quot;:[{&quot;HostIp&quot;:&quot;0.0.0.0&quot;,&quot;HostPort&quot;:&quot;49205&quot;},{&quot;HostIp&quot;:&quot;::&quot;,&quot;HostPort&quot;:&quot;49205&quot;}]},&quot;SandboxKey&quot;:&quot;/var/run/docker/netns/a5bc9b45fa61&quot;,&quot;SecondaryIPAddresses&quot;:null,&quot;SecondaryIPv6Addresses&quot;:null,&quot;EndpointID&quot;:&quot;fe89e2ddc1353eeb8cadfb40cfbac8ac349ad224ca97e54c4d327bf2973c2cc5&quot;,&quot;Gateway&quot;:&quot;172.17.0.1&quot;,&quot;GlobalIPv6Address&quot;:&quot;&quot;,&quot;GlobalIPv6PrefixLen&quot;:0,&quot;IPAddress&quot;:&quot;172.17.0.3&quot;,&quot;IPPrefixLen&quot;:16,&quot;IPv6Gateway&quot;:&quot;&quot;,&quot;MacAddress&quot;:&quot;02:42:ac:11:00:03&quot;,&quot;Networks&quot;:{&quot;bridge&quot;:{&quot;IPAMConfig&quot;:null,&quot;Links&quot;:null,&quot;Aliases&quot;:null,&quot;NetworkID&quot;:&quot;7fea8d8f25168661bbec75b303f62f73cfb20a15e4c52abad652a1b1174bf236&quot;,&quot;EndpointID&quot;:&quot;fe89e2ddc1353eeb8cadfb40cfbac8ac349ad224ca97e54c4d327bf2973c2cc5&quot;,&quot;Gateway&quot;:&quot;172.17.0.1&quot;,&quot;IPAddress&quot;:&quot;172.17.0.3&quot;,&quot;IPPrefixLen&quot;:16,&quot;IPv6Gateway&quot;:&quot;&quot;,&quot;GlobalIPv6Address&quot;:&quot;&quot;,&quot;GlobalIPv6PrefixLen&quot;:0,&quot;MacAddress&quot;:&quot;02:42:ac:11:00:03&quot;,&quot;DriverOpts&quot;:null}}}}[\n]&quot;
22:48:25.528 [ducttape-0] DEBUG c.g.d.z.s.o.a.hc.client5.http.wire - http-outgoing-3 &lt;&lt; &quot;[\r][\n]&quot;
22:48:25.537 [ducttape-0] DEBUG c.g.d.z.s.o.a.hc.client5.http.wire - http-outgoing-3 &lt;&lt; &quot;0[\r][\n]&quot;
22:48:25.537 [ducttape-0] DEBUG c.g.d.z.s.o.a.hc.client5.http.wire - http-outgoing-3 &lt;&lt; &quot;[\r][\n]&quot;
22:48:25.537 [ducttape-0] DEBUG c.g.d.z.s.o.a.h.client5.http.headers - http-outgoing-3 &lt;&lt; HTTP/1.1 200 OK
22:48:25.541 [ducttape-0] DEBUG c.g.d.z.s.o.a.h.client5.http.headers - http-outgoing-3 &lt;&lt; Api-Version: 1.41
22:48:25.541 [ducttape-0] DEBUG c.g.d.z.s.o.a.h.client5.http.headers - http-outgoing-3 &lt;&lt; Content-Type: application/json
22:48:25.541 [ducttape-0] DEBUG c.g.d.z.s.o.a.h.client5.http.headers - http-outgoing-3 &lt;&lt; Docker-Experimental: false
22:48:25.541 [ducttape-0] DEBUG c.g.d.z.s.o.a.h.client5.http.headers - http-outgoing-3 &lt;&lt; Ostype: linux
22:48:25.541 [ducttape-0] DEBUG c.g.d.z.s.o.a.h.client5.http.headers - http-outgoing-3 &lt;&lt; Server: Docker/20.10.12 (linux)
22:48:25.541 [ducttape-0] DEBUG c.g.d.z.s.o.a.h.client5.http.headers - http-outgoing-3 &lt;&lt; Date: Sun, 13 Feb 2022 21:48:25 GMT
22:48:25.542 [ducttape-0] DEBUG c.g.d.z.s.o.a.h.client5.http.headers - http-outgoing-3 &lt;&lt; Transfer-Encoding: chunked
22:48:25.542 [ducttape-0] DEBUG c.g.d.z.s.o.a.h.c.h.i.c.MainClientExec - ex-0000001A: connection can be kept alive for 3 MINUTES
22:48:25.561 [ducttape-0] DEBUG c.g.d.z.s.o.a.h.c.h.i.c.InternalHttpClient - ep-00000019: releasing valid endpoint
22:48:25.564 [ducttape-0] DEBUG c.g.d.z.s.o.a.h.c.h.i.i.PoolingHttpClientConnectionManager - ep-00000019: releasing endpoint
22:48:25.566 [ducttape-0] DEBUG c.g.d.z.s.o.a.h.c.h.i.i.PoolingHttpClientConnectionManager - ep-00000019: connection http-outgoing-3 can be kept alive for 3 MINUTES
22:48:25.566 [ducttape-0] DEBUG c.g.d.z.s.o.a.h.c.h.i.i.PoolingHttpClientConnectionManager - ep-00000019: connection released [route: {}-&gt;unix://localhost:2375][total available: 1; route allocated: 1 of 2147483647; total allocated: 1 of 2147483647]
22:48:25.567 [testcontainers-wait-0] DEBUG o.t.c.ExecInContainerPattern - /peaceful_newton: Running &quot;exec&quot; command: /bin/sh -c while true; do ( true  &amp;&amp;  (grep -i &apos;:0*1f90&apos; /proc/net/tcp* || nc -vz -w 1 localhost 8080 || /bin/bash -c &apos;&lt;/dev/tcp/localhost/8080&apos;) ) &amp;&amp; exit 0 || sleep 0.1; done
22:48:25.567 [testcontainers-wait-0] DEBUG o.t.s.c.g.d.c.command.AbstrDockerCmd - Cmd: aa6f16155ec7bc5f538d4a7724907940507d1503be109380040678518e6b5789,&lt;null&gt;,true,true,&lt;null&gt;,&lt;null&gt;,&lt;null&gt;,{/bin/sh,-c,while true; do ( true  &amp;&amp;  (grep -i &apos;:0*1f90&apos; /proc/net/tcp* || nc -vz -w 1 localhost 8080 || /bin/bash -c &apos;&lt;/dev/tcp/localhost/8080&apos;) ) &amp;&amp; exit 0 || sleep 0.1; done},&lt;null&gt;,&lt;null&gt;
22:48:25.572 [testcontainers-wait-1] DEBUG o.t.c.w.s.HostPortWaitStrategy - External port check passed for [8080] mapped as [49205] in PT0.002179S
22:48:25.572 [testcontainers-wait-0] DEBUG c.g.d.z.s.o.a.h.c.h.i.c.InternalHttpClient - ex-0000001B: preparing request execution
22:48:25.573 [testcontainers-wait-0] DEBUG c.g.d.z.s.o.a.h.c.h.p.RequestAddCookies - Cookie spec selected: strict
22:48:25.573 [testcontainers-wait-0] DEBUG c.g.d.z.s.o.a.h.c.h.p.RequestAuthCache - Auth cache not set in the context
22:48:25.573 [testcontainers-wait-0] DEBUG c.g.d.z.s.o.a.h.c.h.i.c.ProtocolExec - ex-0000001B: target auth state: UNCHALLENGED
22:48:25.573 [testcontainers-wait-0] DEBUG c.g.d.z.s.o.a.h.c.h.i.c.ProtocolExec - ex-0000001B: proxy auth state: UNCHALLENGED
22:48:25.573 [testcontainers-wait-0] DEBUG c.g.d.z.s.o.a.h.c.h.i.c.ConnectExec - ex-0000001B: acquiring connection with route {}-&gt;unix://localhost:2375
22:48:25.573 [testcontainers-wait-0] DEBUG c.g.d.z.s.o.a.h.c.h.i.c.InternalHttpClient - ex-0000001B: acquiring endpoint (3 MINUTES)
22:48:25.573 [testcontainers-wait-0] DEBUG c.g.d.z.s.o.a.h.c.h.i.i.PoolingHttpClientConnectionManager - ex-0000001B: endpoint lease request (3 MINUTES) [route: {}-&gt;unix://localhost:2375][total available: 1; route allocated: 1 of 2147483647; total allocated: 1 of 2147483647]
22:48:25.573 [testcontainers-wait-0] DEBUG c.g.d.z.s.o.a.h.c.h.i.i.PoolingHttpClientConnectionManager - ex-0000001B: endpoint leased [route: {}-&gt;unix://localhost:2375][total available: 0; route allocated: 1 of 2147483647; total allocated: 1 of 2147483647]
22:48:25.573 [testcontainers-wait-0] DEBUG c.g.d.z.s.o.a.h.c.h.i.i.PoolingHttpClientConnectionManager - ex-0000001B: acquired ep-0000001A
22:48:25.573 [testcontainers-wait-0] DEBUG c.g.d.z.s.o.a.h.c.h.i.c.InternalHttpClient - ex-0000001B: acquired endpoint ep-0000001A
22:48:25.573 [testcontainers-wait-0] DEBUG c.g.d.z.s.o.a.h.c.h.i.c.MainClientExec - ex-0000001B: executing POST /v1.32/containers/aa6f16155ec7bc5f538d4a7724907940507d1503be109380040678518e6b5789/exec HTTP/1.1
22:48:25.573 [testcontainers-wait-0] DEBUG c.g.d.z.s.o.a.h.c.h.i.c.InternalHttpClient - ep-0000001A: start execution ex-0000001B
22:48:25.573 [testcontainers-wait-0] DEBUG c.g.d.z.s.o.a.h.c.h.i.i.PoolingHttpClientConnectionManager - ep-0000001A: executing exchange ex-0000001B over http-outgoing-3
22:48:25.573 [testcontainers-wait-0] DEBUG c.g.d.z.s.o.a.h.client5.http.headers - http-outgoing-3 &gt;&gt; POST /v1.32/containers/aa6f16155ec7bc5f538d4a7724907940507d1503be109380040678518e6b5789/exec HTTP/1.1
22:48:25.573 [testcontainers-wait-0] DEBUG c.g.d.z.s.o.a.h.client5.http.headers - http-outgoing-3 &gt;&gt; accept: application/json
22:48:25.573 [testcontainers-wait-0] DEBUG c.g.d.z.s.o.a.h.client5.http.headers - http-outgoing-3 &gt;&gt; content-type: application/json
22:48:25.573 [testcontainers-wait-0] DEBUG c.g.d.z.s.o.a.h.client5.http.headers - http-outgoing-3 &gt;&gt; Accept-Encoding: gzip, x-gzip, deflate
22:48:25.573 [testcontainers-wait-0] DEBUG c.g.d.z.s.o.a.h.client5.http.headers - http-outgoing-3 &gt;&gt; Content-Length: 402
22:48:25.573 [testcontainers-wait-0] DEBUG c.g.d.z.s.o.a.h.client5.http.headers - http-outgoing-3 &gt;&gt; Host: localhost:2375
22:48:25.576 [testcontainers-wait-0] DEBUG c.g.d.z.s.o.a.h.client5.http.headers - http-outgoing-3 &gt;&gt; Connection: keep-alive
22:48:25.576 [testcontainers-wait-0] DEBUG c.g.d.z.s.o.a.h.client5.http.headers - http-outgoing-3 &gt;&gt; User-Agent: Apache-HttpClient/5.0.3 (Java/11.0.13)
22:48:25.576 [testcontainers-wait-0] DEBUG c.g.d.z.s.o.a.hc.client5.http.wire - http-outgoing-3 &gt;&gt; &quot;POST /v1.32/containers/aa6f16155ec7bc5f538d4a7724907940507d1503be109380040678518e6b5789/exec HTTP/1.1[\r][\n]&quot;
22:48:25.577 [testcontainers-wait-0] DEBUG c.g.d.z.s.o.a.hc.client5.http.wire - http-outgoing-3 &gt;&gt; &quot;accept: application/json[\r][\n]&quot;
22:48:25.577 [testcontainers-wait-0] DEBUG c.g.d.z.s.o.a.hc.client5.http.wire - http-outgoing-3 &gt;&gt; &quot;content-type: application/json[\r][\n]&quot;
22:48:25.577 [testcontainers-wait-0] DEBUG c.g.d.z.s.o.a.hc.client5.http.wire - http-outgoing-3 &gt;&gt; &quot;Accept-Encoding: gzip, x-gzip, deflate[\r][\n]&quot;
22:48:25.577 [testcontainers-wait-0] DEBUG c.g.d.z.s.o.a.hc.client5.http.wire - http-outgoing-3 &gt;&gt; &quot;Content-Length: 402[\r][\n]&quot;
22:48:25.577 [testcontainers-wait-0] DEBUG c.g.d.z.s.o.a.hc.client5.http.wire - http-outgoing-3 &gt;&gt; &quot;Host: localhost:2375[\r][\n]&quot;
22:48:25.577 [testcontainers-wait-0] DEBUG c.g.d.z.s.o.a.hc.client5.http.wire - http-outgoing-3 &gt;&gt; &quot;Connection: keep-alive[\r][\n]&quot;
22:48:25.579 [testcontainers-wait-0] DEBUG c.g.d.z.s.o.a.hc.client5.http.wire - http-outgoing-3 &gt;&gt; &quot;User-Agent: Apache-HttpClient/5.0.3 (Java/11.0.13)[\r][\n]&quot;
22:48:25.579 [testcontainers-wait-0] DEBUG c.g.d.z.s.o.a.hc.client5.http.wire - http-outgoing-3 &gt;&gt; &quot;[\r][\n]&quot;
22:48:25.579 [testcontainers-wait-0] DEBUG c.g.d.z.s.o.a.hc.client5.http.wire - http-outgoing-3 &gt;&gt; &quot;{&quot;containerId&quot;:&quot;aa6f16155ec7bc5f538d4a7724907940507d1503be109380040678518e6b5789&quot;,&quot;AttachStdin&quot;:null,&quot;AttachStdout&quot;:true,&quot;AttachStderr&quot;:true,&quot;Tty&quot;:null,&quot;Privileged&quot;:null,&quot;User&quot;:null,&quot;Cmd&quot;:[&quot;/bin/sh&quot;,&quot;-c&quot;,&quot;while true; do ( true  &amp;&amp;  (grep -i &apos;:0*1f90&apos; /proc/net/tcp* || nc -vz -w 1 localhost 8080 || /bin/bash -c &apos;&lt;/dev/tcp/localhost/8080&apos;) ) &amp;&amp; exit 0 || sleep 0.1; done&quot;],&quot;Env&quot;:null,&quot;WorkingDir&quot;:null}&quot;
22:48:25.580 [testcontainers-wait-0] DEBUG c.g.d.z.s.o.a.hc.client5.http.wire - http-outgoing-3 &lt;&lt; &quot;HTTP/1.1 201 Created[\r][\n]&quot;
22:48:25.587 [testcontainers-wait-0] DEBUG c.g.d.z.s.o.a.hc.client5.http.wire - http-outgoing-3 &lt;&lt; &quot;Api-Version: 1.41[\r][\n]&quot;
22:48:25.587 [testcontainers-wait-0] DEBUG c.g.d.z.s.o.a.hc.client5.http.wire - http-outgoing-3 &lt;&lt; &quot;Content-Type: application/json[\r][\n]&quot;
22:48:25.587 [testcontainers-wait-0] DEBUG c.g.d.z.s.o.a.hc.client5.http.wire - http-outgoing-3 &lt;&lt; &quot;Docker-Experimental: false[\r][\n]&quot;
22:48:25.587 [testcontainers-wait-0] DEBUG c.g.d.z.s.o.a.hc.client5.http.wire - http-outgoing-3 &lt;&lt; &quot;Ostype: linux[\r][\n]&quot;
22:48:25.587 [testcontainers-wait-0] DEBUG c.g.d.z.s.o.a.hc.client5.http.wire - http-outgoing-3 &lt;&lt; &quot;Server: Docker/20.10.12 (linux)[\r][\n]&quot;
22:48:25.587 [testcontainers-wait-0] DEBUG c.g.d.z.s.o.a.hc.client5.http.wire - http-outgoing-3 &lt;&lt; &quot;Date: Sun, 13 Feb 2022 21:48:25 GMT[\r][\n]&quot;
22:48:25.587 [testcontainers-wait-0] DEBUG c.g.d.z.s.o.a.hc.client5.http.wire - http-outgoing-3 &lt;&lt; &quot;Content-Length: 74[\r][\n]&quot;
22:48:25.587 [testcontainers-wait-0] DEBUG c.g.d.z.s.o.a.hc.client5.http.wire - http-outgoing-3 &lt;&lt; &quot;[\r][\n]&quot;
22:48:25.587 [testcontainers-wait-0] DEBUG c.g.d.z.s.o.a.hc.client5.http.wire - http-outgoing-3 &lt;&lt; &quot;{&quot;Id&quot;:&quot;777b58ec53adced822b7c7d0141c293d9573d645ae7ca721496019d89aa339e3&quot;}[\n]&quot;
22:48:25.587 [testcontainers-wait-0] DEBUG c.g.d.z.s.o.a.h.client5.http.headers - http-outgoing-3 &lt;&lt; HTTP/1.1 201 Created
22:48:25.595 [testcontainers-wait-0] DEBUG c.g.d.z.s.o.a.h.client5.http.headers - http-outgoing-3 &lt;&lt; Api-Version: 1.41
22:48:25.595 [testcontainers-wait-0] DEBUG c.g.d.z.s.o.a.h.client5.http.headers - http-outgoing-3 &lt;&lt; Content-Type: application/json
22:48:25.595 [testcontainers-wait-0] DEBUG c.g.d.z.s.o.a.h.client5.http.headers - http-outgoing-3 &lt;&lt; Docker-Experimental: false
22:48:25.595 [testcontainers-wait-0] DEBUG c.g.d.z.s.o.a.h.client5.http.headers - http-outgoing-3 &lt;&lt; Ostype: linux
22:48:25.595 [testcontainers-wait-0] DEBUG c.g.d.z.s.o.a.h.client5.http.headers - http-outgoing-3 &lt;&lt; Server: Docker/20.10.12 (linux)
22:48:25.595 [testcontainers-wait-0] DEBUG c.g.d.z.s.o.a.h.client5.http.headers - http-outgoing-3 &lt;&lt; Date: Sun, 13 Feb 2022 21:48:25 GMT
22:48:25.595 [testcontainers-wait-0] DEBUG c.g.d.z.s.o.a.h.client5.http.headers - http-outgoing-3 &lt;&lt; Content-Length: 74
22:48:25.595 [testcontainers-wait-0] DEBUG c.g.d.z.s.o.a.h.c.h.i.c.MainClientExec - ex-0000001B: connection can be kept alive for 3 MINUTES
22:48:25.597 [testcontainers-wait-0] DEBUG c.g.d.z.s.o.a.h.c.h.i.c.InternalHttpClient - ep-0000001A: releasing valid endpoint
22:48:25.612 [testcontainers-wait-0] DEBUG c.g.d.z.s.o.a.h.c.h.i.i.PoolingHttpClientConnectionManager - ep-0000001A: releasing endpoint
22:48:25.613 [testcontainers-wait-0] DEBUG c.g.d.z.s.o.a.h.c.h.i.i.PoolingHttpClientConnectionManager - ep-0000001A: connection http-outgoing-3 can be kept alive for 3 MINUTES
22:48:25.613 [testcontainers-wait-0] DEBUG c.g.d.z.s.o.a.h.c.h.i.i.PoolingHttpClientConnectionManager - ep-0000001A: connection released [route: {}-&gt;unix://localhost:2375][total available: 1; route allocated: 1 of 2147483647; total allocated: 1 of 2147483647]
22:48:25.614 [docker-java-stream--1505383931] DEBUG c.g.d.z.s.o.a.h.c.h.i.c.InternalHttpClient - ex-0000001C: preparing request execution
22:48:25.614 [docker-java-stream--1505383931] DEBUG c.g.d.z.s.o.a.h.c.h.p.RequestAddCookies - Cookie spec selected: strict
22:48:25.616 [docker-java-stream--1505383931] DEBUG c.g.d.z.s.o.a.h.c.h.p.RequestAuthCache - Auth cache not set in the context
22:48:25.616 [docker-java-stream--1505383931] DEBUG c.g.d.z.s.o.a.h.c.h.i.c.ProtocolExec - ex-0000001C: target auth state: UNCHALLENGED
22:48:25.617 [docker-java-stream--1505383931] DEBUG c.g.d.z.s.o.a.h.c.h.i.c.ProtocolExec - ex-0000001C: proxy auth state: UNCHALLENGED
22:48:25.617 [docker-java-stream--1505383931] DEBUG c.g.d.z.s.o.a.h.c.h.i.c.ConnectExec - ex-0000001C: acquiring connection with route {}-&gt;unix://localhost:2375
22:48:25.617 [docker-java-stream--1505383931] DEBUG c.g.d.z.s.o.a.h.c.h.i.c.InternalHttpClient - ex-0000001C: acquiring endpoint (3 MINUTES)
22:48:25.618 [docker-java-stream--1505383931] DEBUG c.g.d.z.s.o.a.h.c.h.i.i.PoolingHttpClientConnectionManager - ex-0000001C: endpoint lease request (3 MINUTES) [route: {}-&gt;unix://localhost:2375][total available: 1; route allocated: 1 of 2147483647; total allocated: 1 of 2147483647]
22:48:25.620 [docker-java-stream--1505383931] DEBUG c.g.d.z.s.o.a.h.c.h.i.i.PoolingHttpClientConnectionManager - ex-0000001C: endpoint leased [route: {}-&gt;unix://localhost:2375][total available: 0; route allocated: 1 of 2147483647; total allocated: 1 of 2147483647]
22:48:25.621 [docker-java-stream--1505383931] DEBUG c.g.d.z.s.o.a.h.c.h.i.i.PoolingHttpClientConnectionManager - ex-0000001C: acquired ep-0000001B
22:48:25.621 [docker-java-stream--1505383931] DEBUG c.g.d.z.s.o.a.h.c.h.i.c.InternalHttpClient - ex-0000001C: acquired endpoint ep-0000001B
22:48:25.626 [docker-java-stream--1505383931] DEBUG c.g.d.z.s.o.a.h.c.h.i.c.MainClientExec - ex-0000001C: executing POST /v1.32/exec/777b58ec53adced822b7c7d0141c293d9573d645ae7ca721496019d89aa339e3/start HTTP/1.1
22:48:25.627 [docker-java-stream--1505383931] DEBUG c.g.d.z.s.o.a.h.c.h.i.c.InternalHttpClient - ep-0000001B: start execution ex-0000001C
22:48:25.627 [docker-java-stream--1505383931] DEBUG c.g.d.z.s.o.a.h.c.h.i.i.PoolingHttpClientConnectionManager - ep-0000001B: executing exchange ex-0000001C over http-outgoing-3
22:48:25.637 [docker-java-stream--1505383931] DEBUG c.g.d.z.s.o.a.h.client5.http.headers - http-outgoing-3 &gt;&gt; POST /v1.32/exec/777b58ec53adced822b7c7d0141c293d9573d645ae7ca721496019d89aa339e3/start HTTP/1.1
22:48:25.638 [docker-java-stream--1505383931] DEBUG c.g.d.z.s.o.a.h.client5.http.headers - http-outgoing-3 &gt;&gt; accept: application/json
22:48:25.644 [docker-java-stream--1505383931] DEBUG c.g.d.z.s.o.a.h.client5.http.headers - http-outgoing-3 &gt;&gt; content-type: application/json
22:48:25.644 [docker-java-stream--1505383931] DEBUG c.g.d.z.s.o.a.h.client5.http.headers - http-outgoing-3 &gt;&gt; Accept-Encoding: gzip, x-gzip, deflate
22:48:25.645 [docker-java-stream--1505383931] DEBUG c.g.d.z.s.o.a.h.client5.http.headers - http-outgoing-3 &gt;&gt; Content-Length: 26
22:48:25.646 [docker-java-stream--1505383931] DEBUG c.g.d.z.s.o.a.h.client5.http.headers - http-outgoing-3 &gt;&gt; Host: localhost:2375
22:48:25.646 [docker-java-stream--1505383931] DEBUG c.g.d.z.s.o.a.h.client5.http.headers - http-outgoing-3 &gt;&gt; Connection: keep-alive
22:48:25.646 [docker-java-stream--1505383931] DEBUG c.g.d.z.s.o.a.h.client5.http.headers - http-outgoing-3 &gt;&gt; User-Agent: Apache-HttpClient/5.0.3 (Java/11.0.13)
22:48:25.646 [docker-java-stream--1505383931] DEBUG c.g.d.z.s.o.a.hc.client5.http.wire - http-outgoing-3 &gt;&gt; &quot;POST /v1.32/exec/777b58ec53adced822b7c7d0141c293d9573d645ae7ca721496019d89aa339e3/start HTTP/1.1[\r][\n]&quot;
22:48:25.646 [docker-java-stream--1505383931] DEBUG c.g.d.z.s.o.a.hc.client5.http.wire - http-outgoing-3 &gt;&gt; &quot;accept: application/json[\r][\n]&quot;
22:48:25.646 [docker-java-stream--1505383931] DEBUG c.g.d.z.s.o.a.hc.client5.http.wire - http-outgoing-3 &gt;&gt; &quot;content-type: application/json[\r][\n]&quot;
22:48:25.646 [docker-java-stream--1505383931] DEBUG c.g.d.z.s.o.a.hc.client5.http.wire - http-outgoing-3 &gt;&gt; &quot;Accept-Encoding: gzip, x-gzip, deflate[\r][\n]&quot;
22:48:25.646 [docker-java-stream--1505383931] DEBUG c.g.d.z.s.o.a.hc.client5.http.wire - http-outgoing-3 &gt;&gt; &quot;Content-Length: 26[\r][\n]&quot;
22:48:25.646 [docker-java-stream--1505383931] DEBUG c.g.d.z.s.o.a.hc.client5.http.wire - http-outgoing-3 &gt;&gt; &quot;Host: localhost:2375[\r][\n]&quot;
22:48:25.646 [docker-java-stream--1505383931] DEBUG c.g.d.z.s.o.a.hc.client5.http.wire - http-outgoing-3 &gt;&gt; &quot;Connection: keep-alive[\r][\n]&quot;
22:48:25.646 [docker-java-stream--1505383931] DEBUG c.g.d.z.s.o.a.hc.client5.http.wire - http-outgoing-3 &gt;&gt; &quot;User-Agent: Apache-HttpClient/5.0.3 (Java/11.0.13)[\r][\n]&quot;
22:48:25.647 [docker-java-stream--1505383931] DEBUG c.g.d.z.s.o.a.hc.client5.http.wire - http-outgoing-3 &gt;&gt; &quot;[\r][\n]&quot;
22:48:25.648 [docker-java-stream--1505383931] DEBUG c.g.d.z.s.o.a.hc.client5.http.wire - http-outgoing-3 &gt;&gt; &quot;{&quot;Detach&quot;:null,&quot;Tty&quot;:null}&quot;
22:48:25.652 [docker-java-stream--1505383931] DEBUG c.g.d.z.s.o.a.hc.client5.http.wire - http-outgoing-3 &lt;&lt; &quot;HTTP/1.1 200 OK[\r][\n]&quot;
22:48:25.652 [docker-java-stream--1505383931] DEBUG c.g.d.z.s.o.a.hc.client5.http.wire - http-outgoing-3 &lt;&lt; &quot;Content-Type: application/vnd.docker.raw-stream[\r][\n]&quot;
22:48:25.652 [docker-java-stream--1505383931] DEBUG c.g.d.z.s.o.a.hc.client5.http.wire - http-outgoing-3 &lt;&lt; &quot;Api-Version: 1.41[\r][\n]&quot;
22:48:25.652 [docker-java-stream--1505383931] DEBUG c.g.d.z.s.o.a.hc.client5.http.wire - http-outgoing-3 &lt;&lt; &quot;Docker-Experimental: false[\r][\n]&quot;
22:48:25.652 [docker-java-stream--1505383931] DEBUG c.g.d.z.s.o.a.hc.client5.http.wire - http-outgoing-3 &lt;&lt; &quot;Ostype: linux[\r][\n]&quot;
22:48:25.652 [docker-java-stream--1505383931] DEBUG c.g.d.z.s.o.a.hc.client5.http.wire - http-outgoing-3 &lt;&lt; &quot;Server: Docker/20.10.12 (linux)[\r][\n]&quot;
22:48:25.652 [docker-java-stream--1505383931] DEBUG c.g.d.z.s.o.a.hc.client5.http.wire - http-outgoing-3 &lt;&lt; &quot;[\r][\n]&quot;
22:48:25.652 [docker-java-stream--1505383931] DEBUG c.g.d.z.s.o.a.h.client5.http.headers - http-outgoing-3 &lt;&lt; HTTP/1.1 200 OK
22:48:25.656 [docker-java-stream--1505383931] DEBUG c.g.d.z.s.o.a.h.client5.http.headers - http-outgoing-3 &lt;&lt; Content-Type: application/vnd.docker.raw-stream
22:48:25.656 [docker-java-stream--1505383931] DEBUG c.g.d.z.s.o.a.h.client5.http.headers - http-outgoing-3 &lt;&lt; Api-Version: 1.41
22:48:25.656 [docker-java-stream--1505383931] DEBUG c.g.d.z.s.o.a.h.client5.http.headers - http-outgoing-3 &lt;&lt; Docker-Experimental: false
22:48:25.657 [docker-java-stream--1505383931] DEBUG c.g.d.z.s.o.a.h.client5.http.headers - http-outgoing-3 &lt;&lt; Ostype: linux
22:48:25.657 [docker-java-stream--1505383931] DEBUG c.g.d.z.s.o.a.h.client5.http.headers - http-outgoing-3 &lt;&lt; Server: Docker/20.10.12 (linux)
22:48:26.077 [docker-java-stream--1505383931] DEBUG c.g.d.z.s.o.a.hc.client5.http.wire - http-outgoing-3 &lt;&lt; &quot;[0x2][0x0][0x0][0x0][0x0][0x0][0x0][0xc]/bin/sh: 1: &quot;
22:48:26.080 [docker-java-stream--1505383931] DEBUG c.g.d.z.s.o.a.hc.client5.http.wire - http-outgoing-3 &lt;&lt; &quot;[0x2][0x0][0x0][0x0][0x0][0x0][0x0][\r]nc: not found&quot;
22:48:26.080 [docker-java-stream--1505383931] DEBUG c.g.d.z.s.o.a.hc.client5.http.wire - http-outgoing-3 &lt;&lt; &quot;[0x2][0x0][0x0][0x0][0x0][0x0][0x0][0x1][\n]&quot;
22:48:26.086 [docker-java-stream--1505383931] DEBUG c.g.d.z.s.o.a.hc.client5.http.wire - http-outgoing-3 &lt;&lt; &quot;[0x2][0x0][0x0][0x0][0x0][0x0][0x0]4/bin/bash: connect: Cannot assign requested address[\n]&quot;
22:48:26.089 [docker-java-stream--1505383931] DEBUG c.g.d.z.s.o.a.hc.client5.http.wire - http-outgoing-3 &lt;&lt; &quot;[0x2][0x0][0x0][0x0][0x0][0x0][0x0]D/bin/bash: /dev/tcp/localhost/8080: Cannot assign requested address[\n]&quot;
22:48:26.209 [docker-java-stream--1505383931] DEBUG c.g.d.z.s.o.a.hc.client5.http.wire - http-outgoing-3 &lt;&lt; &quot;[0x2][0x0][0x0][0x0][0x0][0x0][0x0][0xc]/bin/sh: 1: &quot;
22:48:26.209 [docker-java-stream--1505383931] DEBUG c.g.d.z.s.o.a.hc.client5.http.wire - http-outgoing-3 &lt;&lt; &quot;[0x2][0x0][0x0][0x0][0x0][0x0][0x0][\r]nc: not found&quot;
22:48:26.209 [docker-java-stream--1505383931] DEBUG c.g.d.z.s.o.a.hc.client5.http.wire - http-outgoing-3 &lt;&lt; &quot;[0x2][0x0][0x0][0x0][0x0][0x0][0x0][0x1][\n]&quot;
22:48:26.217 [docker-java-stream--1505383931] DEBUG c.g.d.z.s.o.a.hc.client5.http.wire - http-outgoing-3 &lt;&lt; &quot;[0x2][0x0][0x0][0x0][0x0][0x0][0x0]4/bin/bash: connect: Cannot assign requested address[\n]&quot;
22:48:26.218 [docker-java-stream--1505383931] DEBUG c.g.d.z.s.o.a.hc.client5.http.wire - http-outgoing-3 &lt;&lt; &quot;[0x2][0x0][0x0][0x0][0x0][0x0][0x0]D/bin/bash: /dev/tcp/localhost/8080: Cannot assign requested address[\n]&quot;
22:48:26.347 [docker-java-stream--1505383931] DEBUG c.g.d.z.s.o.a.hc.client5.http.wire - http-outgoing-3 &lt;&lt; &quot;[0x2][0x0][0x0][0x0][0x0][0x0][0x0][0xc]/bin/sh: 1: &quot;
22:48:26.348 [docker-java-stream--1505383931] DEBUG c.g.d.z.s.o.a.hc.client5.http.wire - http-outgoing-3 &lt;&lt; &quot;[0x2][0x0][0x0][0x0][0x0][0x0][0x0][\r]nc: not found&quot;
22:48:26.349 [docker-java-stream--1505383931] DEBUG c.g.d.z.s.o.a.hc.client5.http.wire - http-outgoing-3 &lt;&lt; &quot;[0x2][0x0][0x0][0x0][0x0][0x0][0x0][0x1][\n]&quot;
22:48:26.365 [docker-java-stream--1505383931] DEBUG c.g.d.z.s.o.a.hc.client5.http.wire - http-outgoing-3 &lt;&lt; &quot;[0x2][0x0][0x0][0x0][0x0][0x0][0x0]4/bin/bash: connect: Cannot assign requested address[\n]&quot;
22:48:26.369 [docker-java-stream--1505383931] DEBUG c.g.d.z.s.o.a.hc.client5.http.wire - http-outgoing-3 &lt;&lt; &quot;[0x2][0x0][0x0][0x0][0x0][0x0][0x0]D/bin/bash: /dev/tcp/localhost/8080: Cannot assign requested address[\n]&quot;
22:48:26.495 [docker-java-stream--1505383931] DEBUG c.g.d.z.s.o.a.hc.client5.http.wire - http-outgoing-3 &lt;&lt; &quot;[0x2][0x0][0x0][0x0][0x0][0x0][0x0][0xc]/bin/sh: 1: &quot;
22:48:26.496 [docker-java-stream--1505383931] DEBUG c.g.d.z.s.o.a.hc.client5.http.wire - http-outgoing-3 &lt;&lt; &quot;[0x2][0x0][0x0][0x0][0x0][0x0][0x0][\r]nc: not found&quot;
22:48:26.496 [docker-java-stream--1505383931] DEBUG c.g.d.z.s.o.a.hc.client5.http.wire - http-outgoing-3 &lt;&lt; &quot;[0x2][0x0][0x0][0x0][0x0][0x0][0x0][0x1][\n]&quot;
22:48:26.506 [docker-java-stream--1505383931] DEBUG c.g.d.z.s.o.a.hc.client5.http.wire - http-outgoing-3 &lt;&lt; &quot;[0x2][0x0][0x0][0x0][0x0][0x0][0x0]4/bin/bash: connect: Cannot assign requested address[\n]&quot;
22:48:26.506 [docker-java-stream--1505383931] DEBUG c.g.d.z.s.o.a.hc.client5.http.wire - http-outgoing-3 &lt;&lt; &quot;[0x2][0x0][0x0][0x0][0x0][0x0][0x0]D/bin/bash: /dev/tcp/localhost/8080: Cannot assign requested address[\n]&quot;
22:48:26.623 [docker-java-stream--1505383931] DEBUG c.g.d.z.s.o.a.hc.client5.http.wire - http-outgoing-3 &lt;&lt; &quot;[0x2][0x0][0x0][0x0][0x0][0x0][0x0][0xc]/bin/sh: 1: &quot;
22:48:26.625 [docker-java-stream--1505383931] DEBUG c.g.d.z.s.o.a.hc.client5.http.wire - http-outgoing-3 &lt;&lt; &quot;[0x2][0x0][0x0][0x0][0x0][0x0][0x0][\r]nc: not found&quot;
22:48:26.625 [docker-java-stream--1505383931] DEBUG c.g.d.z.s.o.a.hc.client5.http.wire - http-outgoing-3 &lt;&lt; &quot;[0x2][0x0][0x0][0x0][0x0][0x0][0x0][0x1][\n]&quot;
22:48:26.639 [docker-java-stream--1505383931] DEBUG c.g.d.z.s.o.a.hc.client5.http.wire - http-outgoing-3 &lt;&lt; &quot;[0x2][0x0][0x0][0x0][0x0][0x0][0x0]4/bin/bash: connect: Cannot assign requested address[\n]&quot;
22:48:26.639 [docker-java-stream--1505383931] DEBUG c.g.d.z.s.o.a.hc.client5.http.wire - http-outgoing-3 &lt;&lt; &quot;[0x2][0x0][0x0][0x0][0x0][0x0][0x0]D/bin/bash: /dev/tcp/localhost/8080: Cannot assign requested address[\n]&quot;
22:48:26.760 [docker-java-stream--1505383931] DEBUG c.g.d.z.s.o.a.hc.client5.http.wire - http-outgoing-3 &lt;&lt; &quot;[0x2][0x0][0x0][0x0][0x0][0x0][0x0][0xc]/bin/sh: 1: &quot;
22:48:26.762 [docker-java-stream--1505383931] DEBUG c.g.d.z.s.o.a.hc.client5.http.wire - http-outgoing-3 &lt;&lt; &quot;[0x2][0x0][0x0][0x0][0x0][0x0][0x0][\r]nc: not found&quot;
22:48:26.762 [docker-java-stream--1505383931] DEBUG c.g.d.z.s.o.a.hc.client5.http.wire - http-outgoing-3 &lt;&lt; &quot;[0x2][0x0][0x0][0x0][0x0][0x0][0x0][0x1][\n]&quot;
22:48:26.767 [docker-java-stream--1505383931] DEBUG c.g.d.z.s.o.a.hc.client5.http.wire - http-outgoing-3 &lt;&lt; &quot;[0x2][0x0][0x0][0x0][0x0][0x0][0x0]4/bin/bash: connect: Cannot assign requested address[\n]&quot;
22:48:26.775 [docker-java-stream--1505383931] DEBUG c.g.d.z.s.o.a.hc.client5.http.wire - http-outgoing-3 &lt;&lt; &quot;[0x2][0x0][0x0][0x0][0x0][0x0][0x0]D/bin/bash: /dev/tcp/localhost/8080: Cannot assign requested address[\n]&quot;
22:48:26.918 [docker-java-stream--1505383931] DEBUG c.g.d.z.s.o.a.hc.client5.http.wire - http-outgoing-3 &lt;&lt; &quot;[0x2][0x0][0x0][0x0][0x0][0x0][0x0][0xc]/bin/sh: 1: &quot;
22:48:26.921 [docker-java-stream--1505383931] DEBUG c.g.d.z.s.o.a.hc.client5.http.wire - http-outgoing-3 &lt;&lt; &quot;[0x2][0x0][0x0][0x0][0x0][0x0][0x0][\r]nc: not found[0x2][0x0][0x0][0x0][0x0][0x0][0x0][0x1][\n]&quot;
22:48:26.934 [docker-java-stream--1505383931] DEBUG c.g.d.z.s.o.a.hc.client5.http.wire - http-outgoing-3 &lt;&lt; &quot;[0x2][0x0][0x0][0x0][0x0][0x0][0x0]4/bin/bash: connect: Cannot assign requested address[\n]&quot;
22:48:26.935 [docker-java-stream--1505383931] DEBUG c.g.d.z.s.o.a.hc.client5.http.wire - http-outgoing-3 &lt;&lt; &quot;[0x2][0x0][0x0][0x0][0x0][0x0][0x0]D/bin/bash: /dev/tcp/localhost/8080: Cannot assign requested address[\n]&quot;
22:48:27.087 [docker-java-stream--1505383931] DEBUG c.g.d.z.s.o.a.hc.client5.http.wire - http-outgoing-3 &lt;&lt; &quot;[0x2][0x0][0x0][0x0][0x0][0x0][0x0][0xc]/bin/sh: 1: [0x2][0x0][0x0][0x0][0x0][0x0][0x0][\r]nc: not found[0x2][0x0][0x0][0x0][0x0][0x0][0x0][0x1][\n]&quot;
22:48:27.101 [docker-java-stream--1505383931] DEBUG c.g.d.z.s.o.a.hc.client5.http.wire - http-outgoing-3 &lt;&lt; &quot;[0x2][0x0][0x0][0x0][0x0][0x0][0x0]4/bin/bash: connect: Cannot assign requested address[\n]&quot;
22:48:27.101 [docker-java-stream--1505383931] DEBUG c.g.d.z.s.o.a.hc.client5.http.wire - http-outgoing-3 &lt;&lt; &quot;[0x2][0x0][0x0][0x0][0x0][0x0][0x0]D/bin/bash: /dev/tcp/localhost/8080: Cannot assign requested address[\n]&quot;
[...]
22:49:03.207 [main] DEBUG c.g.d.z.s.o.a.h.c.h.i.i.PoolingHttpClientConnectionManager - ex-00000020: acquired ep-0000001F
22:49:03.207 [main] DEBUG c.g.d.z.s.o.a.h.c.h.i.c.InternalHttpClient - ex-00000020: acquired endpoint ep-0000001F
22:49:03.207 [main] DEBUG c.g.d.z.s.o.a.h.c.h.i.c.MainClientExec - ex-00000020: executing GET /v1.32/containers/aa6f16155ec7bc5f538d4a7724907940507d1503be109380040678518e6b5789/json HTTP/1.1
22:49:03.207 [main] DEBUG c.g.d.z.s.o.a.h.c.h.i.c.InternalHttpClient - ep-0000001F: start execution ex-00000020
22:49:03.207 [main] DEBUG c.g.d.z.s.o.a.h.c.h.i.i.PoolingHttpClientConnectionManager - ep-0000001F: executing exchange ex-00000020 over http-outgoing-4
22:49:03.207 [main] DEBUG c.g.d.z.s.o.a.h.client5.http.headers - http-outgoing-4 &gt;&gt; GET /v1.32/containers/aa6f16155ec7bc5f538d4a7724907940507d1503be109380040678518e6b5789/json HTTP/1.1
22:49:03.208 [main] DEBUG c.g.d.z.s.o.a.h.client5.http.headers - http-outgoing-4 &gt;&gt; accept: application/json
22:49:03.209 [main] DEBUG c.g.d.z.s.o.a.h.client5.http.headers - http-outgoing-4 &gt;&gt; Accept-Encoding: gzip, x-gzip, deflate
22:49:03.209 [main] DEBUG c.g.d.z.s.o.a.h.client5.http.headers - http-outgoing-4 &gt;&gt; Host: localhost:2375
22:49:03.209 [main] DEBUG c.g.d.z.s.o.a.h.client5.http.headers - http-outgoing-4 &gt;&gt; Connection: keep-alive
22:49:03.209 [main] DEBUG c.g.d.z.s.o.a.h.client5.http.headers - http-outgoing-4 &gt;&gt; User-Agent: Apache-HttpClient/5.0.3 (Java/11.0.13)
22:49:03.209 [main] DEBUG c.g.d.z.s.o.a.hc.client5.http.wire - http-outgoing-4 &gt;&gt; &quot;GET /v1.32/containers/aa6f16155ec7bc5f538d4a7724907940507d1503be109380040678518e6b5789/json HTTP/1.1[\r][\n]&quot;
22:49:03.209 [main] DEBUG c.g.d.z.s.o.a.hc.client5.http.wire - http-outgoing-4 &gt;&gt; &quot;accept: application/json[\r][\n]&quot;
22:49:03.209 [main] DEBUG c.g.d.z.s.o.a.hc.client5.http.wire - http-outgoing-4 &gt;&gt; &quot;Accept-Encoding: gzip, x-gzip, deflate[\r][\n]&quot;
22:49:03.210 [main] DEBUG c.g.d.z.s.o.a.hc.client5.http.wire - http-outgoing-4 &gt;&gt; &quot;Host: localhost:2375[\r][\n]&quot;
22:49:03.211 [main] DEBUG c.g.d.z.s.o.a.hc.client5.http.wire - http-outgoing-4 &gt;&gt; &quot;Connection: keep-alive[\r][\n]&quot;
22:49:03.211 [main] DEBUG c.g.d.z.s.o.a.hc.client5.http.wire - http-outgoing-4 &gt;&gt; &quot;User-Agent: Apache-HttpClient/5.0.3 (Java/11.0.13)[\r][\n]&quot;
22:49:03.211 [main] DEBUG c.g.d.z.s.o.a.hc.client5.http.wire - http-outgoing-4 &gt;&gt; &quot;[\r][\n]&quot;
22:49:03.223 [main] DEBUG c.g.d.z.s.o.a.hc.client5.http.wire - http-outgoing-4 &lt;&lt; &quot;HTTP/1.1 200 OK[\r][\n]&quot;
22:49:03.223 [main] DEBUG c.g.d.z.s.o.a.hc.client5.http.wire - http-outgoing-4 &lt;&lt; &quot;Api-Version: 1.41[\r][\n]&quot;
22:49:03.223 [main] DEBUG c.g.d.z.s.o.a.hc.client5.http.wire - http-outgoing-4 &lt;&lt; &quot;Content-Type: application/json[\r][\n]&quot;
22:49:03.223 [main] DEBUG c.g.d.z.s.o.a.hc.client5.http.wire - http-outgoing-4 &lt;&lt; &quot;Docker-Experimental: false[\r][\n]&quot;
22:49:03.223 [main] DEBUG c.g.d.z.s.o.a.hc.client5.http.wire - http-outgoing-4 &lt;&lt; &quot;Ostype: linux[\r][\n]&quot;
22:49:03.223 [main] DEBUG c.g.d.z.s.o.a.hc.client5.http.wire - http-outgoing-4 &lt;&lt; &quot;Server: Docker/20.10.12 (linux)[\r][\n]&quot;
22:49:03.223 [main] DEBUG c.g.d.z.s.o.a.hc.client5.http.wire - http-outgoing-4 &lt;&lt; &quot;Date: Sun, 13 Feb 2022 21:49:03 GMT[\r][\n]&quot;
22:49:03.224 [main] DEBUG c.g.d.z.s.o.a.hc.client5.http.wire - http-outgoing-4 &lt;&lt; &quot;Transfer-Encoding: chunked[\r][\n]&quot;
22:49:03.225 [main] DEBUG c.g.d.z.s.o.a.hc.client5.http.wire - http-outgoing-4 &lt;&lt; &quot;[\r][\n]&quot;
22:49:03.225 [main] DEBUG c.g.d.z.s.o.a.hc.client5.http.wire - http-outgoing-4 &lt;&lt; &quot;133e[\r][\n]&quot;
22:49:03.225 [main] DEBUG c.g.d.z.s.o.a.hc.client5.http.wire - http-outgoing-4 &lt;&lt; &quot;{&quot;Id&quot;:&quot;aa6f16155ec7bc5f538d4a7724907940507d1503be109380040678518e6b5789&quot;,&quot;Created&quot;:&quot;2022-02-13T21:48:24.041651243Z&quot;,&quot;Path&quot;:&quot;java&quot;,&quot;Args&quot;:[&quot;-jar&quot;,&quot;/opt/app/menu-server.jar&quot;,&quot;--server.port=8080&quot;],&quot;State&quot;:{&quot;Status&quot;:&quot;exited&quot;,&quot;Running&quot;:false,&quot;Paused&quot;:false,&quot;Restarting&quot;:false,&quot;OOMKilled&quot;:false,&quot;Dead&quot;:false,&quot;Pid&quot;:0,&quot;ExitCode&quot;:137,&quot;Error&quot;:&quot;&quot;,&quot;StartedAt&quot;:&quot;2022-02-13T21:48:25.408147454Z&quot;,&quot;FinishedAt&quot;:&quot;2022-02-13T21:49:02.882461794Z&quot;},&quot;Image&quot;:&quot;sha256:35ab7218180bf82c747ec97428348ff28028aebb6b860f6cff6cd03d1cef9f37&quot;,&quot;ResolvConfPath&quot;:&quot;/var/lib/docker/containers/aa6f16155ec7bc5f538d4a7724907940507d1503be109380040678518e6b5789/resolv.conf&quot;,&quot;HostnamePath&quot;:&quot;/var/lib/docker/containers/aa6f16155ec7bc5f538d4a7724907940507d1503be109380040678518e6b5789/hostname&quot;,&quot;HostsPath&quot;:&quot;/var/lib/docker/containers/aa6f16155ec7bc5f538d4a7724907940507d1503be109380040678518e6b5789/hosts&quot;,&quot;LogPath&quot;:&quot;/var/lib/docker/containers/aa6f16155ec7bc5f538d4a7724907940507d1503be109380040678518e6b5789/aa6f16155ec7bc5f538d4a7724907940507d1503be109380040678518e6b5789-json.log&quot;,&quot;Name&quot;:&quot;/peaceful_newton&quot;,&quot;RestartCount&quot;:0,&quot;Driver&quot;:&quot;overlay2&quot;,&quot;Platform&quot;:&quot;linux&quot;,&quot;MountLabel&quot;:&quot;&quot;,&quot;ProcessLabel&quot;:&quot;&quot;,&quot;AppArmorProfile&quot;:&quot;docker-default&quot;,&quot;ExecIDs&quot;:null,&quot;HostConfig&quot;:{&quot;Binds&quot;:[],&quot;ContainerIDFile&quot;:&quot;&quot;,&quot;LogConfig&quot;:{&quot;Type&quot;:&quot;json-file&quot;,&quot;Config&quot;:{}},&quot;NetworkMode&quot;:&quot;default&quot;,&quot;PortBindings&quot;:{&quot;8080/tcp&quot;:[{&quot;HostIp&quot;:&quot;&quot;,&quot;HostPort&quot;:&quot;&quot;}]},&quot;RestartPolicy&quot;:{&quot;Name&quot;:&quot;&quot;,&quot;MaximumRetryCount&quot;:0},&quot;AutoRemove&quot;:false,&quot;VolumeDriver&quot;:&quot;&quot;,&quot;VolumesFrom&quot;:[],&quot;CapAdd&quot;:null,&quot;CapDrop&quot;:null,&quot;CgroupnsMode&quot;:&quot;host&quot;,&quot;Dns&quot;:null,&quot;DnsOptions&quot;:null,&quot;DnsSearch&quot;:null,&quot;ExtraHosts&quot;:[],&quot;GroupAdd&quot;:null,&quot;IpcMode&quot;:&quot;shareable&quot;,&quot;Cgroup&quot;:&quot;&quot;,&quot;Links&quot;:null,&quot;OomScoreAdj&quot;:0,&quot;PidMode&quot;:&quot;&quot;,&quot;Privileged&quot;:false,&quot;PublishAllPorts&quot;:false,&quot;ReadonlyRootfs&quot;:false,&quot;SecurityOpt&quot;:null,&quot;UTSMode&quot;:&quot;&quot;,&quot;UsernsMode&quot;:&quot;&quot;,&quot;ShmSize&quot;:67108864,&quot;Runtime&quot;:&quot;runc&quot;,&quot;ConsoleSize&quot;:[0,0],&quot;Isolation&quot;:&quot;&quot;,&quot;CpuShares&quot;:0,&quot;Memory&quot;:0,&quot;NanoCpus&quot;:0,&quot;CgroupParent&quot;:&quot;&quot;,&quot;BlkioWeight&quot;:0,&quot;BlkioWeightDevice&quot;:null,&quot;BlkioDeviceReadBps&quot;:null,&quot;BlkioDeviceWriteBps&quot;:null,&quot;BlkioDeviceReadIOps&quot;:null,&quot;BlkioDeviceWriteIOps&quot;:null,&quot;CpuPeriod&quot;:0,&quot;CpuQuota&quot;:0,&quot;CpuRealtimePeriod&quot;:0,&quot;CpuRealtimeRuntime&quot;:0,&quot;CpusetCpus&quot;:&quot;&quot;,&quot;CpusetMems&quot;:&quot;&quot;,&quot;Devices&quot;:null,&quot;DeviceCgroupRules&quot;:null,&quot;DeviceRequests&quot;:null,&quot;KernelMemory&quot;:0,&quot;KernelMemoryTCP&quot;:0,&quot;MemoryReservation&quot;:0,&quot;MemorySwap&quot;:0,&quot;MemorySwappiness&quot;:null,&quot;OomKillDisable&quot;:false,&quot;PidsLimit&quot;:null,&quot;Ulimits&quot;:null,&quot;CpuCount&quot;:0,&quot;CpuPercent&quot;:0,&quot;IOMaximumIOps&quot;:0,&quot;IOMaximumBandwidth&quot;:0,&quot;MaskedPaths&quot;:[&quot;/proc/asound&quot;,&quot;/proc/acpi&quot;,&quot;/proc/kcore&quot;,&quot;/proc/keys&quot;,&quot;/proc/latency_stats&quot;,&quot;/proc/timer_list&quot;,&quot;/proc/timer_stats&quot;,&quot;/proc/sched_debug&quot;,&quot;/proc/scsi&quot;,&quot;/sys/firmware&quot;],&quot;ReadonlyPaths&quot;:[&quot;/proc/bus&quot;,&quot;/proc/fs&quot;,&quot;/proc/irq&quot;,&quot;/proc/sys&quot;,&quot;/proc/sysrq-trigger&quot;]},&quot;GraphDriver&quot;:{&quot;Data&quot;:{&quot;LowerDir&quot;:&quot;/var/lib/docker/overlay2/1fa43cd180228652a417ab4fdec30c46716818d569b1fd013c93a9fc6111e539-init/diff:/var/lib/docker/overlay2/b55ba49ce0a253837ca2f311ae89d6e2747163dfca37054daada71ac77a97d88/diff:/var/lib/docker/overlay2/84f1f4ada2daa8441cfcea481c746025190200e4b4e0cdbbc9c2e5de040b4985/diff:/var/lib/docker/overlay2/b6de60f3e8585c90976a17d31a0fe98cfbe4648dea139805da15e886bf52280e/diff&quot;,&quot;MergedDir&quot;:&quot;/var/lib/docker/overlay2/1fa43cd180228652a417ab4fdec30c46716818d569b1fd013c93a9fc6111e539/merged&quot;,&quot;UpperDir&quot;:&quot;/var/lib/docker/overlay2/1fa43cd180228652a417ab4fdec30c46716818d569b1fd013c93a9fc6111e539/diff&quot;,&quot;WorkDir&quot;:&quot;/var/lib/docker/overlay2/1fa43cd180228652a417ab4fdec30c46716818d569b1fd013c93a9fc6111e539/work&quot;},&quot;Name&quot;:&quot;overlay2&quot;},&quot;Mounts&quot;:[],&quot;Config&quot;:{&quot;Hostname&quot;:&quot;aa6f16155ec7&quot;,&quot;Domainname&quot;:&quot;&quot;,&quot;User&quot;:&quot;&quot;,&quot;AttachStdin&quot;:false,&quot;AttachStdout&quot;:false,&quot;AttachStderr&quot;:false,&quot;ExposedPorts&quot;:{&quot;8080/tcp&quot;:{}},&quot;Tty&quot;:false,&quot;OpenStdin&quot;:false,&quot;StdinOnce&quot;:false,&quot;Env&quot;:[&quot;PATH=/usr/local/sbin:/usr/local/bin:/usr/sbin:/usr/bin:/sbin:/bin&quot;,&quot;LANG=en_US.UTF-8&quot;,&quot;LANGUAGE=en_US:en&quot;,&quot;LC_ALL=en_US.UTF-8&quot;,&quot;JAVA_HOME=/usr/lib/jvm/zulu11-ca-amd64&quot;],&quot;Cmd&quot;:[&quot;java&quot;,&quot;-jar&quot;,&quot;/opt/app/menu-server.jar&quot;,&quot;--server.port=8080&quot;],&quot;Image&quot;:&quot;mailysm/menu-server:1.0.0&quot;,&quot;Volumes&quot;:null,&quot;WorkingDir&quot;:&quot;&quot;,&quot;Entrypoint&quot;:null,&quot;OnBuild&quot;:null,&quot;Labels&quot;:{&quot;org.testcontainers&quot;:&quot;true&quot;,&quot;org.testcontainers.sessionId&quot;:&quot;9146b6e3-da97-4d26-876d-8c297a218575&quot;}},&quot;NetworkSettings&quot;:{&quot;Bridge&quot;:&quot;&quot;,&quot;SandboxID&quot;:&quot;a5bc9b45fa6105192279fb81e35de55c53bc1b474e641e05963b204243c6d0fc&quot;,&quot;HairpinMode&quot;:false,&quot;LinkLocalIPv6Address&quot;:&quot;&quot;,&quot;LinkLocalIPv6PrefixLen&quot;:0,&quot;Ports&quot;:{},&quot;SandboxKey&quot;:&quot;/var/run/docker/netns/a5bc9b45fa61&quot;,&quot;SecondaryIPAddresses&quot;:null,&quot;SecondaryIPv6Addresses&quot;:null,&quot;EndpointID&quot;:&quot;&quot;,&quot;Gateway&quot;:&quot;&quot;,&quot;GlobalIPv6Address&quot;:&quot;&quot;,&quot;GlobalIPv6PrefixLen&quot;:0,&quot;IPAddress&quot;:&quot;&quot;,&quot;IPPrefixLen&quot;:0,&quot;IPv6Gateway&quot;:&quot;&quot;,&quot;MacAddress&quot;:&quot;&quot;,&quot;Networks&quot;:{&quot;bridge&quot;:{&quot;IPAMConfig&quot;:null,&quot;Links&quot;:null,&quot;Aliases&quot;:null,&quot;NetworkID&quot;:&quot;7fea8d8f25168661bbec75b303f62f73cfb20a15e4c52abad652a1b1174bf236&quot;,&quot;EndpointID&quot;:&quot;&quot;,&quot;Gateway&quot;:&quot;&quot;,&quot;IPAddress&quot;:&quot;&quot;,&quot;IPPrefixLen&quot;:0,&quot;IPv6Gateway&quot;:&quot;&quot;,&quot;GlobalIPv6Address&quot;:&quot;&quot;,&quot;GlobalIPv6PrefixLen&quot;:0,&quot;MacAddress&quot;:&quot;&quot;,&quot;DriverOpts&quot;:null}}}}[\n]&quot;
22:49:03.233 [main] DEBUG c.g.d.z.s.o.a.hc.client5.http.wire - http-outgoing-4 &lt;&lt; &quot;[\r][\n]&quot;
22:49:03.240 [main] DEBUG c.g.d.z.s.o.a.hc.client5.http.wire - http-outgoing-4 &lt;&lt; &quot;0[\r][\n]&quot;
22:49:03.240 [main] DEBUG c.g.d.z.s.o.a.hc.client5.http.wire - http-outgoing-4 &lt;&lt; &quot;[\r][\n]&quot;
22:49:03.240 [main] DEBUG c.g.d.z.s.o.a.h.client5.http.headers - http-outgoing-4 &lt;&lt; HTTP/1.1 200 OK
22:49:03.244 [main] DEBUG c.g.d.z.s.o.a.h.client5.http.headers - http-outgoing-4 &lt;&lt; Api-Version: 1.41
22:49:03.245 [main] DEBUG c.g.d.z.s.o.a.h.client5.http.headers - http-outgoing-4 &lt;&lt; Content-Type: application/json
22:49:03.245 [main] DEBUG c.g.d.z.s.o.a.h.client5.http.headers - http-outgoing-4 &lt;&lt; Docker-Experimental: false
22:49:03.245 [main] DEBUG c.g.d.z.s.o.a.h.client5.http.headers - http-outgoing-4 &lt;&lt; Ostype: linux
22:49:03.245 [main] DEBUG c.g.d.z.s.o.a.h.client5.http.headers - http-outgoing-4 &lt;&lt; Server: Docker/20.10.12 (linux)
22:49:03.245 [main] DEBUG c.g.d.z.s.o.a.h.client5.http.headers - http-outgoing-4 &lt;&lt; Date: Sun, 13 Feb 2022 21:49:03 GMT
22:49:03.245 [main] DEBUG c.g.d.z.s.o.a.h.client5.http.headers - http-outgoing-4 &lt;&lt; Transfer-Encoding: chunked
22:49:03.246 [main] DEBUG c.g.d.z.s.o.a.h.c.h.i.c.MainClientExec - ex-00000020: connection can be kept alive for 3 MINUTES
22:49:03.248 [main] DEBUG c.g.d.z.s.o.a.h.c.h.i.c.InternalHttpClient - ep-0000001F: releasing valid endpoint
22:49:03.276 [main] DEBUG c.g.d.z.s.o.a.h.c.h.i.i.PoolingHttpClientConnectionManager - ep-0000001F: releasing endpoint
22:49:03.278 [main] DEBUG c.g.d.z.s.o.a.h.c.h.i.i.PoolingHttpClientConnectionManager - ep-0000001F: connection http-outgoing-4 can be kept alive for 3 MINUTES
22:49:03.280 [main] DEBUG c.g.d.z.s.o.a.h.c.h.i.i.PoolingHttpClientConnectionManager - ep-0000001F: connection released [route: {}-&gt;unix://localhost:2375][total available: 1; route allocated: 1 of 2147483647; total allocated: 1 of 2147483647]
22:49:03.281 [main] DEBUG o.t.s.c.g.d.c.command.AbstrDockerCmd - Cmd: aa6f16155ec7bc5f538d4a7724907940507d1503be109380040678518e6b5789,true,true
22:49:03.283 [main] DEBUG c.g.d.z.s.o.a.h.c.h.i.c.InternalHttpClient - ex-00000021: preparing request execution
22:49:03.286 [main] DEBUG c.g.d.z.s.o.a.h.c.h.p.RequestAddCookies - Cookie spec selected: strict
22:49:03.292 [main] DEBUG c.g.d.z.s.o.a.h.c.h.p.RequestAuthCache - Auth cache not set in the context
22:49:03.292 [main] DEBUG c.g.d.z.s.o.a.h.c.h.i.c.ProtocolExec - ex-00000021: target auth state: UNCHALLENGED
22:49:03.292 [main] DEBUG c.g.d.z.s.o.a.h.c.h.i.c.ProtocolExec - ex-00000021: proxy auth state: UNCHALLENGED
22:49:03.292 [main] DEBUG c.g.d.z.s.o.a.h.c.h.i.c.ConnectExec - ex-00000021: acquiring connection with route {}-&gt;unix://localhost:2375
22:49:03.292 [main] DEBUG c.g.d.z.s.o.a.h.c.h.i.c.InternalHttpClient - ex-00000021: acquiring endpoint (3 MINUTES)
22:49:03.292 [main] DEBUG c.g.d.z.s.o.a.h.c.h.i.i.PoolingHttpClientConnectionManager - ex-00000021: endpoint lease request (3 MINUTES) [route: {}-&gt;unix://localhost:2375][total available: 1; route allocated: 1 of 2147483647; total allocated: 1 of 2147483647]
22:49:03.302 [main] DEBUG c.g.d.z.s.o.a.h.c.h.i.i.PoolingHttpClientConnectionManager - ex-00000021: endpoint leased [route: {}-&gt;unix://localhost:2375][total available: 0; route allocated: 1 of 2147483647; total allocated: 1 of 2147483647]
22:49:03.303 [main] DEBUG c.g.d.z.s.o.a.h.c.h.i.i.PoolingHttpClientConnectionManager - ex-00000021: acquired ep-00000020
22:49:03.303 [main] DEBUG c.g.d.z.s.o.a.h.c.h.i.c.InternalHttpClient - ex-00000021: acquired endpoint ep-00000020
22:49:03.303 [main] DEBUG c.g.d.z.s.o.a.h.c.h.i.c.MainClientExec - ex-00000021: executing DELETE /v1.32/containers/aa6f16155ec7bc5f538d4a7724907940507d1503be109380040678518e6b5789?v=true&amp;force=true HTTP/1.1
22:49:03.303 [main] DEBUG c.g.d.z.s.o.a.h.c.h.i.c.InternalHttpClient - ep-00000020: start execution ex-00000021
22:49:03.303 [main] DEBUG c.g.d.z.s.o.a.h.c.h.i.i.PoolingHttpClientConnectionManager - ep-00000020: executing exchange ex-00000021 over http-outgoing-4
22:49:03.303 [main] DEBUG c.g.d.z.s.o.a.h.client5.http.headers - http-outgoing-4 &gt;&gt; DELETE /v1.32/containers/aa6f16155ec7bc5f538d4a7724907940507d1503be109380040678518e6b5789?v=true&amp;force=true HTTP/1.1
22:49:03.303 [main] DEBUG c.g.d.z.s.o.a.h.client5.http.headers - http-outgoing-4 &gt;&gt; accept: application/json
22:49:03.304 [main] DEBUG c.g.d.z.s.o.a.h.client5.http.headers - http-outgoing-4 &gt;&gt; Accept-Encoding: gzip, x-gzip, deflate
22:49:03.305 [main] DEBUG c.g.d.z.s.o.a.h.client5.http.headers - http-outgoing-4 &gt;&gt; Host: localhost:2375
22:49:03.305 [main] DEBUG c.g.d.z.s.o.a.h.client5.http.headers - http-outgoing-4 &gt;&gt; Connection: keep-alive
22:49:03.305 [main] DEBUG c.g.d.z.s.o.a.h.client5.http.headers - http-outgoing-4 &gt;&gt; User-Agent: Apache-HttpClient/5.0.3 (Java/11.0.13)
22:49:03.306 [main] DEBUG c.g.d.z.s.o.a.hc.client5.http.wire - http-outgoing-4 &gt;&gt; &quot;DELETE /v1.32/containers/aa6f16155ec7bc5f538d4a7724907940507d1503be109380040678518e6b5789?v=true&amp;force=true HTTP/1.1[\r][\n]&quot;
22:49:03.306 [main] DEBUG c.g.d.z.s.o.a.hc.client5.http.wire - http-outgoing-4 &gt;&gt; &quot;accept: application/json[\r][\n]&quot;
22:49:03.306 [main] DEBUG c.g.d.z.s.o.a.hc.client5.http.wire - http-outgoing-4 &gt;&gt; &quot;Accept-Encoding: gzip, x-gzip, deflate[\r][\n]&quot;
22:49:03.306 [main] DEBUG c.g.d.z.s.o.a.hc.client5.http.wire - http-outgoing-4 &gt;&gt; &quot;Host: localhost:2375[\r][\n]&quot;
22:49:03.306 [main] DEBUG c.g.d.z.s.o.a.hc.client5.http.wire - http-outgoing-4 &gt;&gt; &quot;Connection: keep-alive[\r][\n]&quot;
22:49:03.306 [main] DEBUG c.g.d.z.s.o.a.hc.client5.http.wire - http-outgoing-4 &gt;&gt; &quot;User-Agent: Apache-HttpClient/5.0.3 (Java/11.0.13)[\r][\n]&quot;
22:49:03.316 [main] DEBUG c.g.d.z.s.o.a.hc.client5.http.wire - http-outgoing-4 &gt;&gt; &quot;[\r][\n]&quot;
22:49:03.333 [main] DEBUG c.g.d.z.s.o.a.hc.client5.http.wire - http-outgoing-4 &lt;&lt; &quot;HTTP/1.1 204 No Content[\r][\n]&quot;
22:49:03.333 [main] DEBUG c.g.d.z.s.o.a.hc.client5.http.wire - http-outgoing-4 &lt;&lt; &quot;Api-Version: 1.41[\r][\n]&quot;
22:49:03.333 [main] DEBUG c.g.d.z.s.o.a.hc.client5.http.wire - http-outgoing-4 &lt;&lt; &quot;Docker-Experimental: false[\r][\n]&quot;
22:49:03.333 [main] DEBUG c.g.d.z.s.o.a.hc.client5.http.wire - http-outgoing-4 &lt;&lt; &quot;Ostype: linux[\r][\n]&quot;
22:49:03.333 [main] DEBUG c.g.d.z.s.o.a.hc.client5.http.wire - http-outgoing-4 &lt;&lt; &quot;Server: Docker/20.10.12 (linux)[\r][\n]&quot;
22:49:03.333 [main] DEBUG c.g.d.z.s.o.a.hc.client5.http.wire - http-outgoing-4 &lt;&lt; &quot;Date: Sun, 13 Feb 2022 21:49:03 GMT[\r][\n]&quot;
22:49:03.333 [main] DEBUG c.g.d.z.s.o.a.hc.client5.http.wire - http-outgoing-4 &lt;&lt; &quot;[\r][\n]&quot;
22:49:03.333 [main] DEBUG c.g.d.z.s.o.a.h.client5.http.headers - http-outgoing-4 &lt;&lt; HTTP/1.1 204 No Content
22:49:03.333 [main] DEBUG c.g.d.z.s.o.a.h.client5.http.headers - http-outgoing-4 &lt;&lt; Api-Version: 1.41
22:49:03.333 [main] DEBUG c.g.d.z.s.o.a.h.client5.http.headers - http-outgoing-4 &lt;&lt; Docker-Experimental: false
22:49:03.333 [main] DEBUG c.g.d.z.s.o.a.h.client5.http.headers - http-outgoing-4 &lt;&lt; Ostype: linux
22:49:03.333 [main] DEBUG c.g.d.z.s.o.a.h.client5.http.headers - http-outgoing-4 &lt;&lt; Server: Docker/20.10.12 (linux)
22:49:03.333 [main] DEBUG c.g.d.z.s.o.a.h.client5.http.headers - http-outgoing-4 &lt;&lt; Date: Sun, 13 Feb 2022 21:49:03 GMT
22:49:03.334 [main] DEBUG c.g.d.z.s.o.a.h.c.h.i.c.MainClientExec - ex-00000021: connection can be kept alive for 3 MINUTES
22:49:03.334 [main] DEBUG c.g.d.z.s.o.a.h.c.h.i.c.InternalHttpClient - ep-00000020: releasing valid endpoint
22:49:03.334 [main] DEBUG c.g.d.z.s.o.a.h.c.h.i.i.PoolingHttpClientConnectionManager - ep-00000020: releasing endpoint
22:49:03.334 [main] DEBUG c.g.d.z.s.o.a.h.c.h.i.i.PoolingHttpClientConnectionManager - ep-00000020: connection http-outgoing-4 can be kept alive for 3 MINUTES
22:49:03.334 [main] DEBUG c.g.d.z.s.o.a.h.c.h.i.i.PoolingHttpClientConnectionManager - ep-00000020: connection released [route: {}-&gt;unix://localhost:2375][total available: 1; route allocated: 1 of 2147483647; total allocated: 1 of 2147483647]
22:49:03.334 [main] DEBUG o.t.utility.ResourceReaper - Removed container and associated volume(s): mailysm/menu-server:1.0.0
</system-out>
  </testcase>
</testsuite>